============================= test session starts ==============================
platform linux -- Python 3.12.11, pytest-8.4.2, pluggy-1.6.0
benchmark: 5.1.0 (defaults: timer=time.perf_counter disable_gc=False min_rounds=5 min_time=0.000005 max_time=1.0 calibration_precision=10 warmup=False warmup_iterations=100000)
rootdir: /workspaces/pure3270
configfile: pyproject.toml
testpaths: tests, examples, quick_test.py, test_*.py
plugins: timeout-2.4.0, benchmark-5.1.0, asyncio-1.2.0, hypothesis-6.142.1, cov-7.0.0
timeout: 30.0s
timeout method: thread
timeout func_only: False
asyncio: mode=Mode.STRICT, debug=False, asyncio_default_fixture_loop_scope=None, asyncio_default_test_loop_scope=function

----------------------------- live log collection ------------------------------
INFO     tests.test_x3270_compatibility_utils:test_x3270_compatibility_utils.py:181 Parsed 173 events from /workspaces/pure3270/tests/data/traces/devname_success.trc
INFO     tests.test_x3270_compatibility_utils:test_x3270_compatibility_utils.py:181 Parsed 240 events from /workspaces/pure3270/tests/data/traces/tn3270e-renegotiate.trc
INFO     tests.test_x3270_compatibility_utils:test_x3270_compatibility_utils.py:181 Parsed 120 events from /workspaces/pure3270/tests/data/traces/wont-tn3270e.trc
INFO     tests.test_x3270_compatibility_utils:test_x3270_compatibility_utils.py:181 Parsed 205 events from /workspaces/pure3270/tests/data/traces/devname_failure.trc
INFO     tests.test_x3270_compatibility_utils:test_x3270_compatibility_utils.py:181 Parsed 652 events from /workspaces/pure3270/tests/data/traces/ft_cut.trc
INFO     tests.test_x3270_compatibility_utils:test_x3270_compatibility_utils.py:181 Parsed 779 events from /workspaces/pure3270/tests/data/traces/bid-bug.trc
INFO     tests.test_x3270_compatibility_utils:test_x3270_compatibility_utils.py:181 Parsed 160 events from /workspaces/pure3270/tests/data/traces/login.trc
INFO     tests.test_x3270_compatibility_utils:test_x3270_compatibility_utils.py:181 Parsed 0 events from /workspaces/pure3270/tests/data/traces/930.trc
INFO     tests.test_x3270_compatibility_utils:test_x3270_compatibility_utils.py:181 Parsed 0 events from /workspaces/pure3270/tests/data/traces/935.trc
INFO     tests.test_x3270_compatibility_utils:test_x3270_compatibility_utils.py:181 Parsed 0 events from /workspaces/pure3270/tests/data/traces/937.trc
INFO     tests.test_x3270_compatibility_utils:test_x3270_compatibility_utils.py:181 Parsed 0 events from /workspaces/pure3270/tests/data/traces/all_chars.trc
INFO     tests.test_x3270_compatibility_utils:test_x3270_compatibility_utils.py:181 Parsed 0 events from /workspaces/pure3270/tests/data/traces/apl.trc
INFO     tests.test_x3270_compatibility_utils:test_x3270_compatibility_utils.py:181 Parsed 14 events from /workspaces/pure3270/tests/data/traces/bid-ta.trc
INFO     tests.test_x3270_compatibility_utils:test_x3270_compatibility_utils.py:181 Parsed 296 events from /workspaces/pure3270/tests/data/traces/bid.trc
INFO     tests.test_x3270_compatibility_utils:test_x3270_compatibility_utils.py:181 Parsed 2585 events from /workspaces/pure3270/tests/data/traces/contention-resolution.trc
INFO     tests.test_x3270_compatibility_utils:test_x3270_compatibility_utils.py:181 Parsed 1150 events from /workspaces/pure3270/tests/data/traces/dbcs-wrap.trc
INFO     tests.test_x3270_compatibility_utils:test_x3270_compatibility_utils.py:181 Parsed 175 events from /workspaces/pure3270/tests/data/traces/devname_change1.trc
INFO     tests.test_x3270_compatibility_utils:test_x3270_compatibility_utils.py:181 Parsed 239 events from /workspaces/pure3270/tests/data/traces/devname_change2.trc
INFO     tests.test_x3270_compatibility_utils:test_x3270_compatibility_utils.py:181 Parsed 4 events from /workspaces/pure3270/tests/data/traces/elfDefault.trc
INFO     tests.test_x3270_compatibility_utils:test_x3270_compatibility_utils.py:181 Parsed 4 events from /workspaces/pure3270/tests/data/traces/elf.trc
INFO     tests.test_x3270_compatibility_utils:test_x3270_compatibility_utils.py:181 Parsed 4 events from /workspaces/pure3270/tests/data/traces/empty-user.trc
INFO     tests.test_x3270_compatibility_utils:test_x3270_compatibility_utils.py:181 Parsed 1227 events from /workspaces/pure3270/tests/data/traces/ft-crash.trc
INFO     tests.test_x3270_compatibility_utils:test_x3270_compatibility_utils.py:181 Parsed 652 events from /workspaces/pure3270/tests/data/traces/ft_cut_ewa.trc
INFO     tests.test_x3270_compatibility_utils:test_x3270_compatibility_utils.py:181 Parsed 192 events from /workspaces/pure3270/tests/data/traces/ft_dft.trc
INFO     tests.test_x3270_compatibility_utils:test_x3270_compatibility_utils.py:181 Parsed 1195 events from /workspaces/pure3270/tests/data/traces/ft-double.trc
INFO     tests.test_x3270_compatibility_utils:test_x3270_compatibility_utils.py:181 Parsed 226 events from /workspaces/pure3270/tests/data/traces/ibmlink-cr.trc
INFO     tests.test_x3270_compatibility_utils:test_x3270_compatibility_utils.py:181 Parsed 400 events from /workspaces/pure3270/tests/data/traces/ibmlink_help.trc
INFO     tests.test_x3270_compatibility_utils:test_x3270_compatibility_utils.py:181 Parsed 226 events from /workspaces/pure3270/tests/data/traces/ibmlink.trc
INFO     tests.test_x3270_compatibility_utils:test_x3270_compatibility_utils.py:181 Parsed 254 events from /workspaces/pure3270/tests/data/traces/korean.trc
INFO     tests.test_x3270_compatibility_utils:test_x3270_compatibility_utils.py:181 Parsed 143 events from /workspaces/pure3270/tests/data/traces/lu.trc
INFO     tests.test_x3270_compatibility_utils:test_x3270_compatibility_utils.py:181 Parsed 272 events from /workspaces/pure3270/tests/data/traces/no_bid.trc
INFO     tests.test_x3270_compatibility_utils:test_x3270_compatibility_utils.py:181 Parsed 0 events from /workspaces/pure3270/tests/data/traces/numeric.trc
INFO     tests.test_x3270_compatibility_utils:test_x3270_compatibility_utils.py:181 Parsed 120 events from /workspaces/pure3270/tests/data/traces/nvt-data.trc
INFO     tests.test_x3270_compatibility_utils:test_x3270_compatibility_utils.py:181 Parsed 0 events from /workspaces/pure3270/tests/data/traces/ra_test.trc
INFO     tests.test_x3270_compatibility_utils:test_x3270_compatibility_utils.py:181 Parsed 0 events from /workspaces/pure3270/tests/data/traces/rpqnames.trc
INFO     tests.test_x3270_compatibility_utils:test_x3270_compatibility_utils.py:181 Parsed 0 events from /workspaces/pure3270/tests/data/traces/sruvm.trc
INFO     tests.test_x3270_compatibility_utils:test_x3270_compatibility_utils.py:181 Parsed 130 events from /workspaces/pure3270/tests/data/traces/sscp-lu-data.trc
INFO     tests.test_x3270_compatibility_utils:test_x3270_compatibility_utils.py:181 Parsed 1245 events from /workspaces/pure3270/tests/data/traces/sscp-lu.trc
INFO     tests.test_x3270_compatibility_utils:test_x3270_compatibility_utils.py:181 Parsed 142 events from /workspaces/pure3270/tests/data/traces/target.trc
INFO     tests.test_x3270_compatibility_utils:test_x3270_compatibility_utils.py:181 Parsed 0 events from /workspaces/pure3270/tests/data/traces/wrap_field.trc
INFO     tests.test_x3270_compatibility_utils:test_x3270_compatibility_utils.py:181 Parsed 161 events from /workspaces/pure3270/tests/data/traces/wrap.trc
INFO     tests.test_x3270_compatibility_utils:test_x3270_compatibility_utils.py:112 Parsed 0 x3270 text events from /workspaces/pure3270/tests/data/traces/short.bin
collected 1113 items / 1 skipped

tests/property/test_data_stream_properties.py::TestDataStreamProperties::test_no_unhandled_exception_on_any_input
-------------------------------- live log call ---------------------------------
WARNING  pure3270.protocol.data_stream:data_stream.py:948 Data integrity validation failed for data type 00
WARNING  pure3270.protocol.data_stream:logging_utils.py:60 RMF stub: Repeat 14 times 0xa2 in current field
WARNING  pure3270.protocol.data_stream:logging_utils.py:60 GE stub: Insert graphic 0x4e
WARNING  pure3270.protocol.data_stream:data_stream.py:1165 Parse error during data stream processing: Incomplete SF order at position 1
WARNING  pure3270.protocol.data_stream:data_stream.py:1165 Parse error during data stream processing: Incomplete Light Pen AID sequence
WARNING  pure3270.protocol.data_stream:logging_utils.py:60 GE stub: Insert graphic 0x6c
WARNING  pure3270.protocol.data_stream:data_stream.py:948 Data integrity validation failed for data type 00
WARNING  pure3270.protocol.data_stream:data_stream.py:2315 SOH standard status 0x02 but no printer buffer available
INFO     pure3270.protocol.data_stream:data_stream.py:2291 SOH Intervention Required: 0xb2
WARNING  pure3270.protocol.data_stream:data_stream.py:2295 SOH Intervention Required 0xb2 but no printer buffer available
WARNING  pure3270.protocol.data_stream:logging_utils.py:60 Incomplete RA order: need 3 bytes
WARNING  pure3270.protocol.data_stream:data_stream.py:2315 SOH standard status 0x00 but no printer buffer available
WARNING  pure3270.protocol.data_stream:data_stream.py:948 Data integrity validation failed for data type 00
WARNING  pure3270.emulation.addressing:addressing.py:90 Invalid address 4186 for mode AddressingMode.MODE_12_BIT
WARNING  pure3270.protocol.data_stream:data_stream.py:1418 Invalid RA target address 105a for 12-bit mode
PASSED                                                                   [  0%]
tests/property/test_data_stream_properties.py::TestDataStreamProperties::test_position_advances_progressively
-------------------------------- live log call ---------------------------------
WARNING  pure3270.protocol.data_stream:data_stream.py:948 Data integrity validation failed for data type 00
WARNING  pure3270.protocol.data_stream:logging_utils.py:60 Incomplete GE order: need 1 bytes
WARNING  pure3270.protocol.data_stream:data_stream.py:1165 Parse error during data stream processing: Incomplete Light Pen AID sequence
WARNING  pure3270.emulation.field_attributes:field_attributes.py:168 Setting raw attribute for type 'outlining': <class 'int'>
WARNING  pure3270.protocol.data_stream:logging_utils.py:60 RMF stub: Repeat 238 times 0xf7 in current field
WARNING  pure3270.protocol.data_stream:data_stream.py:1165 Parse error during data stream processing: Incomplete SF order at position 2
WARNING  pure3270.protocol.data_stream:logging_utils.py:60 Incomplete RA order: need 3 bytes
WARNING  pure3270.protocol.data_stream:data_stream.py:948 Data integrity validation failed for data type 00
WARNING  pure3270.protocol.data_stream:logging_utils.py:60 GE stub: Insert graphic 0x46
WARNING  pure3270.protocol.data_stream:data_stream.py:1165 Parse error during data stream processing: Incomplete Light Pen AID sequence
WARNING  pure3270.protocol.data_stream:logging_utils.py:60 GE stub: Insert graphic 0x0b
WARNING  pure3270.protocol.data_stream:data_stream.py:1165 Parse error during data stream processing: Overflow
WARNING  pure3270.protocol.data_stream:data_stream.py:948 Data integrity validation failed for data type 00
WARNING  pure3270.protocol.data_stream:data_stream.py:2315 SOH standard status 0x02 but no printer buffer available
WARNING  pure3270.protocol.data_stream:logging_utils.py:60 RMF stub: Repeat 165 times 0xd1 in current field
WARNING  pure3270.protocol.data_stream:logging_utils.py:60 GE stub: Insert graphic 0x75
WARNING  pure3270.protocol.data_stream:logging_utils.py:60 RMF stub: Repeat 69 times 0xab in current field
WARNING  pure3270.protocol.data_stream:logging_utils.py:60 Incomplete RA order: need 3 bytes
WARNING  pure3270.protocol.data_stream:logging_utils.py:60 GE stub: Insert graphic 0x79
PASSED                                                                   [  0%]
tests/property/test_data_stream_properties.py::TestDataStreamProperties::test_valid_sba_sets_position PASSED [  0%]
tests/property/test_data_stream_properties.py::TestDataStreamProperties::test_valid_sba_14bit_sets_position PASSED [  0%]
tests/property/test_data_stream_properties.py::TestDataStreamProperties::test_valid_sf_sets_attribute SKIPPED [  0%]
tests/property/test_data_stream_properties.py::TestDataStreamProperties::test_extended_attributes_are_applied_to_fields PASSED [  0%]
tests/property/test_data_stream_properties.py::TestDataStreamProperties::test_wcc_handling PASSED [  0%]
tests/property/test_data_stream_properties.py::TestDataStreamProperties::test_structured_field_skipped_on_unknown
-------------------------------- live log call ---------------------------------
WARNING  pure3270.protocol.data_stream:data_stream.py:1795 Structured field data truncated
WARNING  pure3270.protocol.data_stream:data_stream.py:1847 Unknown structured field type 0x00, data length 0, skipping
WARNING  pure3270.protocol.data_stream:data_stream.py:1795 Structured field data truncated
WARNING  pure3270.protocol.data_stream:data_stream.py:1847 Unknown structured field type 0x00, data length 0, skipping
WARNING  pure3270.protocol.data_stream:data_stream.py:1795 Structured field data truncated
WARNING  pure3270.protocol.data_stream:data_stream.py:1847 Unknown structured field type 0x00, data length 4, skipping
WARNING  pure3270.protocol.data_stream:data_stream.py:1795 Structured field data truncated
WARNING  pure3270.protocol.data_stream:data_stream.py:1847 Unknown structured field type 0x00, data length 0, skipping
WARNING  pure3270.protocol.data_stream:data_stream.py:1795 Structured field data truncated
WARNING  pure3270.protocol.data_stream:data_stream.py:1795 Structured field data truncated
WARNING  pure3270.protocol.data_stream:data_stream.py:1847 Unknown structured field type 0x00, data length 0, skipping
WARNING  pure3270.protocol.data_stream:data_stream.py:1795 Structured field data truncated
WARNING  pure3270.protocol.data_stream:data_stream.py:1847 Unknown structured field type 0x84, data length 0, skipping
WARNING  pure3270.protocol.data_stream:data_stream.py:1795 Structured field data truncated
WARNING  pure3270.protocol.data_stream:data_stream.py:1847 Unknown structured field type 0xdf, data length 6, skipping
WARNING  pure3270.protocol.data_stream:data_stream.py:1795 Structured field data truncated
WARNING  pure3270.protocol.data_stream:data_stream.py:1847 Unknown structured field type 0x0e, data length 0, skipping
WARNING  pure3270.protocol.data_stream:data_stream.py:1795 Structured field data truncated
WARNING  pure3270.protocol.data_stream:data_stream.py:1847 Unknown structured field type 0xf5, data length 5, skipping
WARNING  pure3270.protocol.data_stream:data_stream.py:1795 Structured field data truncated
WARNING  pure3270.protocol.data_stream:data_stream.py:1847 Unknown structured field type 0xd2, data length 2, skipping
WARNING  pure3270.protocol.data_stream:data_stream.py:1795 Structured field data truncated
WARNING  pure3270.protocol.data_stream:data_stream.py:1847 Unknown structured field type 0xd2, data length 2, skipping
WARNING  pure3270.protocol.data_stream:data_stream.py:1795 Structured field data truncated
ERROR    pure3270.protocol.data_stream:data_stream.py:1814 Structured field validation error: Validation error for type 0x01: Unexpected end of data stream
ERROR    pure3270.protocol.data_stream:data_stream.py:1821 Skipping invalid structured field type 0x01
WARNING  pure3270.protocol.data_stream:data_stream.py:1795 Structured field data truncated
WARNING  pure3270.protocol.data_stream:data_stream.py:1847 Unknown structured field type 0x34, data length 5, skipping
WARNING  pure3270.protocol.data_stream:data_stream.py:1795 Structured field data truncated
WARNING  pure3270.protocol.data_stream:data_stream.py:1847 Unknown structured field type 0x34, data length 5, skipping
WARNING  pure3270.protocol.data_stream:data_stream.py:1795 Structured field data truncated
WARNING  pure3270.protocol.data_stream:data_stream.py:1795 Structured field data truncated
WARNING  pure3270.protocol.data_stream:data_stream.py:1847 Unknown structured field type 0x38, data length 13, skipping
WARNING  pure3270.protocol.data_stream:data_stream.py:1795 Structured field data truncated
ERROR    pure3270.protocol.data_stream:data_stream.py:1814 Structured field validation error: Validation error for type 0x03: Insufficient data for fixed length read
WARNING  pure3270.protocol.data_stream:data_stream.py:2338 Expected BIND-IMAGE type 0x03, got 0xd4
WARNING  pure3270.protocol.data_stream:data_stream.py:1795 Structured field data truncated
WARNING  pure3270.protocol.data_stream:data_stream.py:1847 Unknown structured field type 0x67, data length 0, skipping
WARNING  pure3270.protocol.data_stream:data_stream.py:1795 Structured field data truncated
WARNING  pure3270.protocol.data_stream:data_stream.py:1898 Printer Status SF data too short
WARNING  pure3270.protocol.data_stream:data_stream.py:1795 Structured field data truncated
WARNING  pure3270.protocol.data_stream:data_stream.py:1847 Unknown structured field type 0x58, data length 2, skipping
WARNING  pure3270.protocol.data_stream:data_stream.py:1795 Structured field data truncated
WARNING  pure3270.protocol.data_stream:data_stream.py:1847 Unknown structured field type 0x09, data length 2, skipping
WARNING  pure3270.protocol.data_stream:data_stream.py:1795 Structured field data truncated
WARNING  pure3270.protocol.data_stream:data_stream.py:1847 Unknown structured field type 0x10, data length 17, skipping
WARNING  pure3270.protocol.data_stream:data_stream.py:1795 Structured field data truncated
WARNING  pure3270.protocol.data_stream:data_stream.py:1847 Unknown structured field type 0x10, data length 17, skipping
WARNING  pure3270.protocol.data_stream:data_stream.py:1795 Structured field data truncated
WARNING  pure3270.protocol.data_stream:data_stream.py:1795 Structured field data truncated
WARNING  pure3270.protocol.data_stream:data_stream.py:1847 Unknown structured field type 0x70, data length 12, skipping
WARNING  pure3270.protocol.data_stream:data_stream.py:1795 Structured field data truncated
WARNING  pure3270.protocol.data_stream:data_stream.py:1847 Unknown structured field type 0x04, data length 12, skipping
WARNING  pure3270.protocol.data_stream:data_stream.py:1795 Structured field data truncated
WARNING  pure3270.protocol.data_stream:data_stream.py:1847 Unknown structured field type 0x1e, data length 14, skipping
WARNING  pure3270.protocol.data_stream:data_stream.py:1795 Structured field data truncated
WARNING  pure3270.protocol.data_stream:data_stream.py:1847 Unknown structured field type 0x1e, data length 14, skipping
WARNING  pure3270.protocol.data_stream:data_stream.py:1795 Structured field data truncated
WARNING  pure3270.protocol.data_stream:data_stream.py:1795 Structured field data truncated
WARNING  pure3270.protocol.data_stream:data_stream.py:1847 Unknown structured field type 0x9f, data length 6, skipping
WARNING  pure3270.protocol.data_stream:data_stream.py:1795 Structured field data truncated
WARNING  pure3270.protocol.data_stream:data_stream.py:1847 Unknown structured field type 0x9f, data length 6, skipping
WARNING  pure3270.protocol.data_stream:data_stream.py:1795 Structured field data truncated
WARNING  pure3270.protocol.data_stream:data_stream.py:1795 Structured field data truncated
WARNING  pure3270.protocol.data_stream:data_stream.py:1847 Unknown structured field type 0x62, data length 0, skipping
WARNING  pure3270.protocol.data_stream:data_stream.py:1795 Structured field data truncated
WARNING  pure3270.protocol.data_stream:data_stream.py:1847 Unknown structured field type 0x62, data length 0, skipping
WARNING  pure3270.protocol.data_stream:data_stream.py:1795 Structured field data truncated
ERROR    pure3270.protocol.data_stream:data_stream.py:1814 Structured field validation error: SNA response data too short
ERROR    pure3270.protocol.data_stream:data_stream.py:1821 Skipping invalid structured field type 0x01
WARNING  pure3270.protocol.data_stream:data_stream.py:1795 Structured field data truncated
WARNING  pure3270.protocol.data_stream:data_stream.py:1847 Unknown structured field type 0xff, data length 2, skipping
WARNING  pure3270.protocol.data_stream:data_stream.py:1795 Structured field data truncated
WARNING  pure3270.protocol.data_stream:data_stream.py:1847 Unknown structured field type 0x08, data length 2, skipping
WARNING  pure3270.protocol.data_stream:data_stream.py:1795 Structured field data truncated
WARNING  pure3270.protocol.data_stream:data_stream.py:1847 Unknown structured field type 0x27, data length 2, skipping
WARNING  pure3270.protocol.data_stream:data_stream.py:1795 Structured field data truncated
WARNING  pure3270.protocol.data_stream:data_stream.py:1847 Unknown structured field type 0x27, data length 2, skipping
WARNING  pure3270.protocol.data_stream:data_stream.py:1795 Structured field data truncated
ERROR    pure3270.protocol.data_stream:data_stream.py:1814 Structured field validation error: Validation error for type 0x01: Unexpected end of data stream
ERROR    pure3270.protocol.data_stream:data_stream.py:1821 Skipping invalid structured field type 0x01
WARNING  pure3270.protocol.data_stream:data_stream.py:1795 Structured field data truncated
WARNING  pure3270.protocol.data_stream:data_stream.py:1847 Unknown structured field type 0xff, data length 7, skipping
WARNING  pure3270.protocol.data_stream:data_stream.py:1795 Structured field data truncated
WARNING  pure3270.protocol.data_stream:data_stream.py:1847 Unknown structured field type 0x09, data length 7, skipping
WARNING  pure3270.protocol.data_stream:data_stream.py:1795 Structured field data truncated
WARNING  pure3270.protocol.data_stream:data_stream.py:1847 Unknown structured field type 0xf2, data length 5, skipping
WARNING  pure3270.protocol.data_stream:data_stream.py:1795 Structured field data truncated
WARNING  pure3270.protocol.data_stream:data_stream.py:1795 Structured field data truncated
WARNING  pure3270.protocol.data_stream:data_stream.py:1847 Unknown structured field type 0x8d, data length 4, skipping
WARNING  pure3270.protocol.data_stream:data_stream.py:1795 Structured field data truncated
WARNING  pure3270.protocol.data_stream:data_stream.py:1847 Unknown structured field type 0x8d, data length 4, skipping
WARNING  pure3270.protocol.data_stream:data_stream.py:1795 Structured field data truncated
WARNING  pure3270.protocol.data_stream:data_stream.py:1795 Structured field data truncated
WARNING  pure3270.protocol.data_stream:data_stream.py:1847 Unknown structured field type 0xa0, data length 8, skipping
WARNING  pure3270.protocol.data_stream:data_stream.py:1795 Structured field data truncated
PASSED                                                                   [  0%]
tests/property/test_data_stream_properties.py::TestDataStreamProperties::test_malformed_input_no_overflow
-------------------------------- live log call ---------------------------------
WARNING  pure3270.protocol.data_stream:data_stream.py:948 Data integrity validation failed for data type 00
WARNING  pure3270.protocol.data_stream:logging_utils.py:60 GE stub: Insert graphic 0xb5
WARNING  pure3270.emulation.field_attributes:field_attributes.py:168 Setting raw attribute for type 'color': <class 'int'>
WARNING  pure3270.emulation.field_attributes:field_attributes.py:168 Setting raw attribute for type 'outlining': <class 'int'>
WARNING  pure3270.emulation.addressing:addressing.py:90 Invalid address 31516 for mode AddressingMode.MODE_12_BIT
WARNING  pure3270.protocol.data_stream:data_stream.py:1418 Invalid RA target address 7b1c for 12-bit mode
WARNING  pure3270.protocol.data_stream:logging_utils.py:60 RMF stub: Repeat 61 times 0x6f in current field
INFO     pure3270.protocol.data_stream:data_stream.py:2291 SOH Intervention Required: 0xfb
WARNING  pure3270.protocol.data_stream:data_stream.py:2295 SOH Intervention Required 0xfb but no printer buffer available
WARNING  pure3270.protocol.data_stream:logging_utils.py:60 GE stub: Insert graphic 0x44
WARNING  pure3270.protocol.data_stream:logging_utils.py:60 RMF stub: Repeat 171 times 0x6a in current field
WARNING  pure3270.protocol.data_stream:logging_utils.py:60 GE stub: Insert graphic 0x35
WARNING  pure3270.emulation.addressing:addressing.py:90 Invalid address 6137 for mode AddressingMode.MODE_12_BIT
WARNING  pure3270.protocol.data_stream:data_stream.py:1418 Invalid RA target address 17f9 for 12-bit mode
WARNING  pure3270.protocol.data_stream:data_stream.py:1165 Parse error during data stream processing: Incomplete Light Pen AID sequence
WARNING  pure3270.protocol.data_stream:data_stream.py:1515 Incomplete SCS order
PASSED                                                                   [  0%]
tests/property/test_screen_buffer_properties.py::TestScreenBufferProperties::test_write_char_within_bounds PASSED [  0%]
tests/property/test_screen_buffer_properties.py::TestScreenBufferProperties::test_write_char_out_of_bounds_no_crash PASSED [  0%]
tests/property/test_screen_buffer_properties.py::TestScreenBufferProperties::test_multiple_writes_maintain_invariants PASSED [  1%]
tests/property/test_screen_buffer_properties.py::TestScreenBufferProperties::test_field_detection_after_update PASSED [  1%]
tests/property/test_screen_buffer_properties.py::TestScreenBufferProperties::test_cursor_position_bounds PASSED [  1%]
tests/property/test_screen_buffer_properties.py::TestScreenBufferProperties::test_roundtrip_content PASSED [  1%]
tests/property/test_screen_buffer_properties.py::TestScreenBufferProperties::test_repeat_attribute_no_overflow PASSED [  1%]
tests/test_14bit_addressing_integration.py::Test14BitAddressingEndToEndWorkflow::test_negotiation_to_data_parsing_pipeline
-------------------------------- live log call ---------------------------------
WARNING  pure3270.protocol.addressing_negotiation:addressing_negotiation.py:138 Unknown addressing capability: CONNECT
INFO     pure3270.protocol.addressing_negotiation:addressing_negotiation.py:175 Negotiated 14-bit addressing mode
PASSED                                                                   [  1%]
tests/test_14bit_addressing_integration.py::Test14BitAddressingEndToEndWorkflow::test_large_screen_operations_workflow PASSED [  1%]
tests/test_14bit_addressing_integration.py::Test14BitAddressingEndToEndWorkflow::test_mixed_addressing_mode_operations PASSED [  1%]
tests/test_14bit_addressing_integration.py::TestPhaseComponentsIntegration::test_addressing_mode_negotiator_integration
-------------------------------- live log call ---------------------------------
WARNING  pure3270.protocol.addressing_negotiation:addressing_negotiation.py:138 Unknown addressing capability: CONNECT
INFO     pure3270.protocol.addressing_negotiation:addressing_negotiation.py:175 Negotiated 14-bit addressing mode
WARNING  pure3270.protocol.addressing_negotiation:addressing_negotiation.py:297 BIND-IMAGE addressing mode 12-bit differs from negotiated mode 14-bit
INFO     pure3270.protocol.addressing_negotiation:addressing_negotiation.py:175 Negotiated 14-bit addressing mode
PASSED                                                                   [  1%]
tests/test_14bit_addressing_integration.py::TestPhaseComponentsIntegration::test_extended_position_buffer_integration PASSED [  1%]
tests/test_14bit_addressing_integration.py::TestPhaseComponentsIntegration::test_data_stream_parser_addressing_integration
-------------------------------- live log call ---------------------------------
WARNING  pure3270.protocol.data_stream:logging_utils.py:60 RA stub: Repeat 0xc0 from (0, 0) to (25, 96) [address=1000, mode=14-bit]
PASSED                                                                   [  1%]
tests/test_14bit_addressing_integration.py::TestRealWorldUsageScenarios::test_large_screen_navigation_workflow PASSED [  2%]
tests/test_14bit_addressing_integration.py::TestRealWorldUsageScenarios::test_large_screen_data_entry_simulation PASSED [  2%]
tests/test_14bit_addressing_integration.py::TestRealWorldUsageScenarios::test_large_screen_scrolling_simulation PASSED [  2%]
tests/test_14bit_addressing_integration.py::TestPerformanceValidation::test_address_calculation_performance PASSED [  2%]
tests/test_14bit_addressing_integration.py::TestPerformanceValidation::test_large_screen_buffer_operations_performance PASSED [  2%]
tests/test_14bit_addressing_integration.py::TestPerformanceValidation::test_data_stream_parsing_performance PASSED [  2%]
tests/test_14bit_addressing_integration.py::TestBackwardCompatibility::test_12bit_addressing_regression PASSED [  2%]
tests/test_14bit_addressing_integration.py::TestBackwardCompatibility::test_mixed_mode_session_handling
-------------------------------- live log call ---------------------------------
WARNING  pure3270.protocol.addressing_negotiation:addressing_negotiation.py:138 Unknown addressing capability: CONNECT
INFO     pure3270.protocol.addressing_negotiation:addressing_negotiation.py:162 No server capabilities specified, defaulting to 12-bit addressing
WARNING  pure3270.protocol.addressing_negotiation:addressing_negotiation.py:138 Unknown addressing capability: CONNECT
INFO     pure3270.protocol.addressing_negotiation:addressing_negotiation.py:175 Negotiated 14-bit addressing mode
PASSED                                                                   [  2%]
tests/test_14bit_addressing_integration.py::TestBackwardCompatibility::test_legacy_screen_buffer_compatibility PASSED [  2%]
tests/test_14bit_addressing_integration.py::TestErrorConditionsAndRecovery::test_invalid_address_handling
-------------------------------- live log call ---------------------------------
WARNING  pure3270.protocol.data_stream:data_stream.py:1338 Invalid SBA address 4000 for 14-bit mode
PASSED                                                                   [  2%]
tests/test_14bit_addressing_integration.py::TestErrorConditionsAndRecovery::test_malformed_data_recovery
-------------------------------- live log call ---------------------------------
WARNING  pure3270.protocol.data_stream:data_stream.py:1165 Parse error during data stream processing: Overflow
PASSED                                                                   [  2%]
tests/test_14bit_addressing_integration.py::TestErrorConditionsAndRecovery::test_addressing_mode_transition_errors
-------------------------------- live log call ---------------------------------
WARNING  pure3270.protocol.addressing_negotiation:addressing_negotiation.py:138 Unknown addressing capability: INVALID
WARNING  pure3270.protocol.addressing_negotiation:addressing_negotiation.py:138 Unknown addressing capability: CAPABILITY
INFO     pure3270.protocol.addressing_negotiation:addressing_negotiation.py:162 No server capabilities specified, defaulting to 12-bit addressing
PASSED                                                                   [  3%]
tests/test_14bit_addressing_parsing.py::Test14BitAddressingParsing::test_sba_12bit_address_parsing PASSED [  3%]
tests/test_14bit_addressing_parsing.py::Test14BitAddressingParsing::test_sba_14bit_address_parsing PASSED [  3%]
tests/test_14bit_addressing_parsing.py::Test14BitAddressingParsing::test_sba_address_validation_12bit PASSED [  3%]
tests/test_14bit_addressing_parsing.py::Test14BitAddressingParsing::test_sba_address_validation_14bit
-------------------------------- live log call ---------------------------------
WARNING  pure3270.protocol.data_stream:data_stream.py:1338 Invalid SBA address 4000 for 14-bit mode
PASSED                                                                   [  3%]
tests/test_14bit_addressing_parsing.py::Test14BitAddressingParsing::test_ra_address_parsing_14bit
-------------------------------- live log call ---------------------------------
WARNING  pure3270.protocol.data_stream:logging_utils.py:60 RA stub: Repeat 0xc0 from (0, 0) to (51, 32) [address=2000, mode=14-bit]
PASSED                                                                   [  3%]
tests/test_14bit_addressing_parsing.py::Test14BitAddressingParsing::test_field_position_validation_14bit PASSED [  3%]
tests/test_14bit_addressing_parsing.py::Test14BitAddressingParsing::test_cursor_positioning_large_screen PASSED [  3%]
tests/test_14bit_addressing_parsing.py::Test14BitAddressingParsing::test_program_tab_large_screen PASSED [  3%]
tests/test_14bit_addressing_parsing.py::Test14BitAddressingParsing::test_addressing_mode_integration PASSED [  3%]
tests/test_14bit_addressing_parsing.py::Test14BitAddressingParsing::test_mixed_order_parsing_14bit PASSED [  3%]
tests/test_14bit_addressing_parsing.py::Test14BitAddressingParsing::test_error_handling_invalid_addresses
-------------------------------- live log call ---------------------------------
WARNING  pure3270.protocol.data_stream:data_stream.py:1338 Invalid SBA address ffff for 14-bit mode
PASSED                                                                   [  4%]
tests/test_addressing.py::TestAddressingMode::test_addressing_mode_values PASSED [  4%]
tests/test_addressing.py::TestAddressingMode::test_addressing_mode_enum_members PASSED [  4%]
tests/test_addressing.py::TestAddressCalculator::test_validate_address_12_bit PASSED [  4%]
tests/test_addressing.py::TestAddressCalculator::test_validate_address_14_bit PASSED [  4%]
tests/test_addressing.py::TestAddressCalculator::test_address_to_coords_basic PASSED [  4%]
tests/test_addressing.py::TestAddressCalculator::test_address_to_coords_invalid
-------------------------------- live log call ---------------------------------
WARNING  pure3270.emulation.addressing:addressing.py:90 Invalid address -1 for mode AddressingMode.MODE_12_BIT
WARNING  pure3270.emulation.addressing:addressing.py:90 Invalid address 4096 for mode AddressingMode.MODE_12_BIT
PASSED                                                                   [  4%]
tests/test_addressing.py::TestAddressCalculator::test_coords_to_address_basic PASSED [  4%]
tests/test_addressing.py::TestAddressCalculator::test_coords_to_address_invalid
-------------------------------- live log call ---------------------------------
WARNING  pure3270.emulation.addressing:addressing.py:116 Coordinates (52, 0) exceed address limits for mode AddressingMode.MODE_12_BIT
PASSED                                                                   [  4%]
tests/test_addressing.py::TestAddressCalculator::test_get_max_positions PASSED [  4%]
tests/test_addressing.py::TestAddressCalculator::test_convert_address_mode_same_coords PASSED [  4%]
tests/test_addressing.py::TestAddressCalculator::test_convert_address_mode_invalid_source
-------------------------------- live log call ---------------------------------
WARNING  pure3270.emulation.addressing:addressing.py:90 Invalid address 4096 for mode AddressingMode.MODE_12_BIT
PASSED                                                                   [  5%]
tests/test_addressing_negotiation.py::TestAddressingModeNegotiator::test_initialization PASSED [  5%]
tests/test_addressing_negotiation.py::TestAddressingModeNegotiator::test_get_client_capabilities_string PASSED [  5%]
tests/test_addressing_negotiation.py::TestAddressingModeNegotiator::test_parse_server_capabilities
-------------------------------- live log call ---------------------------------
WARNING  pure3270.protocol.addressing_negotiation:addressing_negotiation.py:138 Unknown addressing capability: addressing
WARNING  pure3270.protocol.addressing_negotiation:addressing_negotiation.py:138 Unknown addressing capability: supported
WARNING  pure3270.protocol.addressing_negotiation:addressing_negotiation.py:138 Unknown addressing capability: addressing
WARNING  pure3270.protocol.addressing_negotiation:addressing_negotiation.py:138 Unknown addressing capability: only
PASSED                                                                   [  5%]
tests/test_addressing_negotiation.py::TestAddressingModeNegotiator::test_negotiate_mode_14_bit_preferred
-------------------------------- live log call ---------------------------------
INFO     pure3270.protocol.addressing_negotiation:addressing_negotiation.py:175 Negotiated 14-bit addressing mode
PASSED                                                                   [  5%]
tests/test_addressing_negotiation.py::TestAddressingModeNegotiator::test_negotiate_mode_12_bit_fallback
-------------------------------- live log call ---------------------------------
INFO     pure3270.protocol.addressing_negotiation:addressing_negotiation.py:180 Negotiated 12-bit addressing mode
PASSED                                                                   [  5%]
tests/test_addressing_negotiation.py::TestAddressingModeNegotiator::test_validate_mode_transition_valid PASSED [  5%]
tests/test_addressing_negotiation.py::TestAddressingModeNegotiator::test_update_from_bind_image
-------------------------------- live log call ---------------------------------
INFO     pure3270.protocol.addressing_negotiation:addressing_negotiation.py:292 Addressing mode set from BIND-IMAGE: 12-bit
PASSED                                                                   [  5%]
tests/test_addressing_negotiation.py::TestAddressingModeNegotiator::test_get_negotiation_summary PASSED [  5%]
tests/test_addressing_negotiation.py::TestBindImageParser::test_parse_addressing_mode_12_bit
-------------------------------- live log call ---------------------------------
WARNING  pure3270.protocol.bind_image_parser:bind_image_parser.py:105 Invalid BIND-IMAGE SF ID: 0x00; attempting permissive parse
PASSED                                                                   [  5%]
tests/test_addressing_negotiation.py::TestBindImageParser::test_parse_addressing_mode_14_bit
-------------------------------- live log call ---------------------------------
WARNING  pure3270.protocol.bind_image_parser:bind_image_parser.py:105 Invalid BIND-IMAGE SF ID: 0x00; attempting permissive parse
PASSED                                                                   [  5%]
tests/test_addressing_negotiation.py::TestBindImageParser::test_parse_addressing_mode_invalid PASSED [  6%]
tests/test_addressing_negotiation.py::TestTN3270HandlerAddressing::test_negotiate_addressing_mode
-------------------------------- live log setup --------------------------------
INFO     pure3270.protocol.negotiator:negotiator.py:202 Negotiator created: id=139774404293744, writer=<pure3270.protocol.tn3270_handler.TN3270Handler.__init__.<locals>._MockWriter object at 0x7f1fc3b773b0>, parser=None, screen_buffer=ScreenBuffer(24x80, fields=0), handler=<pure3270.protocol.tn3270_handler.TN3270Handler object at 0x7f1fc3b77260>, is_printer_session=False
INFO     pure3270.protocol.negotiator:negotiator.py:250 Negotiator initialized with terminal type: IBM-3278-2
INFO     pure3270.protocol.negotiator:negotiator.py:262 Screen dimensions set to 24x80 for terminal IBM-3278-2
-------------------------------- live log call ---------------------------------
INFO     pure3270.protocol.tn3270_handler:tn3270_handler.py:399 [ADDRESSING] Starting addressing mode negotiation
INFO     pure3270.protocol.tn3270_handler:tn3270_handler.py:404 [ADDRESSING] Client capabilities: 12-bit,14-bit
INFO     pure3270.protocol.addressing_negotiation:addressing_negotiation.py:180 Negotiated 12-bit addressing mode
INFO     pure3270.protocol.tn3270_handler:tn3270_handler.py:412 [ADDRESSING] Negotiated addressing mode: 12-bit
PASSED                                                                   [  6%]
tests/test_addressing_negotiation.py::TestTN3270HandlerAddressing::test_get_negotiated_addressing_mode
-------------------------------- live log setup --------------------------------
INFO     pure3270.protocol.negotiator:negotiator.py:202 Negotiator created: id=139774404282224, writer=<pure3270.protocol.tn3270_handler.TN3270Handler.__init__.<locals>._MockWriter object at 0x7f1fc3b741a0>, parser=None, screen_buffer=ScreenBuffer(24x80, fields=0), handler=<pure3270.protocol.tn3270_handler.TN3270Handler object at 0x7f1fc3b77fe0>, is_printer_session=False
INFO     pure3270.protocol.negotiator:negotiator.py:250 Negotiator initialized with terminal type: IBM-3278-2
INFO     pure3270.protocol.negotiator:negotiator.py:262 Screen dimensions set to 24x80 for terminal IBM-3278-2
PASSED                                                                   [  6%]
tests/test_addressing_negotiation.py::TestTN3270HandlerAddressing::test_handle_bind_image
-------------------------------- live log setup --------------------------------
INFO     pure3270.protocol.negotiator:negotiator.py:202 Negotiator created: id=139774404293408, writer=<pure3270.protocol.tn3270_handler.TN3270Handler.__init__.<locals>._MockWriter object at 0x7f1fc3b777a0>, parser=None, screen_buffer=ScreenBuffer(24x80, fields=0), handler=<pure3270.protocol.tn3270_handler.TN3270Handler object at 0x7f1fc3b778f0>, is_printer_session=False
INFO     pure3270.protocol.negotiator:negotiator.py:250 Negotiator initialized with terminal type: IBM-3278-2
INFO     pure3270.protocol.negotiator:negotiator.py:262 Screen dimensions set to 24x80 for terminal IBM-3278-2
-------------------------------- live log call ---------------------------------
INFO     pure3270.protocol.tn3270_handler:tn3270_handler.py:440 [BIND-IMAGE] Processing BIND-IMAGE: 00000000000000000000000000000001
WARNING  pure3270.protocol.bind_image_parser:bind_image_parser.py:105 Invalid BIND-IMAGE SF ID: 0x00; attempting permissive parse
INFO     pure3270.protocol.tn3270_handler:tn3270_handler.py:447 [BIND-IMAGE] Detected addressing mode: 14-bit
INFO     pure3270.protocol.addressing_negotiation:addressing_negotiation.py:292 Addressing mode set from BIND-IMAGE: 12-bit
WARNING  pure3270.protocol.tn3270_handler:tn3270_handler.py:456 [BIND-IMAGE] BIND-IMAGE mode 14-bit differs from negotiated mode 12-bit
PASSED                                                                   [  6%]
tests/test_addressing_negotiation.py::TestTN3270HandlerAddressing::test_validate_addressing_mode_transition
-------------------------------- live log setup --------------------------------
INFO     pure3270.protocol.negotiator:negotiator.py:202 Negotiator created: id=139774404293456, writer=<pure3270.protocol.tn3270_handler.TN3270Handler.__init__.<locals>._MockWriter object at 0x7f1fc3b77050>, parser=None, screen_buffer=ScreenBuffer(24x80, fields=0), handler=<pure3270.protocol.tn3270_handler.TN3270Handler object at 0x7f1fc3b77aa0>, is_printer_session=False
INFO     pure3270.protocol.negotiator:negotiator.py:250 Negotiator initialized with terminal type: IBM-3278-2
INFO     pure3270.protocol.negotiator:negotiator.py:262 Screen dimensions set to 24x80 for terminal IBM-3278-2
PASSED                                                                   [  6%]
tests/test_addressing_negotiation.py::TestTN3270HandlerAddressing::test_transition_addressing_mode
-------------------------------- live log setup --------------------------------
INFO     pure3270.protocol.negotiator:negotiator.py:202 Negotiator created: id=139774405002352, writer=<pure3270.protocol.tn3270_handler.TN3270Handler.__init__.<locals>._MockWriter object at 0x7f1fc3c24260>, parser=None, screen_buffer=ScreenBuffer(24x80, fields=0), handler=<pure3270.protocol.tn3270_handler.TN3270Handler object at 0x7f1fc3c24170>, is_printer_session=False
INFO     pure3270.protocol.negotiator:negotiator.py:250 Negotiator initialized with terminal type: IBM-3278-2
INFO     pure3270.protocol.negotiator:negotiator.py:262 Screen dimensions set to 24x80 for terminal IBM-3278-2
-------------------------------- live log call ---------------------------------
INFO     pure3270.protocol.tn3270_handler:tn3270_handler.py:529 [ADDRESSING] Transitioning from None to 14-bit: test transition
INFO     pure3270.protocol.tn3270_handler:tn3270_handler.py:552 [ADDRESSING] Screen buffer converted to 14-bit mode
INFO     pure3270.protocol.tn3270_handler:tn3270_handler.py:562 [ADDRESSING] Addressing mode changed to 14-bit mode
PASSED                                                                   [  6%]
tests/test_addressing_negotiation.py::TestTN3270HandlerAddressing::test_get_addressing_negotiation_summary
-------------------------------- live log setup --------------------------------
INFO     pure3270.protocol.negotiator:negotiator.py:202 Negotiator created: id=139774405005616, writer=<pure3270.protocol.tn3270_handler.TN3270Handler.__init__.<locals>._MockWriter object at 0x7f1fc3c251f0>, parser=None, screen_buffer=ScreenBuffer(24x80, fields=0), handler=<pure3270.protocol.tn3270_handler.TN3270Handler object at 0x7f1fc3c24ef0>, is_printer_session=False
INFO     pure3270.protocol.negotiator:negotiator.py:250 Negotiator initialized with terminal type: IBM-3278-2
INFO     pure3270.protocol.negotiator:negotiator.py:262 Screen dimensions set to 24x80 for terminal IBM-3278-2
PASSED                                                                   [  6%]
tests/test_addressing_negotiation.py::TestNegotiatorAddressing::test_negotiate_addressing_mode
-------------------------------- live log setup --------------------------------
INFO     pure3270.protocol.negotiator:negotiator.py:202 Negotiator created: id=139774405001296, writer=None, parser=None, screen_buffer=None, handler=None, is_printer_session=False
INFO     pure3270.protocol.negotiator:negotiator.py:250 Negotiator initialized with terminal type: IBM-3278-2
INFO     pure3270.protocol.negotiator:negotiator.py:262 Screen dimensions set to 24x80 for terminal IBM-3278-2
-------------------------------- live log call ---------------------------------
INFO     pure3270.protocol.negotiator:negotiator.py:3100 [ADDRESSING] Starting addressing mode negotiation
INFO     pure3270.protocol.negotiator:negotiator.py:3107 [ADDRESSING] Client capabilities: 12-bit,14-bit
INFO     pure3270.protocol.addressing_negotiation:addressing_negotiation.py:180 Negotiated 12-bit addressing mode
INFO     pure3270.protocol.negotiator:negotiator.py:3115 [ADDRESSING] Negotiated addressing mode: 12-bit
PASSED                                                                   [  6%]
tests/test_addressing_negotiation.py::TestNegotiatorAddressing::test_get_negotiated_addressing_mode
-------------------------------- live log setup --------------------------------
INFO     pure3270.protocol.negotiator:negotiator.py:202 Negotiator created: id=139774405001440, writer=None, parser=None, screen_buffer=None, handler=None, is_printer_session=False
INFO     pure3270.protocol.negotiator:negotiator.py:250 Negotiator initialized with terminal type: IBM-3278-2
INFO     pure3270.protocol.negotiator:negotiator.py:262 Screen dimensions set to 24x80 for terminal IBM-3278-2
PASSED                                                                   [  6%]
tests/test_addressing_negotiation.py::TestNegotiatorAddressing::test_handle_bind_image_addressing
-------------------------------- live log setup --------------------------------
INFO     pure3270.protocol.negotiator:negotiator.py:202 Negotiator created: id=139774405004416, writer=None, parser=None, screen_buffer=None, handler=None, is_printer_session=False
INFO     pure3270.protocol.negotiator:negotiator.py:250 Negotiator initialized with terminal type: IBM-3278-2
INFO     pure3270.protocol.negotiator:negotiator.py:262 Screen dimensions set to 24x80 for terminal IBM-3278-2
-------------------------------- live log call ---------------------------------
INFO     pure3270.protocol.negotiator:negotiator.py:3143 [BIND-IMAGE] Processing BIND-IMAGE for addressing: 00000000000000000000000000000001
WARNING  pure3270.protocol.bind_image_parser:bind_image_parser.py:105 Invalid BIND-IMAGE SF ID: 0x00; attempting permissive parse
INFO     pure3270.protocol.negotiator:negotiator.py:3152 [BIND-IMAGE] Detected addressing mode: 14-bit
INFO     pure3270.protocol.addressing_negotiation:addressing_negotiation.py:292 Addressing mode set from BIND-IMAGE: 12-bit
WARNING  pure3270.protocol.negotiator:negotiator.py:3161 [BIND-IMAGE] BIND-IMAGE mode 14-bit differs from negotiated mode 12-bit
PASSED                                                                   [  6%]
tests/test_addressing_negotiation.py::TestNegotiatorAddressing::test_validate_addressing_mode_transition
-------------------------------- live log setup --------------------------------
INFO     pure3270.protocol.negotiator:negotiator.py:202 Negotiator created: id=139774405011808, writer=None, parser=None, screen_buffer=None, handler=None, is_printer_session=False
INFO     pure3270.protocol.negotiator:negotiator.py:250 Negotiator initialized with terminal type: IBM-3278-2
INFO     pure3270.protocol.negotiator:negotiator.py:262 Screen dimensions set to 24x80 for terminal IBM-3278-2
PASSED                                                                   [  6%]
tests/test_addressing_negotiation.py::TestNegotiatorAddressing::test_transition_addressing_mode
-------------------------------- live log setup --------------------------------
INFO     pure3270.protocol.negotiator:negotiator.py:202 Negotiator created: id=139774426460720, writer=None, parser=None, screen_buffer=None, handler=None, is_printer_session=False
INFO     pure3270.protocol.negotiator:negotiator.py:250 Negotiator initialized with terminal type: IBM-3278-2
INFO     pure3270.protocol.negotiator:negotiator.py:262 Screen dimensions set to 24x80 for terminal IBM-3278-2
-------------------------------- live log call ---------------------------------
INFO     pure3270.protocol.negotiator:negotiator.py:3218 [ADDRESSING] Transitioning from None to 14-bit: test transition
INFO     pure3270.protocol.negotiator:negotiator.py:3243 [ADDRESSING] Screen buffer converted to 14-bit mode
INFO     pure3270.protocol.negotiator:negotiator.py:3254 [ADDRESSING] Successfully transitioned to 14-bit mode
PASSED                                                                   [  7%]
tests/test_addressing_negotiation.py::TestNegotiatorAddressing::test_get_addressing_negotiation_summary
-------------------------------- live log setup --------------------------------
INFO     pure3270.protocol.negotiator:negotiator.py:202 Negotiator created: id=139774426820016, writer=None, parser=None, screen_buffer=None, handler=None, is_printer_session=False
INFO     pure3270.protocol.negotiator:negotiator.py:250 Negotiator initialized with terminal type: IBM-3278-2
INFO     pure3270.protocol.negotiator:negotiator.py:262 Screen dimensions set to 24x80 for terminal IBM-3278-2
PASSED                                                                   [  7%]
tests/test_addressing_negotiation.py::TestAddressingModeIntegration::test_full_negotiation_flow
-------------------------------- live log call ---------------------------------
INFO     pure3270.protocol.negotiator:negotiator.py:202 Negotiator created: id=139774408011136, writer=<pure3270.protocol.tn3270_handler.TN3270Handler.__init__.<locals>._MockWriter object at 0x7f1fc3f014c0>, parser=None, screen_buffer=ScreenBuffer(24x80, fields=0), handler=<pure3270.protocol.tn3270_handler.TN3270Handler object at 0x7f1fc3f01d90>, is_printer_session=False
INFO     pure3270.protocol.negotiator:negotiator.py:250 Negotiator initialized with terminal type: IBM-3278-2
INFO     pure3270.protocol.negotiator:negotiator.py:262 Screen dimensions set to 24x80 for terminal IBM-3278-2
INFO     pure3270.protocol.tn3270_handler:tn3270_handler.py:399 [ADDRESSING] Starting addressing mode negotiation
INFO     pure3270.protocol.tn3270_handler:tn3270_handler.py:404 [ADDRESSING] Client capabilities: 12-bit,14-bit
INFO     pure3270.protocol.addressing_negotiation:addressing_negotiation.py:180 Negotiated 12-bit addressing mode
INFO     pure3270.protocol.tn3270_handler:tn3270_handler.py:412 [ADDRESSING] Negotiated addressing mode: 12-bit
INFO     pure3270.protocol.tn3270_handler:tn3270_handler.py:440 [BIND-IMAGE] Processing BIND-IMAGE: 00000000000000000000000000000001
WARNING  pure3270.protocol.bind_image_parser:bind_image_parser.py:105 Invalid BIND-IMAGE SF ID: 0x00; attempting permissive parse
INFO     pure3270.protocol.tn3270_handler:tn3270_handler.py:447 [BIND-IMAGE] Detected addressing mode: 14-bit
WARNING  pure3270.protocol.tn3270_handler:tn3270_handler.py:456 [BIND-IMAGE] BIND-IMAGE mode 14-bit differs from negotiated mode 12-bit
PASSED                                                                   [  7%]
tests/test_addressing_negotiation.py::TestAddressingModeIntegration::test_error_handling PASSED [  7%]
tests/test_addressing_negotiation.py::TestAddressingModeIntegration::test_thread_safe_operations
-------------------------------- live log call ---------------------------------
INFO     pure3270.protocol.negotiator:negotiator.py:202 Negotiator created: id=139774407999760, writer=<pure3270.protocol.tn3270_handler.TN3270Handler.__init__.<locals>._MockWriter object at 0x7f1fc3f03d10>, parser=None, screen_buffer=ScreenBuffer(24x80, fields=0), handler=<pure3270.protocol.tn3270_handler.TN3270Handler object at 0x7f1fc3f008f0>, is_printer_session=False
INFO     pure3270.protocol.negotiator:negotiator.py:250 Negotiator initialized with terminal type: IBM-3278-2
INFO     pure3270.protocol.negotiator:negotiator.py:262 Screen dimensions set to 24x80 for terminal IBM-3278-2
PASSED                                                                   [  7%]
tests/test_advanced_field_attributes.py::TestExtendedAttributeSet::test_attribute_set_creation PASSED [  7%]
tests/test_advanced_field_attributes.py::TestExtendedAttributeSet::test_attribute_set_operations PASSED [  7%]
tests/test_advanced_field_attributes.py::TestExtendedAttributeSet::test_attribute_set_serialization PASSED [  7%]
tests/test_advanced_field_attributes.py::TestColorAttribute::test_color_attribute_creation PASSED [  7%]
tests/test_advanced_field_attributes.py::TestColorAttribute::test_color_attribute_string_names PASSED [  7%]
tests/test_advanced_field_attributes.py::TestColorAttribute::test_color_attribute_validation PASSED [  7%]
tests/test_advanced_field_attributes.py::TestHighlightAttribute::test_highlight_attribute_creation PASSED [  7%]
tests/test_advanced_field_attributes.py::TestHighlightAttribute::test_highlight_effects PASSED [  8%]
tests/test_advanced_field_attributes.py::TestValidationAttribute::test_validation_attribute_creation PASSED [  8%]
tests/test_advanced_field_attributes.py::TestValidationAttribute::test_validation_input_checking PASSED [  8%]
tests/test_advanced_field_attributes.py::TestOutliningAttribute::test_outlining_attribute_creation PASSED [  8%]
tests/test_advanced_field_attributes.py::TestOutliningAttribute::test_outlining_styles PASSED [  8%]
tests/test_advanced_field_attributes.py::TestCharacterSetAttribute::test_character_set_attribute_creation PASSED [  8%]
tests/test_advanced_field_attributes.py::TestCharacterSetAttribute::test_character_set_string_names PASSED [  8%]
tests/test_advanced_field_attributes.py::TestCharacterSetAttribute::test_user_defined_character_sets PASSED [  8%]
tests/test_advanced_field_attributes.py::TestBackgroundAttribute::test_background_attribute_creation PASSED [  8%]
tests/test_advanced_field_attributes.py::TestAttributeIntegration::test_multiple_attributes_in_set PASSED [  8%]
tests/test_advanced_response_handling.py::TestAdvancedResponseHandling::test_invalid_format_response_handling
-------------------------------- live log call ---------------------------------
INFO     pure3270.protocol.negotiator:negotiator.py:202 Negotiator created: id=139774396572176, writer=<MagicMock id='139774420913280'>, parser=<MagicMock id='139774396564496'>, screen_buffer=None, handler=None, is_printer_session=False
INFO     pure3270.protocol.negotiator:negotiator.py:250 Negotiator initialized with terminal type: IBM-3278-2
INFO     pure3270.protocol.negotiator:negotiator.py:262 Screen dimensions set to 24x80 for terminal IBM-3278-2
ERROR    pure3270.protocol.negotiator:negotiator.py:2895 [SNA] Invalid message format in SNA response
PASSED                                                                   [  8%]
tests/test_advanced_response_handling.py::TestAdvancedResponseHandling::test_invalid_request_response_handling
-------------------------------- live log call ---------------------------------
INFO     pure3270.protocol.negotiator:negotiator.py:202 Negotiator created: id=139774420519824, writer=<MagicMock id='139774407945408'>, parser=<MagicMock id='139774420761440'>, screen_buffer=None, handler=None, is_printer_session=False
INFO     pure3270.protocol.negotiator:negotiator.py:250 Negotiator initialized with terminal type: IBM-3278-2
INFO     pure3270.protocol.negotiator:negotiator.py:262 Screen dimensions set to 24x80 for terminal IBM-3278-2
ERROR    pure3270.protocol.negotiator:negotiator.py:2908 [SNA] Invalid request in SNA response
PASSED                                                                   [  9%]
tests/test_advanced_response_handling.py::TestAdvancedResponseHandling::test_invalid_sequence_response_handling
-------------------------------- live log call ---------------------------------
INFO     pure3270.protocol.negotiator:negotiator.py:202 Negotiator created: id=139774396036880, writer=<MagicMock id='139774396024112'>, parser=<MagicMock id='139774396037168'>, screen_buffer=None, handler=None, is_printer_session=False
INFO     pure3270.protocol.negotiator:negotiator.py:250 Negotiator initialized with terminal type: IBM-3278-2
INFO     pure3270.protocol.negotiator:negotiator.py:262 Screen dimensions set to 24x80 for terminal IBM-3278-2
ERROR    pure3270.protocol.negotiator:negotiator.py:2913 [SNA] Invalid sequence in SNA response
PASSED                                                                   [  9%]
tests/test_advanced_response_handling.py::TestAdvancedResponseHandling::test_lu_busy_response_handling
-------------------------------- live log call ---------------------------------
INFO     pure3270.protocol.negotiator:negotiator.py:202 Negotiator created: id=139774418818000, writer=<MagicMock id='139774396026272'>, parser=<MagicMock id='139774418901360'>, screen_buffer=None, handler=None, is_printer_session=False
INFO     pure3270.protocol.negotiator:negotiator.py:250 Negotiator initialized with terminal type: IBM-3278-2
INFO     pure3270.protocol.negotiator:negotiator.py:262 Screen dimensions set to 24x80 for terminal IBM-3278-2
WARNING  pure3270.protocol.negotiator:negotiator.py:2876 [SNA] LU busy, will retry after delay
PASSED                                                                   [  9%]
tests/test_advanced_response_handling.py::TestAdvancedResponseHandling::test_no_resources_response_handling
-------------------------------- live log call ---------------------------------
INFO     pure3270.protocol.negotiator:negotiator.py:202 Negotiator created: id=139774396031168, writer=<MagicMock id='139774396023392'>, parser=<MagicMock id='139774396024016'>, screen_buffer=None, handler=None, is_printer_session=False
INFO     pure3270.protocol.negotiator:negotiator.py:250 Negotiator initialized with terminal type: IBM-3278-2
INFO     pure3270.protocol.negotiator:negotiator.py:262 Screen dimensions set to 24x80 for terminal IBM-3278-2
WARNING  pure3270.protocol.negotiator:negotiator.py:2922 [SNA] No resources available, will retry
PASSED                                                                   [  9%]
tests/test_advanced_response_handling.py::TestAdvancedResponseHandling::test_not_supported_response_handling
-------------------------------- live log call ---------------------------------
INFO     pure3270.protocol.negotiator:negotiator.py:202 Negotiator created: id=139774440406768, writer=<MagicMock id='139774420532016'>, parser=<MagicMock id='139774420753904'>, screen_buffer=None, handler=None, is_printer_session=False
INFO     pure3270.protocol.negotiator:negotiator.py:250 Negotiator initialized with terminal type: IBM-3278-2
INFO     pure3270.protocol.negotiator:negotiator.py:262 Screen dimensions set to 24x80 for terminal IBM-3278-2
ERROR    pure3270.protocol.negotiator:negotiator.py:2902 [SNA] Requested function not supported
PASSED                                                                   [  9%]
tests/test_advanced_response_handling.py::TestAdvancedResponseHandling::test_sequence_error_handler
-------------------------------- live log call ---------------------------------
INFO     pure3270.protocol.negotiator:negotiator.py:202 Negotiator created: id=139774430563600, writer=<MagicMock id='139774396573952'>, parser=<MagicMock id='139774396567136'>, screen_buffer=None, handler=None, is_printer_session=False
INFO     pure3270.protocol.negotiator:negotiator.py:250 Negotiator initialized with terminal type: IBM-3278-2
INFO     pure3270.protocol.negotiator:negotiator.py:262 Screen dimensions set to 24x80 for terminal IBM-3278-2
WARNING  pure3270.protocol.negotiator:negotiator.py:2954 [SNA] Handling sequence error - resynchronizing
PASSED                                                                   [  9%]
tests/test_advanced_response_handling.py::TestAdvancedResponseHandling::test_session_failure_response_handling
-------------------------------- live log call ---------------------------------
INFO     pure3270.protocol.negotiator:negotiator.py:202 Negotiator created: id=139774396579184, writer=<MagicMock id='139774396572464'>, parser=<MagicMock id='139774396564064'>, screen_buffer=None, handler=None, is_printer_session=False
INFO     pure3270.protocol.negotiator:negotiator.py:250 Negotiator initialized with terminal type: IBM-3278-2
INFO     pure3270.protocol.negotiator:negotiator.py:262 Screen dimensions set to 24x80 for terminal IBM-3278-2
ERROR    pure3270.protocol.negotiator:negotiator.py:2885 [SNA] Session failure, attempting re-negotiation
PASSED                                                                   [  9%]
tests/test_advanced_response_handling.py::TestAdvancedResponseHandling::test_state_error_handler
-------------------------------- live log call ---------------------------------
INFO     pure3270.protocol.negotiator:negotiator.py:202 Negotiator created: id=139774400265680, writer=<MagicMock id='139774407934992'>, parser=<MagicMock id='139774408005904'>, screen_buffer=None, handler=None, is_printer_session=False
INFO     pure3270.protocol.negotiator:negotiator.py:250 Negotiator initialized with terminal type: IBM-3278-2
INFO     pure3270.protocol.negotiator:negotiator.py:262 Screen dimensions set to 24x80 for terminal IBM-3278-2
WARNING  pure3270.protocol.negotiator:negotiator.py:2967 [SNA] Handling state error - resetting session state
PASSED                                                                   [  9%]
tests/test_advanced_response_handling.py::TestAdvancedResponseHandling::test_state_error_response_handling
-------------------------------- live log call ---------------------------------
INFO     pure3270.protocol.negotiator:negotiator.py:202 Negotiator created: id=139774418657568, writer=<MagicMock id='139774400254736'>, parser=<MagicMock id='139774418826064'>, screen_buffer=None, handler=None, is_printer_session=False
INFO     pure3270.protocol.negotiator:negotiator.py:250 Negotiator initialized with terminal type: IBM-3278-2
INFO     pure3270.protocol.negotiator:negotiator.py:262 Screen dimensions set to 24x80 for terminal IBM-3278-2
ERROR    pure3270.protocol.negotiator:negotiator.py:2933 [SNA] State error in SNA response
PASSED                                                                   [  9%]
tests/test_advanced_response_handling.py::TestAdvancedResponseHandling::test_success_response_handling
-------------------------------- live log call ---------------------------------
INFO     pure3270.protocol.negotiator:negotiator.py:202 Negotiator created: id=139774419627776, writer=<MagicMock id='139774418651952'>, parser=<MagicMock id='139774419621968'>, screen_buffer=None, handler=None, is_printer_session=False
INFO     pure3270.protocol.negotiator:negotiator.py:250 Negotiator initialized with terminal type: IBM-3278-2
INFO     pure3270.protocol.negotiator:negotiator.py:262 Screen dimensions set to 24x80 for terminal IBM-3278-2
PASSED                                                                   [  9%]
tests/test_advanced_response_handling.py::TestAdvancedResponseHandling::test_unknown_sense_code_handling
-------------------------------- live log call ---------------------------------
INFO     pure3270.protocol.negotiator:negotiator.py:202 Negotiator created: id=139774419233600, writer=<MagicMock id='139774419630128'>, parser=<MagicMock id='139774419102528'>, screen_buffer=None, handler=None, is_printer_session=False
INFO     pure3270.protocol.negotiator:negotiator.py:250 Negotiator initialized with terminal type: IBM-3278-2
INFO     pure3270.protocol.negotiator:negotiator.py:262 Screen dimensions set to 24x80 for terminal IBM-3278-2
ERROR    pure3270.protocol.negotiator:negotiator.py:2942 [SNA] Unhandled SNA error response: sense_code=0xffff
PASSED                                                                   [  9%]
tests/test_aid_support.py::TestAIDSupport::test_session_pf_method_exists PASSED [ 10%]
tests/test_aid_support.py::TestAIDSupport::test_session_pa_method_exists PASSED [ 10%]
tests/test_aid_support.py::TestAIDSupport::test_session_pf_calls_async_pf PASSED [ 10%]
tests/test_aid_support.py::TestAIDSupport::test_session_pa_calls_async_pa PASSED [ 10%]
tests/test_aid_support.py::TestAIDSupport::test_async_session_key_method_extended_aid_map PASSED [ 10%]
tests/test_api_parity_framework.py::TestAPIParityFramework::test_framework_initialization PASSED [ 10%]
tests/test_api_parity_framework.py::TestAPIParityFramework::test_signature_capture PASSED [ 10%]
tests/test_api_parity_framework.py::TestAPIParityFramework::test_signature_comparison PASSED [ 10%]
tests/test_api_parity_framework.py::TestAPIParityFramework::test_behavioral_test_case_structure PASSED [ 10%]
tests/test_api_parity_framework.py::TestAPIParityFramework::test_report_generation PASSED [ 10%]
tests/test_api_parity_framework.py::TestAPIParityFramework::test_compatibility_scoring PASSED [ 10%]
tests/test_attribution_validation.py::TestAttributionTemplatesGeneration::test_module_attribution_generation PASSED [ 11%]
tests/test_attribution_validation.py::TestAttributionTemplatesGeneration::test_function_attribution_generation PASSED [ 11%]
tests/test_attribution_validation.py::TestAttributionTemplatesGeneration::test_protocol_attribution_generation PASSED [ 11%]
tests/test_attribution_validation.py::TestAttributionTemplatesGeneration::test_s3270_compatibility_attribution PASSED [ 11%]
tests/test_attribution_validation.py::TestAttributionTemplatesGeneration::test_ebcdic_attribution_generation PASSED [ 11%]
tests/test_attribution_validation.py::TestAttributionTemplatesGeneration::test_third_party_notice_generation PASSED [ 11%]
tests/test_attribution_validation.py::TestAttributionValidation::test_module_attribution_validation_valid PASSED [ 11%]
tests/test_attribution_validation.py::TestAttributionValidation::test_module_attribution_validation_invalid PASSED [ 11%]
tests/test_attribution_validation.py::TestAttributionValidation::test_function_attribution_validation_valid PASSED [ 11%]
tests/test_attribution_validation.py::TestAttributionValidation::test_function_attribution_validation_invalid PASSED [ 11%]
tests/test_attribution_validation.py::TestAttributionValidation::test_license_compatibility_validation PASSED [ 11%]
tests/test_attribution_validation.py::TestAttributionValidation::test_malformed_module_attributions PASSED [ 12%]
tests/test_attribution_validation.py::TestAttributionValidation::test_function_attribution_edge_cases PASSED [ 12%]
tests/test_attribution_validation.py::TestAttributionValidation::test_license_compatibility_edge_cases PASSED [ 12%]
tests/test_attribution_validation.py::TestAttributionValidation::test_rfc_reference_edge_cases PASSED [ 12%]
tests/test_attribution_validation.py::TestAttributionValidation::test_url_format_edge_cases PASSED [ 12%]
tests/test_attribution_validation.py::TestAttributionValidation::test_unicode_handling_in_attributions PASSED [ 12%]
tests/test_attribution_validation.py::TestAttributionValidation::test_very_long_attribution_content PASSED [ 12%]
tests/test_attribution_validation.py::TestAttributionValidation::test_attribution_with_extra_whitespace PASSED [ 12%]
tests/test_attribution_validation.py::TestAttributionIntegrationScenarios::test_real_world_s3270_attribution_scenario PASSED [ 12%]
tests/test_attribution_validation.py::TestAttributionIntegrationScenarios::test_real_world_python_stdlib_scenario PASSED [ 12%]
tests/test_attribution_validation.py::TestAttributionIntegrationScenarios::test_mixed_attribution_scenario PASSED [ 12%]
tests/test_attribution_validation.py::TestAttributionIntegrationScenarios::test_third_party_notice_integration PASSED [ 13%]
tests/test_attribution_validation.py::TestAttributionIntegrationScenarios::test_license_compatibility_matrix PASSED [ 13%]
tests/test_attribution_validation.py::TestAttributionMaintenanceScenarios::test_outdated_attribution_detection PASSED [ 13%]
tests/test_attribution_validation.py::TestAttributionMaintenanceScenarios::test_attribution_format_evolution PASSED [ 13%]
tests/test_attribution_validation.py::TestAttributionMaintenanceScenarios::test_attribution_consistency_check PASSED [ 13%]
tests/test_behavior_verification.py::TestExistingTestsVerification::test_negotiation_inference_comprehensive
-------------------------------- live log call ---------------------------------
INFO     pure3270.protocol.negotiator:negotiator.py:202 Negotiator created: id=139774398258528, writer=<AsyncMock id='139774398255504'>, parser=<AsyncMock id='139774398260736'>, screen_buffer=<Mock id='139774398258576'>, handler=None, is_printer_session=False
INFO     pure3270.protocol.negotiator:negotiator.py:250 Negotiator initialized with terminal type: IBM-3278-2
INFO     pure3270.protocol.negotiator:negotiator.py:262 Screen dimensions set to 24x80 for terminal IBM-3278-2
INFO     pure3270.protocol.negotiator:negotiator.py:202 Negotiator created: id=139774419426128, writer=<AsyncMock id='139774419420752'>, parser=<AsyncMock id='139774419426800'>, screen_buffer=<Mock id='139774419419600'>, handler=None, is_printer_session=False
INFO     pure3270.protocol.negotiator:negotiator.py:250 Negotiator initialized with terminal type: IBM-3278-2
INFO     pure3270.protocol.negotiator:negotiator.py:262 Screen dimensions set to 24x80 for terminal IBM-3278-2
INFO     pure3270.protocol.negotiator:negotiator.py:202 Negotiator created: id=139774419232640, writer=<AsyncMock id='139774419431168'>, parser=<AsyncMock id='139774419751600'>, screen_buffer=<Mock id='139774419231776'>, handler=None, is_printer_session=False
INFO     pure3270.protocol.negotiator:negotiator.py:250 Negotiator initialized with terminal type: IBM-3278-2
INFO     pure3270.protocol.negotiator:negotiator.py:262 Screen dimensions set to 24x80 for terminal IBM-3278-2
INFO     pure3270.protocol.negotiator:negotiator.py:202 Negotiator created: id=139774419102864, writer=<AsyncMock id='139774419753808'>, parser=<AsyncMock id='139774419224144'>, screen_buffer=<Mock id='139774419105312'>, handler=None, is_printer_session=False
INFO     pure3270.protocol.negotiator:negotiator.py:250 Negotiator initialized with terminal type: IBM-3278-2
INFO     pure3270.protocol.negotiator:negotiator.py:262 Screen dimensions set to 24x80 for terminal IBM-3278-2
INFO     pure3270.protocol.negotiator:negotiator.py:202 Negotiator created: id=139774419631808, writer=<AsyncMock id='139774419747952'>, parser=<AsyncMock id='139774419616016'>, screen_buffer=<Mock id='139774419625856'>, handler=None, is_printer_session=False
INFO     pure3270.protocol.negotiator:negotiator.py:250 Negotiator initialized with terminal type: IBM-3278-2
INFO     pure3270.protocol.negotiator:negotiator.py:262 Screen dimensions set to 24x80 for terminal IBM-3278-2
INFO     pure3270.protocol.negotiator:negotiator.py:202 Negotiator created: id=139774418651712, writer=<AsyncMock id='139774419232640'>, parser=<AsyncMock id='139774418824240'>, screen_buffer=<Mock id='139774418651904'>, handler=None, is_printer_session=False
INFO     pure3270.protocol.negotiator:negotiator.py:250 Negotiator initialized with terminal type: IBM-3278-2
INFO     pure3270.protocol.negotiator:negotiator.py:262 Screen dimensions set to 24x80 for terminal IBM-3278-2
INFO     pure3270.protocol.negotiator:negotiator.py:202 Negotiator created: id=139774408005472, writer=<AsyncMock id='139774419102864'>, parser=<AsyncMock id='139774418656368'>, screen_buffer=<Mock id='139774408012096'>, handler=None, is_printer_session=False
INFO     pure3270.protocol.negotiator:negotiator.py:250 Negotiator initialized with terminal type: IBM-3278-2
INFO     pure3270.protocol.negotiator:negotiator.py:262 Screen dimensions set to 24x80 for terminal IBM-3278-2
PASSED                                                                   [ 13%]
tests/test_behavior_verification.py::TestExistingTestsVerification::test_data_stream_parser_comprehensive PASSED [ 13%]
tests/test_behavior_verification.py::TestExistingTestsVerification::test_async_session_context_manager_proper_cleanup PASSED [ 13%]
tests/test_behavior_verification.py::TestExistingTestsVerification::test_screen_buffer_field_detection_comprehensive PASSED [ 13%]
tests/test_behavior_verification.py::TestExistingTestsVerification::test_parser_error_conditions_comprehensive
-------------------------------- live log call ---------------------------------
WARNING  pure3270.protocol.data_stream:data_stream.py:1165 Parse error during data stream processing: Incomplete SF order at position 0
WARNING  pure3270.protocol.data_stream:logging_utils.py:60 Incomplete GE order: need 1 bytes
PASSED                                                                   [ 13%]
tests/test_behavior_verification.py::TestExistingTestsVerification::test_negotiator_state_consistency
-------------------------------- live log call ---------------------------------
INFO     pure3270.protocol.negotiator:negotiator.py:202 Negotiator created: id=139774418649264, writer=<AsyncMock id='139774405001824'>, parser=<AsyncMock id='139774408013392'>, screen_buffer=ScreenBuffer(24x80, fields=0), handler=None, is_printer_session=False
INFO     pure3270.protocol.negotiator:negotiator.py:250 Negotiator initialized with terminal type: IBM-3278-2
INFO     pure3270.protocol.negotiator:negotiator.py:262 Screen dimensions set to 24x80 for terminal IBM-3278-2
PASSED                                                                   [ 13%]
tests/test_behavior_verification.py::TestExistingTestsVerification::test_session_connection_states PASSED [ 14%]
tests/test_behavior_verification.py::TestExistingTestsVerification::test_property_based_tests_validation PASSED [ 14%]
tests/test_behavior_verification.py::TestExistingTestsVerification::test_error_handling_comprehensive
-------------------------------- live log call ---------------------------------
ERROR    pure3270.protocol.data_stream:data_stream.py:1814 Structured field validation error: Invalid length field: 1
ERROR    pure3270.protocol.data_stream:data_stream.py:1821 Skipping invalid structured field type 0x99
PASSED                                                                   [ 14%]
tests/test_behavior_verification.py::TestExistingTestsVerification::test_behavior_verification_assertions FAILED [ 14%]
tests/test_bind_image.py::TestBindImageClass::test_bind_image_creation PASSED [ 14%]
tests/test_bind_image.py::TestBindImageClass::test_bind_image_repr PASSED [ 14%]
tests/test_bind_image.py::TestBindImageClass::test_bind_image_with_session_parameters PASSED [ 14%]
tests/test_bind_image.py::TestBindImageParser::test_bind_image_parsing_comprehensive PASSED [ 14%]
tests/test_bind_image.py::TestBindImageParser::test_parse_addressing_mode PASSED [ 14%]
tests/test_bind_image.py::TestDataStreamParserBindImage::test_bind_image_structured_field_handling PASSED [ 14%]
tests/test_bind_image.py::TestDataStreamParserBindImage::test_bind_image_validation PASSED [ 14%]
tests/test_bind_image.py::TestTN3270HandlerBindImage::test_bind_image_processing
-------------------------------- live log call ---------------------------------
INFO     pure3270.protocol.negotiator:negotiator.py:202 Negotiator created: id=139774407939600, writer=<MagicMock id='139774400253584'>, parser=None, screen_buffer=ScreenBuffer(24x80, fields=0), handler=<pure3270.protocol.tn3270_handler.TN3270Handler object at 0x7f1fc3ef1670>, is_printer_session=False
INFO     pure3270.protocol.negotiator:negotiator.py:250 Negotiator initialized with terminal type: IBM-3278-2
INFO     pure3270.protocol.negotiator:negotiator.py:262 Screen dimensions set to 24x80 for terminal IBM-3278-2
PASSED                                                                   [ 15%]
tests/test_bind_image.py::TestNegotiatorBindImage::test_bind_image_handling
-------------------------------- live log call ---------------------------------
INFO     pure3270.protocol.negotiator:negotiator.py:202 Negotiator created: id=139774407947520, writer=<MagicMock id='139774407939552'>, parser=None, screen_buffer=None, handler=None, is_printer_session=False
INFO     pure3270.protocol.negotiator:negotiator.py:250 Negotiator initialized with terminal type: IBM-3278-2
INFO     pure3270.protocol.negotiator:negotiator.py:262 Screen dimensions set to 24x80 for terminal IBM-3278-2
INFO     pure3270.protocol.negotiator:negotiator.py:3061 [TN3270E] Handling BIND-IMAGE: BindImage(rows=24, cols=80, model=2, flags=None, query_reply_ids=[], session_params=0 items)
INFO     pure3270.protocol.negotiator:negotiator.py:3088 [TN3270E] BIND-IMAGE received - session bound
PASSED                                                                   [ 15%]
tests/test_bind_image.py::TestNegotiatorBindImage::test_bind_image_with_query_reply_ids
-------------------------------- live log call ---------------------------------
INFO     pure3270.protocol.negotiator:negotiator.py:202 Negotiator created: id=139774407936240, writer=<MagicMock id='139774407934416'>, parser=None, screen_buffer=None, handler=None, is_printer_session=False
INFO     pure3270.protocol.negotiator:negotiator.py:250 Negotiator initialized with terminal type: IBM-3278-2
INFO     pure3270.protocol.negotiator:negotiator.py:262 Screen dimensions set to 24x80 for terminal IBM-3278-2
INFO     pure3270.protocol.negotiator:negotiator.py:3061 [TN3270E] Handling BIND-IMAGE: BindImage(rows=None, cols=None, model=None, flags=None, query_reply_ids=[129, 132, 133], session_params=0 items)
INFO     pure3270.protocol.negotiator:negotiator.py:3082 BIND-IMAGE specifies Query Reply IDs: [129, 132, 133]
INFO     pure3270.protocol.negotiator:negotiator.py:3088 [TN3270E] BIND-IMAGE received - session bound
PASSED                                                                   [ 15%]
tests/test_bind_image.py::TestBindImageIntegration::test_bind_image_with_different_screen_sizes PASSED [ 15%]
tests/test_bind_image.py::TestBindImageIntegration::test_end_to_end_bind_image_processing PASSED [ 15%]
tests/test_cli.py::test_main_no_args PASSED                              [ 15%]
tests/test_cli.py::test_main_with_host PASSED                            [ 15%]
tests/test_cli.py::test_main_with_script PASSED                          [ 15%]
tests/test_comprehensive_api_parity.py::TestComprehensiveAPIParity::test_method_signature_compliance PASSED [ 15%]
tests/test_comprehensive_api_parity.py::TestComprehensiveAPIParity::test_behavioral_equivalence
-------------------------------- live log call ---------------------------------
WARNING  pure3270.p3270_client:p3270_client.py:100 P3270Client.connect() called without hostName; skipping connection
WARNING  pure3270.p3270_client:p3270_client.py:100 P3270Client.connect() called without hostName; skipping connection
WARNING  pure3270.p3270_client:p3270_client.py:100 P3270Client.connect() called without hostName; skipping connection
ERROR    pure3270.p3270_client:p3270_client.py:384 Error executing command 'String(test input)': Session not connected.
[...]
INFO     pure3270.protocol.tcpip_printer_session_manager:tcpip_printer_session_manager.py:90 TCPIPPrinterSessionManager stopped
PASSED                                                                   [ 88%]
tests/test_tcpip_printer_session_manager.py::TestTCPIPPrinterSessionManager::test_create_printer_session_success
-------------------------------- live log setup --------------------------------
INFO     pure3270.protocol.tcpip_printer_session_manager:tcpip_printer_session_manager.py:57 TCPIPPrinterSessionManager initialized
-------------------------------- live log call ---------------------------------
INFO     pure3270.protocol.tcpip_connection_pool:tcpip_connection_pool.py:102 TCPIPConnectionPool initialized
INFO     pure3270.protocol.tcpip_connection_pool:tcpip_connection_pool.py:117 Connection pool started
INFO     pure3270.protocol.tcpip_printer_session_manager:tcpip_printer_session_manager.py:68 TCPIPPrinterSessionManager started
INFO     pure3270.protocol.tcpip_printer_session_manager:logging_utils.py:32 Executing create action: session test_session_001 for test.example.com:23
PASSED                                                                   [ 88%]
tests/test_tcpip_printer_session_manager.py::TestTCPIPPrinterSessionManager::test_create_printer_session_not_started
-------------------------------- live log setup --------------------------------
INFO     pure3270.protocol.tcpip_printer_session_manager:tcpip_printer_session_manager.py:57 TCPIPPrinterSessionManager initialized
PASSED                                                                   [ 88%]
tests/test_tcpip_printer_session_manager.py::TestTCPIPPrinterSessionManager::test_get_printer_session_found
-------------------------------- live log setup --------------------------------
INFO     pure3270.protocol.tcpip_printer_session_manager:tcpip_printer_session_manager.py:57 TCPIPPrinterSessionManager initialized
-------------------------------- live log call ---------------------------------
INFO     pure3270.protocol.tcpip_connection_pool:tcpip_connection_pool.py:102 TCPIPConnectionPool initialized
INFO     pure3270.protocol.tcpip_connection_pool:tcpip_connection_pool.py:117 Connection pool started
INFO     pure3270.protocol.tcpip_printer_session_manager:tcpip_printer_session_manager.py:68 TCPIPPrinterSessionManager started
PASSED                                                                   [ 88%]
tests/test_tcpip_printer_session_manager.py::TestTCPIPPrinterSessionManager::test_get_printer_session_not_found
-------------------------------- live log setup --------------------------------
INFO     pure3270.protocol.tcpip_printer_session_manager:tcpip_printer_session_manager.py:57 TCPIPPrinterSessionManager initialized
-------------------------------- live log call ---------------------------------
INFO     pure3270.protocol.tcpip_connection_pool:tcpip_connection_pool.py:102 TCPIPConnectionPool initialized
INFO     pure3270.protocol.tcpip_connection_pool:tcpip_connection_pool.py:117 Connection pool started
INFO     pure3270.protocol.tcpip_printer_session_manager:tcpip_printer_session_manager.py:68 TCPIPPrinterSessionManager started
PASSED                                                                   [ 88%]
tests/test_tcpip_printer_session_manager.py::TestTCPIPPrinterSessionManager::test_send_print_job_success
-------------------------------- live log setup --------------------------------
INFO     pure3270.protocol.tcpip_printer_session_manager:tcpip_printer_session_manager.py:57 TCPIPPrinterSessionManager initialized
-------------------------------- live log call ---------------------------------
INFO     pure3270.protocol.tcpip_connection_pool:tcpip_connection_pool.py:102 TCPIPConnectionPool initialized
INFO     pure3270.protocol.tcpip_connection_pool:tcpip_connection_pool.py:117 Connection pool started
INFO     pure3270.protocol.tcpip_printer_session_manager:tcpip_printer_session_manager.py:68 TCPIPPrinterSessionManager started
INFO     pure3270.protocol.tcpip_printer_session_manager:logging_utils.py:32 Executing send_print_job action: sent 14 bytes via test_session_001
PASSED                                                                   [ 88%]
tests/test_tcpip_printer_session_manager.py::TestTCPIPPrinterSessionManager::test_send_print_job_session_not_found
-------------------------------- live log setup --------------------------------
INFO     pure3270.protocol.tcpip_printer_session_manager:tcpip_printer_session_manager.py:57 TCPIPPrinterSessionManager initialized
-------------------------------- live log call ---------------------------------
INFO     pure3270.protocol.tcpip_connection_pool:tcpip_connection_pool.py:102 TCPIPConnectionPool initialized
INFO     pure3270.protocol.tcpip_connection_pool:tcpip_connection_pool.py:117 Connection pool started
INFO     pure3270.protocol.tcpip_printer_session_manager:tcpip_printer_session_manager.py:68 TCPIPPrinterSessionManager started
PASSED                                                                   [ 88%]
tests/test_tcpip_printer_session_manager.py::TestTCPIPPrinterSessionManager::test_send_printer_status_success
-------------------------------- live log setup --------------------------------
INFO     pure3270.protocol.tcpip_printer_session_manager:tcpip_printer_session_manager.py:57 TCPIPPrinterSessionManager initialized
-------------------------------- live log call ---------------------------------
INFO     pure3270.protocol.tcpip_connection_pool:tcpip_connection_pool.py:102 TCPIPConnectionPool initialized
INFO     pure3270.protocol.tcpip_connection_pool:tcpip_connection_pool.py:117 Connection pool started
INFO     pure3270.protocol.tcpip_printer_session_manager:tcpip_printer_session_manager.py:68 TCPIPPrinterSessionManager started
INFO     pure3270.protocol.tcpip_printer_session_manager:logging_utils.py:32 Executing send_printer_status action: status 0x01 via test_session_001
PASSED                                                                   [ 89%]
tests/test_tcpip_printer_session_manager.py::TestTCPIPPrinterSessionManager::test_receive_printer_data_success
-------------------------------- live log setup --------------------------------
INFO     pure3270.protocol.tcpip_printer_session_manager:tcpip_printer_session_manager.py:57 TCPIPPrinterSessionManager initialized
-------------------------------- live log call ---------------------------------
INFO     pure3270.protocol.tcpip_connection_pool:tcpip_connection_pool.py:102 TCPIPConnectionPool initialized
INFO     pure3270.protocol.tcpip_connection_pool:tcpip_connection_pool.py:117 Connection pool started
INFO     pure3270.protocol.tcpip_printer_session_manager:tcpip_printer_session_manager.py:68 TCPIPPrinterSessionManager started
PASSED                                                                   [ 89%]
tests/test_tcpip_printer_session_manager.py::TestTCPIPPrinterSessionManager::test_close_printer_session_success
-------------------------------- live log setup --------------------------------
INFO     pure3270.protocol.tcpip_printer_session_manager:tcpip_printer_session_manager.py:57 TCPIPPrinterSessionManager initialized
-------------------------------- live log call ---------------------------------
INFO     pure3270.protocol.tcpip_connection_pool:tcpip_connection_pool.py:102 TCPIPConnectionPool initialized
INFO     pure3270.protocol.tcpip_connection_pool:tcpip_connection_pool.py:117 Connection pool started
INFO     pure3270.protocol.tcpip_printer_session_manager:tcpip_printer_session_manager.py:68 TCPIPPrinterSessionManager started
INFO     pure3270.protocol.tcpip_printer_session_manager:logging_utils.py:78 [CONNECTION] closed - test.example.com:23
PASSED                                                                   [ 89%]
tests/test_tcpip_printer_session_manager.py::TestTCPIPPrinterSessionManager::test_close_printer_session_not_found
-------------------------------- live log setup --------------------------------
INFO     pure3270.protocol.tcpip_printer_session_manager:tcpip_printer_session_manager.py:57 TCPIPPrinterSessionManager initialized
-------------------------------- live log call ---------------------------------
INFO     pure3270.protocol.tcpip_connection_pool:tcpip_connection_pool.py:102 TCPIPConnectionPool initialized
INFO     pure3270.protocol.tcpip_connection_pool:tcpip_connection_pool.py:117 Connection pool started
INFO     pure3270.protocol.tcpip_printer_session_manager:tcpip_printer_session_manager.py:68 TCPIPPrinterSessionManager started
PASSED                                                                   [ 89%]
tests/test_tcpip_printer_session_manager.py::TestTCPIPPrinterSessionManager::test_close_all_sessions
-------------------------------- live log setup --------------------------------
INFO     pure3270.protocol.tcpip_printer_session_manager:tcpip_printer_session_manager.py:57 TCPIPPrinterSessionManager initialized
-------------------------------- live log call ---------------------------------
INFO     pure3270.protocol.tcpip_connection_pool:tcpip_connection_pool.py:102 TCPIPConnectionPool initialized
INFO     pure3270.protocol.tcpip_connection_pool:tcpip_connection_pool.py:117 Connection pool started
INFO     pure3270.protocol.tcpip_printer_session_manager:tcpip_printer_session_manager.py:68 TCPIPPrinterSessionManager started
INFO     pure3270.protocol.tcpip_printer_session_manager:tcpip_printer_session_manager.py:310 All printer sessions closed
PASSED                                                                   [ 89%]
tests/test_tcpip_printer_session_manager.py::TestTCPIPPrinterSessionManager::test_get_active_sessions
-------------------------------- live log setup --------------------------------
INFO     pure3270.protocol.tcpip_printer_session_manager:tcpip_printer_session_manager.py:57 TCPIPPrinterSessionManager initialized
PASSED                                                                   [ 89%]
tests/test_tcpip_printer_session_manager.py::TestTCPIPPrinterSessionManager::test_get_pool_stats
-------------------------------- live log setup --------------------------------
INFO     pure3270.protocol.tcpip_printer_session_manager:tcpip_printer_session_manager.py:57 TCPIPPrinterSessionManager initialized
PASSED                                                                   [ 89%]
tests/test_tcpip_printer_session_manager.py::TestTCPIPPrinterSessionManager::test_get_manager_stats
-------------------------------- live log setup --------------------------------
INFO     pure3270.protocol.tcpip_printer_session_manager:tcpip_printer_session_manager.py:57 TCPIPPrinterSessionManager initialized
PASSED                                                                   [ 89%]
tests/test_tcpip_printer_session_manager.py::TestTCPIPPrinterSessionManager::test_context_manager
-------------------------------- live log setup --------------------------------
INFO     pure3270.protocol.tcpip_printer_session_manager:tcpip_printer_session_manager.py:57 TCPIPPrinterSessionManager initialized
-------------------------------- live log call ---------------------------------
INFO     pure3270.protocol.tcpip_connection_pool:tcpip_connection_pool.py:102 TCPIPConnectionPool initialized
INFO     pure3270.protocol.tcpip_connection_pool:tcpip_connection_pool.py:117 Connection pool started
INFO     pure3270.protocol.tcpip_printer_session_manager:tcpip_printer_session_manager.py:68 TCPIPPrinterSessionManager started
INFO     pure3270.protocol.tcpip_connection_pool:tcpip_connection_pool.py:146 Connection pool stopped
INFO     pure3270.protocol.tcpip_printer_session_manager:tcpip_printer_session_manager.py:90 TCPIPPrinterSessionManager stopped
PASSED                                                                   [ 89%]
tests/test_tcpip_printer_session_manager.py::TestTCPIPPrinterSessionManager::test_error_handling_in_operations
-------------------------------- live log setup --------------------------------
INFO     pure3270.protocol.tcpip_printer_session_manager:tcpip_printer_session_manager.py:57 TCPIPPrinterSessionManager initialized
-------------------------------- live log call ---------------------------------
INFO     pure3270.protocol.tcpip_connection_pool:tcpip_connection_pool.py:102 TCPIPConnectionPool initialized
INFO     pure3270.protocol.tcpip_connection_pool:tcpip_connection_pool.py:117 Connection pool started
INFO     pure3270.protocol.tcpip_printer_session_manager:tcpip_printer_session_manager.py:68 TCPIPPrinterSessionManager started
ERROR    pure3270.protocol.tcpip_printer_session_manager:logging_utils.py:39 Error executing send_print_job action: Send failed
ERROR    pure3270.protocol.tcpip_printer_session_manager:tcpip_printer_session_manager.py:335 Error during session error handling: object MagicMock can't be used in 'await' expression
PASSED                                                                   [ 89%]
tests/test_tn3270_handler.py::TestTN3270Handler::test_connect_non_ssl
-------------------------------- live log setup --------------------------------
INFO     pure3270.protocol.negotiator:negotiator.py:202 Negotiator created: id=139774268871680, writer=<AsyncMock id='139774268877104'>, parser=None, screen_buffer=ScreenBuffer(24x80, fields=0), handler=<pure3270.protocol.tn3270_handler.TN3270Handler object at 0x7f1fbba513a0>, is_printer_session=False
INFO     pure3270.protocol.negotiator:negotiator.py:250 Negotiator initialized with terminal type: IBM-3278-2
INFO     pure3270.protocol.negotiator:negotiator.py:262 Screen dimensions set to 24x80 for terminal IBM-3278-2
-------------------------------- live log call ---------------------------------
WARNING  pure3270.protocol.tn3270_handler:tn3270_handler.py:809 [STATE] Rapid state transition detected: DISCONNECTED -> CONNECTING in 0.006s
INFO     pure3270.protocol.tn3270_handler:tn3270_handler.py:1463 [HANDLER] Connecting to test-host:23 (ssl=False)
WARNING  pure3270.protocol.tn3270_handler:tn3270_handler.py:809 [STATE] Rapid state transition detected: CONNECTING -> NEGOTIATING in 0.001s
INFO     pure3270.protocol.tn3270_handler:tn3270_handler.py:1494 [HANDLER] Starting Telnet negotiation with standard timing profile
INFO     pure3270.protocol.tn3270_handler:tn3270_handler.py:1498 [HANDLER] Starting TN3270E subnegotiation
INFO     pure3270.protocol.tn3270_handler:tn3270_handler.py:1502 [HANDLER] Negotiation complete
WARNING  pure3270.protocol.tn3270_handler:tn3270_handler.py:779 [STATE] Entering TN3270_MODE without TN3270E negotiation - falling back to basic TN3270
WARNING  pure3270.protocol.tn3270_handler:tn3270_handler.py:809 [STATE] Rapid state transition detected: NEGOTIATING -> TN3270_MODE in 0.002s
PASSED                                                                   [ 89%]
tests/test_tn3270_handler.py::TestTN3270Handler::test_connect_ssl
-------------------------------- live log setup --------------------------------
INFO     pure3270.protocol.negotiator:negotiator.py:202 Negotiator created: id=139774247951904, writer=<AsyncMock id='139774247951616'>, parser=None, screen_buffer=ScreenBuffer(24x80, fields=0), handler=<pure3270.protocol.tn3270_handler.TN3270Handler object at 0x7f1fba65deb0>, is_printer_session=False
INFO     pure3270.protocol.negotiator:negotiator.py:250 Negotiator initialized with terminal type: IBM-3278-2
INFO     pure3270.protocol.negotiator:negotiator.py:262 Screen dimensions set to 24x80 for terminal IBM-3278-2
-------------------------------- live log call ---------------------------------
WARNING  pure3270.protocol.tn3270_handler:tn3270_handler.py:809 [STATE] Rapid state transition detected: DISCONNECTED -> CONNECTING in 0.007s
INFO     pure3270.protocol.tn3270_handler:tn3270_handler.py:1463 [HANDLER] Connecting to test-host:23 (ssl=True)
WARNING  pure3270.protocol.tn3270_handler:tn3270_handler.py:809 [STATE] Rapid state transition detected: CONNECTING -> NEGOTIATING in 0.001s
INFO     pure3270.protocol.tn3270_handler:tn3270_handler.py:1494 [HANDLER] Starting Telnet negotiation with standard timing profile
INFO     pure3270.protocol.tn3270_handler:tn3270_handler.py:1498 [HANDLER] Starting TN3270E subnegotiation
INFO     pure3270.protocol.tn3270_handler:tn3270_handler.py:1502 [HANDLER] Negotiation complete
WARNING  pure3270.protocol.tn3270_handler:tn3270_handler.py:779 [STATE] Entering TN3270_MODE without TN3270E negotiation - falling back to basic TN3270
WARNING  pure3270.protocol.tn3270_handler:tn3270_handler.py:809 [STATE] Rapid state transition detected: NEGOTIATING -> TN3270_MODE in 0.002s
PASSED                                                                   [ 90%]
tests/test_tn3270_handler.py::TestTN3270Handler::test_connect_error
-------------------------------- live log setup --------------------------------
INFO     pure3270.protocol.negotiator:negotiator.py:202 Negotiator created: id=139774265438288, writer=<AsyncMock id='139774268869760'>, parser=None, screen_buffer=ScreenBuffer(24x80, fields=0), handler=<pure3270.protocol.tn3270_handler.TN3270Handler object at 0x7f1fbb70af90>, is_printer_session=False
INFO     pure3270.protocol.negotiator:negotiator.py:250 Negotiator initialized with terminal type: IBM-3278-2
INFO     pure3270.protocol.negotiator:negotiator.py:262 Screen dimensions set to 24x80 for terminal IBM-3278-2
-------------------------------- live log call ---------------------------------
WARNING  pure3270.protocol.tn3270_handler:tn3270_handler.py:809 [STATE] Rapid state transition detected: DISCONNECTED -> CONNECTING in 0.002s
INFO     pure3270.protocol.tn3270_handler:tn3270_handler.py:1463 [HANDLER] Connecting to test-host:23 (ssl=False)
ERROR    pure3270.protocol.tn3270_handler:tn3270_handler.py:795 [STATE] Entering ERROR state from CONNECTING - this indicates a failure condition
WARNING  pure3270.protocol.tn3270_handler:tn3270_handler.py:809 [STATE] Rapid state transition detected: CONNECTING -> ERROR in 0.001s
ERROR    pure3270.protocol.tn3270_handler:tn3270_handler.py:847 [STATE] Entered ERROR state from CONNECTING
PASSED                                                                   [ 90%]
tests/test_tn3270_handler.py::TestTN3270Handler::test_sna_session_state_property
-------------------------------- live log setup --------------------------------
INFO     pure3270.protocol.negotiator:negotiator.py:202 Negotiator created: id=139774373415152, writer=<AsyncMock id='139774268616064'>, parser=None, screen_buffer=ScreenBuffer(24x80, fields=0), handler=<pure3270.protocol.tn3270_handler.TN3270Handler object at 0x7f1fc1e045f0>, is_printer_session=False
INFO     pure3270.protocol.negotiator:negotiator.py:250 Negotiator initialized with terminal type: IBM-3278-2
INFO     pure3270.protocol.negotiator:negotiator.py:262 Screen dimensions set to 24x80 for terminal IBM-3278-2
PASSED                                                                   [ 90%]
tests/test_tn3270_handler.py::TestTN3270Handler::test_negotiate_tn3270_success
-------------------------------- live log setup --------------------------------
INFO     pure3270.protocol.negotiator:negotiator.py:202 Negotiator created: id=139774373418512, writer=<AsyncMock id='139774408031552'>, parser=None, screen_buffer=ScreenBuffer(24x80, fields=0), handler=<pure3270.protocol.tn3270_handler.TN3270Handler object at 0x7f1fc1e04e90>, is_printer_session=False
INFO     pure3270.protocol.negotiator:negotiator.py:250 Negotiator initialized with terminal type: IBM-3278-2
INFO     pure3270.protocol.negotiator:negotiator.py:262 Screen dimensions set to 24x80 for terminal IBM-3278-2
-------------------------------- live log call ---------------------------------
INFO     pure3270.protocol.negotiator:negotiator.py:1278 [NEGOTIATION] force_mode=tn3270e specified; attempting TN3270E negotiation.
INFO     pure3270.protocol.negotiator:negotiator.py:1301 [NEGOTIATION] Starting TN3270E negotiation with standard timing profile: waiting for server DEVICE-TYPE SEND.
