<?xml version="1.0" encoding="utf-8"?><testsuites name="pytest tests"><testsuite name="pytest" errors="0" failures="0" skipped="2" tests="38" time="6.916" timestamp="2025-11-02T18:07:31.281866+00:00" hostname="e10675617d95"><testcase classname="tests.test_protocol_negotiation_traces.TestProtocolNegotiation" name="test_extended_attribute_negotiation[trace_path0]" time="0.002" /><testcase classname="tests.test_protocol_negotiation_traces.TestProtocolNegotiation" name="test_extended_attribute_negotiation[trace_path1]" time="0.002"><skipped type="pytest.skip" message="No TN3270E FUNCTIONS negotiation in login.trc; skipping extended attribute test.">/workspaces/pure3270/tests/test_protocol_negotiation_traces.py:106: No TN3270E FUNCTIONS negotiation in login.trc; skipping extended attribute test.</skipped></testcase><testcase classname="tests.test_protocol_negotiation_traces.TestProtocolNegotiation" name="test_login_trace_telnet_negotiation" time="0.002" /><testcase classname="tests.test_protocol_negotiation_traces.TestProtocolNegotiation" name="test_edge_case_renegotiation" time="0.002" /><testcase classname="tests.test_protocol_negotiation_traces.TestProtocolNegotiation" name="test_smoke_trace_tn3270e_negotiation" time="0.002" /><testcase classname="tests.test_protocol_negotiation_traces.TestProtocolNegotiation" name="test_smoke_trace_bind_image" time="0.001" /><testcase classname="tests.test_protocol_negotiation_traces.TestProtocolNegotiation" name="test_negotiation_sequence_login" time="0.002" /><testcase classname="tests.test_protocol_negotiation_traces.TestProtocolNegotiation" name="test_negotiation_sequence_smoke" time="0.002" /><testcase classname="tests.test_protocol_negotiation_traces.TestProtocolNegotiation" name="test_negotiation_coverage_report" time="0.003" /><testcase classname="tests.test_protocol_negotiation_traces.TestProtocolNegotiation" name="test_required_options_negotiated[login-expected_options0]" time="0.002" /><testcase classname="tests.test_protocol_negotiation_traces.TestProtocolNegotiation" name="test_required_options_negotiated[smoke-expected_options1]" time="0.002"><skipped type="pytest.skip" message="BINARY option not required for TN3270E printer sessions per RFC 1576/2355">/workspaces/pure3270/tests/test_protocol_negotiation_traces.py:381: BINARY option not required for TN3270E printer sessions per RFC 1576/2355</skipped></testcase><testcase classname="tests.test_protocol_negotiation_traces.TestProtocolNegotiation" name="test_negative_negotiation_scenarios" time="0.001" /><testcase classname="tests.test_protocol_negotiation_traces.TestProtocolNegotiation" name="test_protocol_error_handling" time="0.008" /><testcase classname="tests.test_protocol_negotiation_traces.TestProtocolNegotiation" name="test_rfc_compliance_negotiation_sequence" time="0.002" /><testcase classname="tests.test_protocol_negotiation_traces.TestProtocolNegotiation" name="test_device_type_fallback" time="0.003" /><testcase classname="tests.test_protocol_negotiation_traces.TestProtocolNegotiation" name="test_negotiation_timing_and_sequence" time="0.001" /><testcase classname="tests.test_protocol_negotiation_traces.TestProtocolNegotiation" name="test_subnegotiation_payload_validation" time="0.002" /><testcase classname="tests.test_protocol_negotiation_traces.TestProtocolNegotiation" name="test_comprehensive_negotiation_coverage_report" time="0.005" /><testcase classname="tests.test_printer_protocol_traces.TestPrinterProtocol" name="test_print_job_detection" time="0.002" /><testcase classname="tests.test_printer_protocol_traces.TestPrinterProtocol" name="test_print_eoj_markers" time="0.001" /><testcase classname="tests.test_printer_protocol_traces.TestPrinterProtocol" name="test_scs_control_codes" time="0.001" /><testcase classname="tests.test_printer_protocol_traces.TestPrinterProtocol" name="test_printer_response_handling" time="0.001" /><testcase classname="tests.test_printer_protocol_traces.TestPrinterProtocol" name="test_print_job_content" time="0.001" /><testcase classname="tests.test_printer_protocol_traces.TestPrinterProtocol" name="test_multi_page_print_jobs" time="0.002" /><testcase classname="tests.test_printer_protocol_traces.TestPrinterProtocol" name="test_tn3270e_sequence_numbers" time="0.002" /><testcase classname="tests.test_printer_protocol_traces.TestPrinterProtocol" name="test_printer_coverage_report" time="0.002" /><testcase classname="tests.test_printer_protocol_traces.TestPrinterProtocol" name="test_scs_feature_present[newline-Newline (NL) control code]" time="0.001" /><testcase classname="tests.test_printer_protocol_traces.TestPrinterProtocol" name="test_scs_feature_present[form_feed-Form feed (FF) control code for page breaks]" time="0.001" /><testcase classname="tests.test_printer_protocol_traces.TestPrinterProtocol" name="test_scs_feature_present[end_of_medium-End of medium (EM) marker]" time="0.001" /><testcase classname="tests.test_printer_protocol_traces.TestPrinterProtocol" name="test_print_job_boundaries" time="0.001" /><testcase classname="tests.test_error_handling_traces" name="test_missing_trace_file" time="0.002" /><testcase classname="tests.test_error_handling_traces" name="test_truncated_hex_record_detection" time="1.125" /><testcase classname="tests.test_error_handling_traces" name="test_non_hex_characters_in_record" time="1.043" /><testcase classname="tests.test_error_handling_traces" name="test_incomplete_negotiation_detected" time="1.123" /><testcase classname="tests.test_error_handling_traces" name="test_parser_exception_propagation" time="0.005" /><testcase classname="tests.test_error_handling_traces" name="test_replay_reports_warnings_and_errors_for_corrupted_trace" time="1.608" /><testcase classname="tests.test_dbcs_traces" name="test_synthetic_dbcs_record_parsed" time="0.004" /><testcase classname="tests.test_dbcs_traces" name="test_real_trace_contains_high_bit_bytes_and_parses" time="1.827" /></testsuite></testsuites>