mypy.....................................................................Failed
- hook id: mypy
- exit code: 1

setup.py:1: error: Cannot find implementation or library stub for module named "setuptools"  [import-not-found]
pure3270/emulation/buffer_writer.py:13: error: Function is missing a return type annotation  [no-untyped-def]
pure3270/emulation/buffer_writer.py:13: note: Use "-> None" if function does not return a value
pure3270/emulation/printer_buffer.py:17: error: Need type annotation for "_buffer" (hint: "_buffer: List[<type>] = ...")  [var-annotated]
pure3270/emulation/printer_buffer.py:20: error: Function is missing a return type annotation  [no-untyped-def]
pure3270/emulation/printer_buffer.py:20: note: Use "-> None" if function does not return a value
pure3270/emulation/printer_buffer.py:26: error: Function is missing a return type annotation  [no-untyped-def]
pure3270/emulation/printer_buffer.py:74: error: Function is missing a return type annotation  [no-untyped-def]
pure3270/emulation/printer_buffer.py:87: error: Function is missing a return type annotation  [no-untyped-def]
pure3270/emulation/printer_buffer.py:87: note: Use "-> None" if function does not return a value
pure3270/emulation/printer_buffer.py:93: error: Function is missing a return type annotation  [no-untyped-def]
pure3270/emulation/printer_buffer.py:93: note: Use "-> None" if function does not return a value
pure3270/emulation/printer_buffer.py:108: error: Implicit generic "Any". Use "typing.List" and specify generic parameters  [type-arg]
pure3270/emulation/printer_buffer.py:112: error: Function is missing a type annotation  [no-untyped-def]
pure3270/emulation/printer_buffer.py:115: error: Function is missing a type annotation  [no-untyped-def]
pure3270/emulation/printer_buffer.py:118: error: Function is missing a type annotation  [no-untyped-def]
pure3270/emulation/printer_buffer.py:122: error: Function is missing a return type annotation  [no-untyped-def]
pure3270/emulation/printer_buffer.py:147: error: Function is missing a return type annotation  [no-untyped-def]
pure3270/emulation/printer_buffer.py:147: note: Use "-> None" if function does not return a value
pure3270/emulation/ebcdic.py:31: error: Returning Any from function declared to return "str"  [no-any-return]
pure3270/emulation/ebcdic.py:42: error: X | Y syntax for unions requires Python 3.10  [syntax]
pure3270/emulation/ebcdic.py:52: error: Statement is unreachable  [unreachable]
pure3270/emulation/ebcdic.py:60: error: Argument 1 to "bytes" has incompatible type "Union[str, bytes, bytearray]"; expected "Union[Iterable[SupportsIndex], SupportsIndex, SupportsBytes, Buffer]"  [arg-type]
pure3270/emulation/ebcdic.py:65: error: Returning Any from function declared to return "bytes"  [no-any-return]
pure3270/emulation/ebcdic.py:104: error: Function is missing a return type annotation  [no-untyped-def]
pure3270/emulation/ebcdic.py:144: error: Function is missing a return type annotation  [no-untyped-def]
pure3270/emulation/ebcdic.py:144: note: Use "-> None" if function does not return a value
pure3270/emulation/ebcdic.py:176: error: Function is missing a return type annotation  [no-untyped-def]
pure3270/emulation/ebcdic.py:191: error: Function is missing a return type annotation  [no-untyped-def]
pure3270/emulation/ebcdic.py:191: error: X | Y syntax for unions requires Python 3.10  [syntax]
pure3270/emulation/ebcdic.py:205: error: Argument 1 to "bytes" has incompatible type "Union[str, bytes, bytearray]"; expected "Union[Iterable[SupportsIndex], SupportsIndex, SupportsBytes, Buffer]"  [arg-type]
tests/test_emulation_ebcdic.py:3: error: Cannot find implementation or library stub for module named "pytest"  [import-not-found]
pure3270/protocol/ssl_wrapper.py:74: error: Function is missing a type annotation  [no-untyped-def]
pure3270/protocol/ssl_wrapper.py:93: error: Incompatible return value type (got "Optional[SSLContext]", expected "SSLContext")  [return-value]
pure3270/emulation/screen_buffer.py:20: error: Function is missing a type annotation for one or more arguments  [no-untyped-def]
pure3270/emulation/screen_buffer.py:83: error: Returning Any from function declared to return "str"  [no-any-return]
pure3270/emulation/screen_buffer.py:84: error: Returning Any from function declared to return "str"  [no-any-return]
pure3270/emulation/screen_buffer.py:114: error: Function is missing a type annotation  [no-untyped-def]
pure3270/emulation/screen_buffer.py:134: error: Argument 1 to "Field" has incompatible type "**Dict[str, object]"; expected "bytes"  [arg-type]
pure3270/emulation/screen_buffer.py:136: error: Function is missing a type annotation  [no-untyped-def]
pure3270/emulation/screen_buffer.py:172: error: Need type annotation for "_extended_attributes" (hint: "_extended_attributes: Dict[<type>, <type>] = ...")  [var-annotated]
pure3270/emulation/screen_buffer.py:183: error: Function is missing a return type annotation  [no-untyped-def]
pure3270/emulation/screen_buffer.py:183: note: Use "-> None" if function does not return a value
pure3270/emulation/screen_buffer.py:246: error: Function is missing a return type annotation  [no-untyped-def]
pure3270/emulation/screen_buffer.py:272: error: Function is missing a return type annotation  [no-untyped-def]
pure3270/emulation/screen_buffer.py:307: error: Function is missing a return type annotation  [no-untyped-def]
pure3270/emulation/screen_buffer.py:307: note: Use "-> None" if function does not return a value
pure3270/emulation/screen_buffer.py:429: error: Function is missing a return type annotation  [no-untyped-def]
pure3270/emulation/screen_buffer.py:499: error: Function is missing a return type annotation  [no-untyped-def]
pure3270/emulation/screen_buffer.py:515: error: Function is missing a return type annotation  [no-untyped-def]
pure3270/emulation/screen_buffer.py:515: note: Use "-> None" if function does not return a value
pure3270/emulation/screen_buffer.py:539: error: Function is missing a return type annotation  [no-untyped-def]
tests/test_ssl_wrapper.py:5: error: Cannot find implementation or library stub for module named "pytest"  [import-not-found]
tests/test_integration.py:4: error: Cannot find implementation or library stub for module named "pytest"  [import-not-found]
tests/test_field_modification.py:3: error: Cannot find implementation or library stub for module named "pytest"  [import-not-found]
tests/test_field_modification.py:55: error: Statement is unreachable  [unreachable]
tests/test_extended_field_attributes.py:3: error: Cannot find implementation or library stub for module named "pytest"  [import-not-found]
tests/test_emulation.py:4: error: Cannot find implementation or library stub for module named "pytest"  [import-not-found]
pure3270/session_manager.py:72: error: Function is missing a type annotation for one or more arguments  [no-untyped-def]
pure3270/session_manager.py:87: error: Function is missing a type annotation for one or more arguments  [no-untyped-def]
pure3270/protocol/utils.py:185: error: Function is missing a type annotation for one or more arguments  [no-untyped-def]
pure3270/protocol/utils.py:215: error: Argument 1 to "create_task" of "AbstractEventLoop" has incompatible type "Awaitable[Any]"; expected "Union[Generator[Any, None, Never], Coroutine[Any, Any, Never]]"  [arg-type]
pure3270/protocol/utils.py:219: error: Argument 1 to "run" has incompatible type "Awaitable[Any]"; expected "Coroutine[Any, Any, Never]"  [arg-type]
pure3270/protocol/utils.py:228: error: Function is missing a type annotation for one or more arguments  [no-untyped-def]
pure3270/protocol/utils.py:257: error: Argument 1 to "create_task" of "AbstractEventLoop" has incompatible type "Awaitable[Any]"; expected "Union[Generator[Any, None, Never], Coroutine[Any, Any, Never]]"  [arg-type]
pure3270/protocol/utils.py:260: error: Argument 1 to "run" has incompatible type "Awaitable[Any]"; expected "Coroutine[Any, Any, Never]"  [arg-type]
pure3270/protocol/utils.py:351: error: Returning Any from function declared to return "int"  [no-any-return]
pure3270/protocol/errors.py:20: error: Missing type parameters for generic type "Callable"  [type-arg]
pure3270/protocol/errors.py:30: error: Function is missing a type annotation  [no-untyped-def]
pure3270/protocol/errors.py:51: error: Function is missing a type annotation  [no-untyped-def]
pure3270/protocol/errors.py:54: error: Function is missing a return type annotation  [no-untyped-def]
pure3270/protocol/errors.py:57: error: Function is missing a type annotation  [no-untyped-def]
pure3270/protocol/errors.py:63: error: Function is missing a type annotation  [no-untyped-def]
tests/test_protocol_utils.py:4: error: Cannot find implementation or library stub for module named "pytest"  [import-not-found]
pure3270/protocol/vt100_parser.py:20: error: Function is missing a type annotation  [no-untyped-def]
pure3270/protocol/vt100_parser.py:81: error: Item "None" of "Optional[Any]" has no attribute "advance"  [union-attr]
pure3270/protocol/vt100_parser.py:82: error: Item "None" of "Optional[Any]" has no attribute "has_more"  [union-attr]
pure3270/protocol/vt100_parser.py:85: error: Item "None" of "Optional[Any]" has no attribute "peek_char"  [union-attr]
pure3270/protocol/vt100_parser.py:89: error: Item "None" of "Optional[Any]" has no attribute "advance"  [union-attr]
pure3270/protocol/vt100_parser.py:95: error: Item "None" of "Optional[Any]" has no attribute "advance"  [union-attr]
pure3270/protocol/vt100_parser.py:96: error: Item "None" of "Optional[Any]" has no attribute "has_more"  [union-attr]
pure3270/protocol/vt100_parser.py:97: error: Item "None" of "Optional[Any]" has no attribute "read_char"  [union-attr]
pure3270/protocol/vt100_parser.py:100: error: Item "None" of "Optional[Any]" has no attribute "advance"  [union-attr]
pure3270/protocol/vt100_parser.py:101: error: Item "None" of "Optional[Any]" has no attribute "has_more"  [union-attr]
pure3270/protocol/vt100_parser.py:102: error: Item "None" of "Optional[Any]" has no attribute "read_char"  [union-attr]
pure3270/protocol/vt100_parser.py:105: error: Item "None" of "Optional[Any]" has no attribute "advance"  [union-attr]
pure3270/protocol/vt100_parser.py:109: error: Item "None" of "Optional[Any]" has no attribute "advance"  [union-attr]
pure3270/protocol/vt100_parser.py:113: error: Item "None" of "Optional[Any]" has no attribute "advance"  [union-attr]
pure3270/protocol/vt100_parser.py:116: error: Item "None" of "Optional[Any]" has no attribute "advance"  [union-attr]
pure3270/protocol/vt100_parser.py:119: error: Item "None" of "Optional[Any]" has no attribute "advance"  [union-attr]
pure3270/protocol/vt100_parser.py:123: error: Item "None" of "Optional[Any]" has no attribute "advance"  [union-attr]
pure3270/protocol/vt100_parser.py:127: error: Item "None" of "Optional[Any]" has no attribute "advance"  [union-attr]
pure3270/protocol/vt100_parser.py:131: error: Item "None" of "Optional[Any]" has no attribute "advance"  [union-attr]
pure3270/protocol/vt100_parser.py:134: error: Item "None" of "Optional[Any]" has no attribute "advance"  [union-attr]
pure3270/protocol/vt100_parser.py:143: error: Item "None" of "Optional[Any]" has no attribute "_pos"  [union-attr]
pure3270/protocol/vt100_parser.py:144: error: Item "None" of "Optional[Any]" has no attribute "has_more"  [union-attr]
pure3270/protocol/vt100_parser.py:144: error: Item "None" of "Optional[Any]" has no attribute "peek_char"  [union-attr]
pure3270/protocol/vt100_parser.py:145: error: Item "None" of "Optional[Any]" has no attribute "advance"  [union-attr]
pure3270/protocol/vt100_parser.py:147: error: Item "None" of "Optional[Any]" has no attribute "has_more"  [union-attr]
pure3270/protocol/vt100_parser.py:148: error: Item "None" of "Optional[Any]" has no attribute "_pos"  [union-attr]
pure3270/protocol/vt100_parser.py:148: error: Item "None" of "Optional[Any]" has no attribute "_text"  [union-attr]
pure3270/protocol/vt100_parser.py:152: error: Item "None" of "Optional[Any]" has no attribute "_text"  [union-attr]
pure3270/protocol/vt100_parser.py:152: error: Item "None" of "Optional[Any]" has no attribute "_pos"  [union-attr]
pure3270/protocol/vt100_parser.py:153: error: Item "None" of "Optional[Any]" has no attribute "read_char"  [union-attr]
pure3270/protocol/vt100_parser.py:171: error: Implicit generic "Any". Use "typing.List" and specify generic parameters  [type-arg]
tests/test_tn3270e_header.py:1: error: Cannot find implementation or library stub for module named "pytest"  [import-not-found]
pure3270/protocol/printer.py:100: error: Function is missing a return type annotation  [no-untyped-def]
pure3270/protocol/printer.py:100: note: Use "-> None" if function does not return a value
pure3270/protocol/printer.py:192: error: Implicit generic "Any". Use "typing.Dict" and specify generic parameters  [type-arg]
pure3270/protocol/data_stream.py:126: error: Function is missing a type annotation  [no-untyped-def]
pure3270/protocol/data_stream.py:224: error: Function is missing a type annotation  [no-untyped-def]
pure3270/protocol/data_stream.py:232: error: "object" has no attribute "hex"  [attr-defined]
pure3270/protocol/data_stream.py:250: error: Incompatible return value type (got "int", expected "bool")  [return-value]
pure3270/protocol/data_stream.py:268: error: Argument 1 to "get" of "dict" has incompatible type "Optional[int]"; expected "int"  [arg-type]
pure3270/protocol/data_stream.py:422: error: "Negotiator" has no attribute "handle_sna_response"; maybe "_handle_sna_response" or "_handle_tn3270e_response"?  [attr-defined]
pure3270/protocol/data_stream.py:454: error: Incompatible types in assignment (expression has type "BaseParser", variable has type "None")  [assignment]
pure3270/protocol/data_stream.py:460: error: "None" has no attribute "has_more"  [attr-defined]
pure3270/protocol/data_stream.py:463: error: "None" has no attribute "read_byte"  [attr-defined]
pure3270/protocol/data_stream.py:478: error: Cannot call function of unknown type  [operator]
pure3270/protocol/data_stream.py:484: error: Cannot call function of unknown type  [operator]
pure3270/protocol/data_stream.py:490: error: Cannot call function of unknown type  [operator]
pure3270/protocol/data_stream.py:492: error: Cannot call function of unknown type  [operator]
pure3270/protocol/data_stream.py:493: error: "None" has no attribute "_pos"  [attr-defined]
pure3270/protocol/data_stream.py:497: error: "None" has no attribute "_pos"  [attr-defined]
pure3270/protocol/data_stream.py:527: error: Incompatible types in assignment (expression has type "BaseParser", variable has type "None")  [assignment]
pure3270/protocol/data_stream.py:529: error: "None" has no attribute "_pos"  [attr-defined]
pure3270/protocol/data_stream.py:530: error: Incompatible return value type (got "None", expected "BaseParser")  [return-value]
pure3270/protocol/data_stream.py:548: error: Statement is unreachable  [unreachable]
pure3270/protocol/data_stream.py:580: error: Incompatible types in assignment (expression has type "int", variable has type "None")  [assignment]
pure3270/protocol/data_stream.py:601: error: "None" has no attribute "_pos"  [attr-defined]
pure3270/protocol/data_stream.py:615: error: "None" has no attribute "_pos"  [attr-defined]
pure3270/protocol/data_stream.py:658: error: Statement is unreachable  [unreachable]
pure3270/protocol/data_stream.py:688: error: Statement is unreachable  [unreachable]
pure3270/protocol/data_stream.py:711: error: Statement is unreachable  [unreachable]
pure3270/protocol/data_stream.py:743: error: Incompatible types in assignment (expression has type "int", variable has type "None")  [assignment]
pure3270/protocol/data_stream.py:751: error: Implicit generic "Any". Use "typing.Dict" and specify generic parameters  [type-arg]
pure3270/protocol/data_stream.py:755: error: Need type annotation for "attrs" (hint: "attrs: Dict[<type>, <type>] = ...")  [var-annotated]
pure3270/protocol/data_stream.py:791: error: Statement is unreachable  [unreachable]
pure3270/protocol/data_stream.py:930: error: Statement is unreachable  [unreachable]
pure3270/protocol/data_stream.py:980: error: Statement is unreachable  [unreachable]
pure3270/protocol/data_stream.py:1118: error: Incompatible types in assignment (expression has type "BindImage", variable has type "Optional[bytes]")  [assignment]
pure3270/protocol/negotiator.py:140: error: Need type annotation for "_pending_requests" (hint: "_pending_requests: Dict[<type>, <type>] = ...")  [var-annotated]
pure3270/protocol/negotiator.py:157: error: X | Y syntax for unions requires Python 3.10  [syntax]
pure3270/protocol/negotiator.py:220: error: Function is missing a type annotation for one or more arguments  [no-untyped-def]
pure3270/protocol/negotiator.py:544: error: "TN3270Handler" has no attribute "_ascii_mode"; maybe "set_ascii_mode"?  [attr-defined]
pure3270/protocol/negotiator.py:576: error: Returning Any from function declared to return "bytes"  [no-any-return]
pure3270/protocol/negotiator.py:576: error: "TN3270Handler" has no attribute "_read_iac"  [attr-defined]
pure3270/protocol/negotiator.py:642: error: Item "None" of "Optional[StreamWriter]" has no attribute "drain"  [union-attr]
pure3270/protocol/negotiator.py:648: error: Item "None" of "Optional[StreamWriter]" has no attribute "drain"  [union-attr]
pure3270/protocol/negotiator.py:693: error: Item "None" of "Optional[StreamWriter]" has no attribute "drain"  [union-attr]
pure3270/protocol/negotiator.py:699: error: Item "None" of "Optional[StreamWriter]" has no attribute "drain"  [union-attr]
pure3270/protocol/negotiator.py:770: error: Item "None" of "Optional[StreamWriter]" has no attribute "drain"  [union-attr]
pure3270/protocol/negotiator.py:825: error: Function is missing a return type annotation  [no-untyped-def]
pure3270/protocol/negotiator.py:954: error: Function is missing a type annotation  [no-untyped-def]
pure3270/protocol/negotiator.py:955: error: Function is missing a return type annotation  [no-untyped-def]
pure3270/protocol/negotiator.py:1158: error: Item "None" of "Optional[StreamWriter]" has no attribute "drain"  [union-attr]
pure3270/protocol/negotiator.py:1232: error: Item "None" of "Optional[StreamWriter]" has no attribute "drain"  [union-attr]
pure3270/protocol/negotiator.py:1290: error: Item "None" of "Optional[StreamWriter]" has no attribute "drain"  [union-attr]
pure3270/protocol/negotiator.py:1300: error: Function is missing a type annotation for one or more arguments  [no-untyped-def]
pure3270/protocol/negotiator.py:1361: error: "TN3270Handler" has no attribute "_update_session_state_from_sna_response"  [attr-defined]
pure3270/protocol/tn3270_handler.py:36: error: Function is missing a type annotation  [no-untyped-def]
pure3270/protocol/tn3270_handler.py:54: error: Function is missing a type annotation  [no-untyped-def]
pure3270/protocol/tn3270_handler.py:71: error: Function is missing a type annotation  [no-untyped-def]
pure3270/protocol/tn3270_handler.py:100: error: Function is missing a type annotation  [no-untyped-def]
pure3270/protocol/tn3270_handler.py:103: error: Function is missing a type annotation  [no-untyped-def]
pure3270/protocol/tn3270_handler.py:106: error: Function is missing a type annotation  [no-untyped-def]
pure3270/protocol/tn3270_handler.py:109: error: Function is missing a type annotation  [no-untyped-def]
pure3270/protocol/tn3270_handler.py:112: error: Function is missing a return type annotation  [no-untyped-def]
pure3270/protocol/tn3270_handler.py:113: error: Function is missing a return type annotation  [no-untyped-def]
pure3270/protocol/tn3270_handler.py:118: error: Function is missing a type annotation  [no-untyped-def]
pure3270/protocol/tn3270_handler.py:137: error: Cannot determine type of "reader"  [has-type]
pure3270/protocol/tn3270_handler.py:137: error: Cannot determine type of "writer"  [has-type]
pure3270/protocol/tn3270_handler.py:139: error: Cannot determine type of "reader"  [has-type]
pure3270/protocol/tn3270_handler.py:139: error: Cannot determine type of "writer"  [has-type]
pure3270/protocol/tn3270_handler.py:144: error: Cannot determine type of "_transport"  [has-type]
pure3270/protocol/tn3270_handler.py:145: error: Cannot determine type of "host"  [has-type]
pure3270/protocol/tn3270_handler.py:145: error: Cannot determine type of "port"  [has-type]
pure3270/protocol/tn3270_handler.py:145: error: Cannot determine type of "ssl_context"  [has-type]
pure3270/protocol/tn3270_handler.py:150: error: Cannot determine type of "host"  [has-type]
pure3270/protocol/tn3270_handler.py:151: error: Cannot determine type of "port"  [has-type]
pure3270/protocol/tn3270_handler.py:152: error: Cannot determine type of "ssl_context"  [has-type]
pure3270/protocol/tn3270_handler.py:173: error: Cannot determine type of "negotiator"  [has-type]
pure3270/protocol/tn3270_handler.py:178: error: Cannot determine type of "negotiator"  [has-type]
pure3270/protocol/tn3270_handler.py:181: error: Cannot determine type of "negotiator"  [has-type]
pure3270/protocol/tn3270_handler.py:227: error: Attribute "_transport" already defined on line 145  [no-redef]
pure3270/protocol/tn3270_handler.py:227: error: Incompatible types in assignment (expression has type "None", variable has type "SessionManager")  [assignment]
pure3270/protocol/tn3270_handler.py:251: error: Function is missing a type annotation  [no-untyped-def]
pure3270/protocol/tn3270_handler.py:293: error: Function is missing a return type annotation  [no-untyped-def]
pure3270/protocol/tn3270_handler.py:293: note: Use "-> None" if function does not return a value
pure3270/protocol/tn3270_handler.py:308: error: Unused "type: ignore" comment  [unused-ignore]
pure3270/protocol/tn3270_handler.py:308: error: Cannot determine type of "_negotiation_trace"  [has-type]
pure3270/protocol/tn3270_handler.py:308: note: Error code "has-type" not covered by "type: ignore" comment
pure3270/protocol/tn3270_handler.py:310: error: Unused "type: ignore" comment  [unused-ignore]
pure3270/protocol/tn3270_handler.py:342: error: Function is missing a return type annotation  [no-untyped-def]
pure3270/protocol/tn3270_handler.py:342: note: Use "-> None" if function does not return a value
pure3270/protocol/tn3270_handler.py:368: error: Unused "type: ignore" comment  [unused-ignore]
pure3270/protocol/tn3270_handler.py:372: error: Unused "type: ignore" comment  [unused-ignore]
pure3270/protocol/tn3270_handler.py:454: error: Function is missing a return type annotation  [no-untyped-def]
pure3270/protocol/tn3270_handler.py:454: note: Use "-> None" if function does not return a value
pure3270/protocol/tn3270_handler.py:478: error: Function is missing a return type annotation  [no-untyped-def]
pure3270/protocol/tn3270_handler.py:538: error: Cannot determine type of "VT100Parser"  [has-type]
pure3270/protocol/tn3270_handler.py:620: error: Statement is unreachable  [unreachable]
pure3270/protocol/tn3270_handler.py:677: error: "tuple" is not subscriptable, use "typing.Tuple" instead  [misc]
pure3270/protocol/tn3270_handler.py:823: error: Item "None" of "Optional[Any]" has no attribute "write"  [union-attr]
pure3270/protocol/tn3270_handler.py:846: error: Item "None" of "Optional[Any]" has no attribute "write"  [union-attr]
pure3270/protocol/tn3270_handler.py:929: error: Item "None" of "Optional[Any]" has no attribute "write"  [union-attr]
pure3270/protocol/tn3270_handler.py:953: error: Item "None" of "Optional[Any]" has no attribute "write"  [union-attr]
pure3270/protocol/tn3270_handler.py:955: error: Item "None" of "Optional[Any]" has no attribute "drain"  [union-attr]
pure3270/protocol/tn3270_handler.py:962: error: Incompatible types in assignment (expression has type "None", variable has type "SessionManager")  [assignment]
pure3270/protocol/tn3270_handler.py:1028: error: Statement is unreachable  [unreachable]
pure3270/protocol/tn3270_handler.py:1082: error: Returning Any from function declared to return "str"  [no-any-return]
pure3270/protocol/tn3270_handler.py:1085: error: Unused "type: ignore" comment  [unused-ignore]
tests/test_tn3270_handler.py:4: error: Cannot find implementation or library stub for module named "pytest"  [import-not-found]
tests/test_tn3270_handler.py:399: error: "Callable[[bytes], Optional[TN3270EHeader]]" has no attribute "assert_called_once_with"  [attr-defined]
tests/test_tn3270_handler.py:426: error: "Callable[[bytes], Optional[TN3270EHeader]]" has no attribute "assert_called_once"  [attr-defined]
tests/test_structured_fields.py:4: error: Cannot find implementation or library stub for module named "pytest"  [import-not-found]
tests/test_structured_fields.py:23: error: Cannot assign to a method  [method-assign]
tests/test_protocol_performance.py:3: error: Cannot find implementation or library stub for module named "pytest"  [import-not-found]
tests/test_protocol_errors.py:6: error: Cannot find implementation or library stub for module named "pytest"  [import-not-found]
tests/test_protocol_errors.py:23: error: Argument 1 to "TN3270Handler" has incompatible type "str"; expected "Optional[StreamReader]"  [arg-type]
tests/test_protocol_errors.py:23: error: Argument 2 to "TN3270Handler" has incompatible type "int"; expected "Optional[StreamWriter]"  [arg-type]
tests/test_protocol.py:6: error: Cannot find implementation or library stub for module named "pytest"  [import-not-found]
tests/test_protocol.py:448: error: Argument 4 to "TN3270Handler" has incompatible type "str"; expected "Optional[SSLContext]"  [arg-type]
tests/test_protocol.py:448: error: Argument 5 to "TN3270Handler" has incompatible type "int"; expected "str"  [arg-type]
tests/test_protocol.py:607: error: Item "None" of "Optional[TN3270EHeader]" has no attribute "data_type"  [union-attr]
tests/test_protocol.py:608: error: Item "None" of "Optional[TN3270EHeader]" has no attribute "response_flag"  [union-attr]
tests/test_protocol.py:609: error: Item "None" of "Optional[TN3270EHeader]" has no attribute "seq_number"  [union-attr]
tests/test_printer.py:5: error: Cannot find implementation or library stub for module named "pytest"  [import-not-found]
tests/test_negotiator_missing_coverage.py:5: error: Cannot find implementation or library stub for module named "pytest"  [import-not-found]
tests/test_negotiator_enhancements.py:4: error: Cannot find implementation or library stub for module named "pytest"  [import-not-found]
tests/test_negotiation_inference.py:1: error: Cannot find implementation or library stub for module named "pytest"  [import-not-found]
tests/test_negotiation_inference.py:30: error: Unused "type: ignore" comment  [unused-ignore]
tests/test_data_stream.py:4: error: Cannot find implementation or library stub for module named "pytest"  [import-not-found]
pure3270/patching/s3270_wrapper.py:22: error: Function is missing a type annotation  [no-untyped-def]
pure3270/patching/s3270_wrapper.py:496: error: Function is missing a type annotation for one or more arguments  [no-untyped-def]
pure3270/patching/s3270_wrapper.py:537: error: Function is missing a type annotation for one or more arguments  [no-untyped-def]
pure3270/patching/patching.py:22: error: Function is missing a type annotation  [no-untyped-def]
pure3270/patching/patching.py:42: error: Need type annotation for "applied" (hint: "applied: Set[<type>] = ...")  [var-annotated]
pure3270/patching/patching.py:43: error: Need type annotation for "originals" (hint: "originals: Dict[<type>, <type>] = ...")  [var-annotated]
pure3270/patching/patching.py:44: error: Need type annotation for "patched" (hint: "patched: Dict[<type>, <type>] = ...")  [var-annotated]
pure3270/patching/patching.py:45: error: Need type annotation for "selective_patches" (hint: "selective_patches: Dict[<type>, <type>] = ...")  [var-annotated]
pure3270/patching/patching.py:92: error: Function is missing a type annotation  [no-untyped-def]
pure3270/patching/patching.py:133: error: Cannot find implementation or library stub for module named "p3270"  [import-not-found]
pure3270/patching/patching.py:192: error: Incompatible types in assignment (expression has type "Optional[Module]", variable has type Module)  [assignment]
pure3270/patching/patching.py:195: error: Incompatible types in assignment (expression has type "Optional[Any]", variable has type Module)  [assignment]
pure3270/patching/patching.py:197: error: Statement is unreachable  [unreachable]
pure3270/patching/patching.py:213: error: Function is missing a return type annotation  [no-untyped-def]
pure3270/session.py:32: error: Implicit generic "Any". Use "typing.Dict" and specify generic parameters  [type-arg]
pure3270/session.py:46: error: Implicit generic "Any". Use "typing.Dict" and specify generic parameters  [type-arg]
pure3270/session.py:48: error: Incompatible types in assignment (expression has type "Optional[Dict[Any, Any]]", variable has type "Dict[Any, Any]")  [assignment]
pure3270/session.py:88: error: Function is missing a type annotation  [no-untyped-def]
pure3270/session.py:126: error: Incompatible types in assignment (expression has type "AsyncSession", variable has type "None")  [assignment]
pure3270/session.py:134: error: "None" has no attribute "connected"  [attr-defined]
pure3270/session.py:135: error: "None" has no attribute "connect"  [attr-defined]
pure3270/session.py:149: error: Statement is unreachable  [unreachable]
pure3270/session.py:168: error: Statement is unreachable  [unreachable]
pure3270/session.py:176: error: Statement is unreachable  [unreachable]
pure3270/session.py:193: error: Statement is unreachable  [unreachable]
pure3270/session.py:201: error: Statement is unreachable  [unreachable]
pure3270/session.py:206: error: Statement is unreachable  [unreachable]
pure3270/session.py:209: error: Function is missing a return type annotation  [no-untyped-def]
pure3270/session.py:212: error: Statement is unreachable  [unreachable]
pure3270/session.py:221: error: Statement is unreachable  [unreachable]
pure3270/session.py:235: error: Statement is unreachable  [unreachable]
pure3270/session.py:249: error: Statement is unreachable  [unreachable]
pure3270/session.py:263: error: Statement is unreachable  [unreachable]
pure3270/session.py:277: error: Statement is unreachable  [unreachable]
pure3270/session.py:291: error: Statement is unreachable  [unreachable]
pure3270/session.py:302: error: Statement is unreachable  [unreachable]
pure3270/session.py:313: error: Statement is unreachable  [unreachable]
pure3270/session.py:328: error: Statement is unreachable  [unreachable]
pure3270/session.py:342: error: Statement is unreachable  [unreachable]
pure3270/session.py:348: error: Statement is unreachable  [unreachable]
pure3270/session.py:354: error: Statement is unreachable  [unreachable]
pure3270/session.py:360: error: Statement is unreachable  [unreachable]
pure3270/session.py:366: error: Statement is unreachable  [unreachable]
pure3270/session.py:372: error: Statement is unreachable  [unreachable]
pure3270/session.py:378: error: Statement is unreachable  [unreachable]
pure3270/session.py:384: error: Statement is unreachable  [unreachable]
pure3270/session.py:390: error: Statement is unreachable  [unreachable]
pure3270/session.py:397: error: Statement is unreachable  [unreachable]
pure3270/session.py:408: error: Statement is unreachable  [unreachable]
pure3270/session.py:419: error: Statement is unreachable  [unreachable]
pure3270/session.py:430: error: Statement is unreachable  [unreachable]
pure3270/session.py:441: error: Statement is unreachable  [unreachable]
pure3270/session.py:452: error: Statement is unreachable  [unreachable]
pure3270/session.py:463: error: Statement is unreachable  [unreachable]
pure3270/session.py:474: error: Statement is unreachable  [unreachable]
pure3270/session.py:485: error: Statement is unreachable  [unreachable]
pure3270/session.py:496: error: Statement is unreachable  [unreachable]
pure3270/session.py:507: error: Statement is unreachable  [unreachable]
pure3270/session.py:521: error: Statement is unreachable  [unreachable]
pure3270/session.py:535: error: Statement is unreachable  [unreachable]
pure3270/session.py:553: error: Statement is unreachable  [unreachable]
pure3270/session.py:568: error: Statement is unreachable  [unreachable]
pure3270/session.py:583: error: Statement is unreachable  [unreachable]
pure3270/session.py:598: error: Statement is unreachable  [unreachable]
pure3270/session.py:605: error: Statement is unreachable  [unreachable]
pure3270/session.py:611: error: Statement is unreachable  [unreachable]
pure3270/session.py:616: error: "None" has no attribute "connected"  [attr-defined]
pure3270/session.py:622: error: Statement is unreachable  [unreachable]
pure3270/session.py:627: error: Right operand of "and" is never evaluated  [unreachable]
pure3270/session.py:628: error: Statement is unreachable  [unreachable]
pure3270/session.py:671: error: Need type annotation for "resources" (hint: "resources: Dict[<type>, <type>] = ...")  [var-annotated]
pure3270/session.py:754: error: Function is missing a return type annotation  [no-untyped-def]
pure3270/session.py:754: note: Use "-> None" if function does not return a value
pure3270/session.py:768: error: Incompatible types in assignment (expression has type "Optional[TraceRecorder]", variable has type "None")  [assignment]
pure3270/session.py:791: error: Item "None" of "Optional[TN3270Handler]" has no attribute "connect"  [union-attr]
pure3270/session.py:803: error: Statement is unreachable  [unreachable]
pure3270/session.py:849: error: Function is missing a return type annotation  [no-untyped-def]
pure3270/session.py:849: note: Use "-> None" if function does not return a value
pure3270/session.py:850: error: Item "None" of "Optional[TN3270Handler]" has no attribute "send_data"  [union-attr]
pure3270/session.py:870: error: Function is missing a return type annotation  [no-untyped-def]
pure3270/session.py:871: error: Item "None" of "Optional[TN3270Handler]" has no attribute "receive_data"  [union-attr]
pure3270/session.py:911: error: Returning Any from function declared to return "bytes"  [no-any-return]
pure3270/session.py:913: error: Function is missing a return type annotation  [no-untyped-def]
pure3270/session.py:919: error: Item "None" of "Optional[TraceRecorder]" has no attribute "events"  [union-attr]
pure3270/session.py:975: error: Incompatible types in assignment (expression has type "Union[str, List[str]]", variable has type "str")  [assignment]
pure3270/session.py:1082: error: Function is missing a return type annotation  [no-untyped-def]
pure3270/session.py:1082: note: Use "-> None" if function does not return a value
pure3270/session.py:1084: error: Argument 1 to "_wait_for_aid" of "AsyncSession" has incompatible type "Optional[int]"; expected "int"  [arg-type]
pure3270/session.py:1091: error: Function is missing a return type annotation  [no-untyped-def]
pure3270/session.py:1091: note: Use "-> None" if function does not return a value
pure3270/session.py:1097: error: "object" has no attribute "append"  [attr-defined]
pure3270/session.py:1110: error: Function is missing a return type annotation  [no-untyped-def]
pure3270/session.py:1110: note: Use "-> None" if function does not return a value
pure3270/session.py:1117: error: "object" has no attribute "append"  [attr-defined]
pure3270/session.py:1127: error: Too many arguments for "_evaluate_condition" of "AsyncSession"  [call-arg]
pure3270/session.py:1146: error: "object" has no attribute "extend"  [attr-defined]
pure3270/session.py:1160: error: "object" has no attribute "extend"  [attr-defined]
pure3270/session.py:1170: error: "object" has no attribute "extend"  [attr-defined]
pure3270/session.py:1183: error: "object" has no attribute "append"  [attr-defined]
pure3270/session.py:1191: error: "object" has no attribute "append"  [attr-defined]
pure3270/session.py:1201: error: "object" has no attribute "append"  [attr-defined]
pure3270/session.py:1210: error: "object" has no attribute "append"  [attr-defined]
pure3270/session.py:1219: error: "object" has no attribute "extend"  [attr-defined]
pure3270/session.py:1228: error: "object" has no attribute "append"  [attr-defined]
pure3270/session.py:1235: error: "object" has no attribute "append"  [attr-defined]
pure3270/session.py:1247: error: Missing type parameters for generic type "Pattern"  [type-arg]
pure3270/session.py:1253: error: Name "_evaluate_condition" already defined on line 943  [no-redef]
pure3270/session.py:1277: error: Missing type parameters for generic type "Dict"  [type-arg]
pure3270/session.py:1278: error: Missing type parameters for generic type "Dict"  [type-arg]
pure3270/session.py:1375: error: Statement is unreachable  [unreachable]
pure3270/session.py:1385: error: Function is missing a return type annotation  [no-untyped-def]
pure3270/session.py:1573: error: Cannot call function of unknown type  [operator]
pure3270/session.py:1637: error: Incompatible types in assignment (expression has type "bytes", variable has type "str")  [assignment]
pure3270/session.py:1680: error: "send_break" of "AsyncSession" does not return a value (it only ever returns None)  [func-returns-value]
pure3270/session.py:1772: error: Argument 1 to "build_input_stream" of "DataStreamSender" has incompatible type "List[Tuple[Tuple[int, int], bytes]]"; expected "List[Tuple[int, bytes]]"  [arg-type]
pure3270/session.py:2314: error: "AsyncSession" has no attribute "_async_session"  [attr-defined]
pure3270/session.py:2317: error: "AsyncSession" has no attribute "_async_session"  [attr-defined]
pure3270/session.py:2330: error: "AsyncSession" has no attribute "_async_session"  [attr-defined]
pure3270/session.py:2333: error: "AsyncSession" has no attribute "_async_session"  [attr-defined]
pure3270/session.py:2336: error: Name "send_soh_message" already defined on line 2320  [no-redef]
pure3270/session.py:2443: error: Incompatible types in assignment (expression has type "float", variable has type "int")  [assignment]
pure3270/session.py:2581: error: Function is missing a return type annotation  [no-untyped-def]
pure3270/session.py:2581: error: Function is missing a type annotation for one or more arguments  [no-untyped-def]
tests/test_session.py:7: error: Cannot find implementation or library stub for module named "pytest"  [import-not-found]
tests/test_session.py:8: error: Cannot find implementation or library stub for module named "pytest_asyncio"  [import-not-found]
tests/test_session.py:24: error: Cannot assign to a method  [method-assign]
tests/test_session.py:25: error: Cannot assign to a method  [method-assign]
tests/test_session.py:38: error: Cannot assign to a method  [method-assign]
tests/test_session.py:39: error: Cannot assign to a method  [method-assign]
tests/test_session.py:40: error: Incompatible types in assignment (expression has type "AsyncSession", variable has type "None")  [assignment]
tests/test_session.py:42: error: Cannot assign to a method  [method-assign]
tests/test_session.py:42: error: "None" has no attribute "_handler"  [attr-defined]
tests/test_session.py:43: error: Cannot assign to a method  [method-assign]
tests/test_session.py:47: error: Name "async_session" already defined on line 15  [no-redef]
tests/test_session.py:55: error: Cannot assign to a method  [method-assign]
tests/test_session.py:56: error: Cannot assign to a method  [method-assign]
tests/test_session.py:230: error: Cannot assign to a method  [method-assign]
tests/test_session.py:231: error: Cannot assign to a method  [method-assign]
tests/test_session.py:234: error: Need type annotation for "vars_dict" (hint: "vars_dict: Dict[<type>, <type>] = ...")  [var-annotated]
tests/test_session.py:259: error: Cannot assign to a method  [method-assign]
tests/test_session.py:288: error: Cannot assign to a method  [method-assign]
tests/test_session.py:320: error: Cannot assign to a method  [method-assign]
tests/test_session.py:321: error: Cannot assign to a method  [method-assign]
tests/test_session.py:465: error: Incompatible types in assignment (expression has type "AsyncSession", variable has type "None")  [assignment]
tests/test_session.py:466: error: "None" has no attribute "_transport"  [attr-defined]
tests/test_session.py:568: error: Statement is unreachable  [unreachable]
tests/test_session.py:916: error: Need type annotation for "vars_dict" (hint: "vars_dict: Dict[<type>, <type>] = ...")  [var-annotated]
tests/test_session.py:1100: error: Need type annotation for "vars_dict" (hint: "vars_dict: Dict[<type>, <type>] = ...")  [var-annotated]
tests/test_patching_s3270_wrapper.py:10: error: Cannot find implementation or library stub for module named "pytest"  [import-not-found]
tests/test_patching_advanced.py:4: error: Cannot find implementation or library stub for module named "pytest"  [import-not-found]
tests/test_missing_s3270_actions.py:4: error: Cannot find implementation or library stub for module named "pytest"  [import-not-found]
tests/test_aid_support.py:4: error: Cannot find implementation or library stub for module named "pytest"  [import-not-found]
tests/test_aid_support.py:27: error: Incompatible types in assignment (expression has type "AsyncMock", variable has type "None")  [assignment]
tests/test_aid_support.py:31: error: "None" has no attribute "pf"  [attr-defined]
tests/test_aid_support.py:39: error: Incompatible types in assignment (expression has type "AsyncMock", variable has type "None")  [assignment]
tests/test_aid_support.py:43: error: "None" has no attribute "pa"  [attr-defined]
tests/conftest.py:9: error: Cannot find implementation or library stub for module named "pytest"  [import-not-found]
tests/conftest.py:57: error: Property "screen" defined in "AsyncSession" is read-only  [misc]
tests/conftest.py:177: error: "TN3270Handler" has no attribute "connected"; maybe "_connected", "connect", or "is_connected"?  [attr-defined]
tests/conftest.py:179: error: "Type[TN3270Handler]" has no attribute "handler"  [attr-defined]
tests/conftest.py:185: error: "Type[TN3270Handler]" has no attribute "connected"  [attr-defined]
pure3270/__init__.py:18: error: Function is missing a type annotation  [no-untyped-def]
pure3270/__init__.py:36: error: Function is missing a type annotation  [no-untyped-def]
pure3270/__init__.py:57: error: Function is missing a return type annotation  [no-untyped-def]
pure3270/__init__.py:57: note: Use "-> None" if function does not return a value
tests/test_patching_integration.py:5: error: Cannot find implementation or library stub for module named "pytest"  [import-not-found]
tests/test_patching_integration.py:16: error: Cannot find implementation or library stub for module named "p3270"  [import-not-found]
tests/test_patching.py:8: error: Cannot find implementation or library stub for module named "pytest"  [import-not-found]
tests/test_patching.py:152: error: Cannot find implementation or library stub for module named "p3270"  [import-not-found]
tests/test_cli.py:5: error: Cannot find implementation or library stub for module named "pytest"  [import-not-found]
examples/example_trace.py:16: error: Function is missing a type annotation  [no-untyped-def]
examples/example_trace.py:27: error: Function is missing a return type annotation  [no-untyped-def]
examples/example_trace.py:27: note: Use "-> None" if function does not return a value
examples/example_trace.py:31: error: "AsyncSession" has no attribute "__aenter__"  [attr-defined]
examples/example_trace.py:31: error: "AsyncSession" has no attribute "__aexit__"  [attr-defined]
examples/example_standalone.py:40: error: Argument 1 to "send" of "Session" has incompatible type "str"; expected "bytes"  [arg-type]
examples/example_standalone.py:41: error: Argument 1 to "send" of "Session" has incompatible type "str"; expected "bytes"  [arg-type]
examples/example_patching.py:44: error: Cannot find implementation or library stub for module named "p3270"  [import-not-found]
examples/example_patching.py:63: error: Function is missing a return type annotation  [no-untyped-def]
examples/example_patching.py:63: note: Use "-> None" if function does not return a value
examples/example_patching.py:107: error: Cannot assign to a method  [method-assign]
examples/example_patching.py:107: error: Incompatible types in assignment (expression has type "Callable[[Any], Any]", variable has type "Callable[[TN3270Handler, Optional[str], Optional[int], Optional[SSLContext]], Coroutine[Any, Any, None]]")  [assignment]
examples/example_end_to_end.py:42: error: Cannot find implementation or library stub for module named "p3270"  [import-not-found]
examples/example_end_to_end.py:42: note: See https://mypy.readthedocs.io/en/stable/running_mypy.html#missing-imports
Found 394 errors in 49 files (checked 58 source files)
