pylint...................................................................Failed
- hook id: pylint
- exit code: 30

Exception ignored in: <generator object raise_if_nothing_inferred.<locals>.inner at 0x7f30bce68840>
Traceback (most recent call last):
  File "/usr/local/py-utils/venvs/pylint/lib/python3.12/site-packages/astroid/decorators.py", line 99, in inner
    yield from generator
ValueError: generator already executing
************* Module /workspaces/pure3270/.pylintrc
.pylintrc:1:0: W0012: Unknown option value for '--disable', expected a valid pylint message and got 'too-many-decorators' (unknown-option-value)
************* Module pure3270
pure3270/__init__.py:116:0: C0413: Import "from .protocol.exceptions import MacroError" should be placed at the top of the module (wrong-import-position)
************* Module pure3270.exceptions
pure3270/exceptions.py:73:0: W0622: Redefining built-in 'ConnectionError' (redefined-builtin)
pure3270/exceptions.py:103:0: W0622: Redefining built-in 'TimeoutError' (redefined-builtin)
************* Module pure3270.session
pure3270/session.py:37:0: W0622: Redefining built-in 'ConnectionError' (redefined-builtin)
pure3270/session.py:59:4: R0917: Too many positional arguments (7/5) (too-many-positional-arguments)
pure3270/session.py:91:12: W0612: Unused variable 'loop' (unused-variable)
pure3270/session.py:179:44: W0622: Redefining built-in 'vars' (redefined-builtin)
pure3270/session.py:639:4: R0917: Too many positional arguments (7/5) (too-many-positional-arguments)
pure3270/session.py:720:8: W0612: Unused variable 'e' (unused-variable)
pure3270/session.py:922:54: W0622: Redefining built-in 'vars' (redefined-builtin)
pure3270/session.py:922:54: W0613: Unused argument 'vars' (unused-argument)
pure3270/session.py:1244:12: W0612: Unused variable 'data' (unused-variable)
pure3270/session.py:1250:12: W0612: Unused variable 'data' (unused-variable)
pure3270/session.py:1486:8: W0612: Unused variable 'sender' (unused-variable)
pure3270/session.py:1489:8: W0612: Unused variable 'AID_MAP' (unused-variable)
pure3270/session.py:2028:8: W0612: Unused variable 'end_col' (unused-variable)
pure3270/session.py:2036:13: W0612: Unused variable 'col' (unused-variable)
pure3270/session.py:2158:13: W0612: Unused variable 'col' (unused-variable)
pure3270/session.py:2169:8: W0612: Unused variable 'row' (unused-variable)
pure3270/session.py:2206:8: W0404: Reimport 'asyncio' (imported line 5) (reimported)
pure3270/session.py:2256:8: W0404: Reimport 'asyncio' (imported line 5) (reimported)
pure3270/session.py:2336:4: E0102: method already defined line 2320 (function-redefined)
pure3270/session.py:2410:8: W0404: Reimport 'asyncio' (imported line 5) (reimported)
pure3270/session.py:2436:8: W0404: Reimport 'os' (imported line 7) (reimported)
pure3270/session.py:2585:8: W0404: Reimport 'asyncio' (imported line 5) (reimported)
pure3270/session.py:1380:12: W0201: Attribute '_options' defined outside __init__ (attribute-defined-outside-init)
pure3270/session.py:2392:12: W0201: Attribute '_cookies' defined outside __init__ (attribute-defined-outside-init)
************* Module pure3270.emulation.buffer_writer
pure3270/emulation/buffer_writer.py:27:4: R0917: Too many positional arguments (6/5) (too-many-positional-arguments)
************* Module pure3270.emulation.printer_buffer
pure3270/emulation/printer_buffer.py:14:4: W0231: __init__ method from base class 'BufferWriter' is not called (super-init-not-called)
pure3270/emulation/printer_buffer.py:26:4: R0917: Too many positional arguments (6/5) (too-many-positional-arguments)
pure3270/emulation/printer_buffer.py:97:12: W0201: Attribute '_current_line' defined outside __init__ (attribute-defined-outside-init)
pure3270/emulation/printer_buffer.py:132:8: W0201: Attribute '_status' defined outside __init__ (attribute-defined-outside-init)
************* Module pure3270.emulation.screen_buffer
pure3270/emulation/screen_buffer.py:20:4: R0917: Too many positional arguments (15/5) (too-many-positional-arguments)
pure3270/emulation/screen_buffer.py:143:0: C0413: Import "from .buffer_writer import BufferWriter" should be placed at the top of the module (wrong-import-position)
pure3270/emulation/screen_buffer.py:151:4: W0231: __init__ method from base class 'BufferWriter' is not called (super-init-not-called)
pure3270/emulation/screen_buffer.py:205:4: R0917: Too many positional arguments (6/5) (too-many-positional-arguments)
pure3270/emulation/screen_buffer.py:246:56: W0613: Unused argument 'ebcdic_byte' (unused-argument)
pure3270/emulation/screen_buffer.py:282:12: R1724: Unnecessary "elif" after "continue", remove the leading "el" from "elif" (no-else-continue)
************* Module pure3270.protocol.errors
pure3270/protocol/errors.py:69:4: R1720: Unnecessary "else" after "raise", remove the "else" and de-indent the code inside it (no-else-raise)
pure3270/protocol/errors.py:84:8: R1720: Unnecessary "else" after "raise", remove the "else" and de-indent the code inside it (no-else-raise)
pure3270/protocol/errors.py:94:8: R1720: Unnecessary "else" after "raise", remove the "else" and de-indent the code inside it (no-else-raise)
************* Module pure3270.protocol.ssl_wrapper
pure3270/protocol/ssl_wrapper.py:19:4: W0105: String statement has no effect (pointless-string-statement)
************* Module pure3270.protocol.vt100_parser
pure3270/protocol/vt100_parser.py:180:15: R1714: Consider merging these comparisons with 'in' by using 'command in ('H', 'f')'. Use a set instead if elements are hashable. (consider-using-in)
************* Module pure3270.protocol.data_stream
pure3270/protocol/data_stream.py:681:9: W0511: TODO: Mark current field as modified in screen_buffer (fixme)
pure3270/protocol/data_stream.py:714:13: W0511: TODO: Implement SCS handling if needed (fixme)
pure3270/protocol/data_stream.py:908:9: W0511: TODO: More detailed parsing or error handling if needed (fixme)
pure3270/protocol/data_stream.py:1082:21: W0511: TODO: Parse additional PSC attributes if present (e.g., flags at sub_data[4:]) (fixme)
pure3270/protocol/data_stream.py:68:4: W0404: Reimport 'PrinterBuffer' (imported line 8) (reimported)
pure3270/protocol/data_stream.py:69:4: W0404: Reimport 'ScreenBuffer' (imported line 9) (reimported)
pure3270/protocol/data_stream.py:412:12: W0706: The except handler raises immediately (try-except-raise)
pure3270/protocol/data_stream.py:503:12: R1720: Unnecessary "else" after "raise", remove the "else" and de-indent the code inside it (no-else-raise)
pure3270/protocol/data_stream.py:672:12: W0612: Unused variable 'i' (unused-variable)
pure3270/protocol/data_stream.py:1055:8: R1730: Consider using 'expected_end = min(expected_end, len(parser._data))' instead of unnecessary if block (consider-using-min-builtin)
************* Module pure3270.protocol.printer
pure3270/protocol/printer.py:235:11: R1714: Consider merging these comparisons with 'in' by using 'header.data_type in (SCS_DATA, TN3270E_SCS_CTL_CODES)'. Use a set instead if elements are hashable. (consider-using-in)
************* Module pure3270.protocol.utils
pure3270/protocol/utils.py:284:16: R1724: Unnecessary "elif" after "continue", remove the leading "el" from "elif" (no-else-continue)
pure3270/protocol/utils.py:316:0: C0413: Import "from typing import Optional" should be placed at the top of the module (wrong-import-position)
pure3270/protocol/utils.py:386:8: R1730: Consider using 'self._pos = min(self._pos, len(self._text))' instead of unnecessary if block (consider-using-min-builtin)
************* Module pure3270.protocol.negotiator
pure3270/protocol/negotiator.py:46:0: C0413: Import "from .tn3270e_header import TN3270EHeader" should be placed at the top of the module (wrong-import-position)
pure3270/protocol/negotiator.py:47:0: W0404: Reimport 'TN3270E_RSF_ERROR_RESPONSE' (imported line 29) (reimported)
pure3270/protocol/negotiator.py:47:0: W0404: Reimport 'TN3270E_RSF_NEGATIVE_RESPONSE' (imported line 29) (reimported)
pure3270/protocol/negotiator.py:47:0: W0404: Reimport 'TN3270E_RSF_POSITIVE_RESPONSE' (imported line 29) (reimported)
pure3270/protocol/negotiator.py:47:0: C0413: Import "from .utils import BIND_IMAGE, NVT_DATA, PRINT_EOJ, REQUEST, RESPONSE, SCS_DATA, SSCP_LU_DATA, TN3270_DATA, TN3270E_RSF_ALWAYS_RESPONSE, TN3270E_RSF_ERROR_RESPONSE, TN3270E_RSF_NEGATIVE_RESPONSE, TN3270E_RSF_NO_RESPONSE, TN3270E_RSF_POSITIVE_RESPONSE, UNBIND" should be placed at the top of the module (wrong-import-position)
pure3270/protocol/negotiator.py:71:4: R0917: Too many positional arguments (9/5) (too-many-positional-arguments)
pure3270/protocol/negotiator.py:584:8: W0105: String statement has no effect (pointless-string-statement)
pure3270/protocol/negotiator.py:843:8: W0404: Reimport 'asyncio' (imported line 6) (reimported)
pure3270/protocol/negotiator.py:954:16: E0213: Method '__await__' should have "self" as first argument (no-self-argument)
pure3270/protocol/negotiator.py:905:12: W0612: Unused variable 'offset' (unused-variable)
pure3270/protocol/negotiator.py:1037:8: W0612: Unused variable 'message_subtype' (unused-variable)
pure3270/protocol/negotiator.py:1267:8: W0105: String statement has no effect (pointless-string-statement)
************* Module pure3270.protocol.tn3270_handler
pure3270/protocol/tn3270_handler.py:29:0: C0413: Import "import inspect" should be placed at the top of the module (wrong-import-position)
pure3270/protocol/tn3270_handler.py:133:8: W0613: Unused argument 'ssl_context' (unused-argument)
pure3270/protocol/tn3270_handler.py:187:4: R0917: Too many positional arguments (11/5) (too-many-positional-arguments)
pure3270/protocol/tn3270_handler.py:276:12: W0706: The except handler raises immediately (try-except-raise)
pure3270/protocol/tn3270_handler.py:519:12: W0603: Using the global statement (global-statement)
pure3270/protocol/tn3270_handler.py:310:20: W0201: Attribute '_negotiation_trace' defined outside __init__ (attribute-defined-outside-init)
pure3270/protocol/tn3270_handler.py:372:20: W0201: Attribute '_negotiation_trace' defined outside __init__ (attribute-defined-outside-init)
************* Module pure3270.patching.s3270_wrapper
pure3270/patching/s3270_wrapper.py:496:4: R0917: Too many positional arguments (13/5) (too-many-positional-arguments)
************* Module pure3270.patching.patching
pure3270/patching/patching.py:110:14: W0613: Unused argument 'module' (unused-argument)
pure3270/patching/patching.py:153:16: W0404: Reimport 'Pure3270S3270Wrapper' (imported line 14) (reimported)
pure3270/patching/patching.py:128:8: W0613: Unused argument 'patch_commands' (unused-argument)
************* Module tests.test_emulation_ebcdic
tests/test_emulation_ebcdic.py:12:29: W0613: Unused argument 'memory_limit_500mb' (unused-argument)
tests/test_emulation_ebcdic.py:21:29: W0613: Unused argument 'memory_limit_500mb' (unused-argument)
tests/test_emulation_ebcdic.py:30:35: W0613: Unused argument 'memory_limit_500mb' (unused-argument)
tests/test_emulation_ebcdic.py:39:35: W0613: Unused argument 'memory_limit_500mb' (unused-argument)
tests/test_emulation_ebcdic.py:48:27: W0613: Unused argument 'memory_limit_500mb' (unused-argument)
tests/test_emulation_ebcdic.py:61:22: W0613: Unused argument 'memory_limit_500mb' (unused-argument)
************* Module archive.ai-artifacts.tools.scripts.failure_parser
archive/ai-artifacts/tools/scripts/failure_parser.py:9:52: W0613: Unused argument 'artifact_dir' (unused-argument)
************* Module tools.memory_limit
tools/memory_limit.py:35:0: W1113: Keyword argument before variable positional arguments list in the definition of run_with_limits function (keyword-arg-before-vararg)
tools/memory_limit.py:74:36: W0613: Unused argument 'signum' (unused-argument)
tools/memory_limit.py:74:44: W0613: Unused argument 'frame' (unused-argument)
tools/memory_limit.py:91:46: E0606: Possibly using variable 'original_handler' before assignment (possibly-used-before-assignment)
************* Module tests.test_cli
tests/test_cli.py:13:22: W0613: Unused argument 'capsys' (unused-argument)
tests/test_cli.py:13:30: W0613: Unused argument 'memory_limit_500mb' (unused-argument)
tests/test_cli.py:31:32: W0613: Unused argument 'memory_limit_500mb' (unused-argument)
tests/test_cli.py:50:34: W0613: Unused argument 'memory_limit_500mb' (unused-argument)

-----------------------------------
Your code has been rated at 9.81/10

************* Module /workspaces/pure3270/.pylintrc
.pylintrc:1:0: W0012: Unknown option value for '--disable', expected a valid pylint message and got 'too-many-decorators' (unknown-option-value)
************* Module pure3270
pure3270/__init__.py:116:0: C0413: Import "from .protocol.exceptions import MacroError" should be placed at the top of the module (wrong-import-position)
************* Module pure3270.exceptions
pure3270/exceptions.py:73:0: W0622: Redefining built-in 'ConnectionError' (redefined-builtin)
pure3270/exceptions.py:103:0: W0622: Redefining built-in 'TimeoutError' (redefined-builtin)
************* Module pure3270.session
pure3270/session.py:37:0: W0622: Redefining built-in 'ConnectionError' (redefined-builtin)
pure3270/session.py:59:4: R0917: Too many positional arguments (7/5) (too-many-positional-arguments)
pure3270/session.py:91:12: W0612: Unused variable 'loop' (unused-variable)
pure3270/session.py:179:44: W0622: Redefining built-in 'vars' (redefined-builtin)
pure3270/session.py:639:4: R0917: Too many positional arguments (7/5) (too-many-positional-arguments)
pure3270/session.py:720:8: W0612: Unused variable 'e' (unused-variable)
pure3270/session.py:922:54: W0622: Redefining built-in 'vars' (redefined-builtin)
pure3270/session.py:922:54: W0613: Unused argument 'vars' (unused-argument)
pure3270/session.py:1244:12: W0612: Unused variable 'data' (unused-variable)
pure3270/session.py:1250:12: W0612: Unused variable 'data' (unused-variable)
pure3270/session.py:1486:8: W0612: Unused variable 'sender' (unused-variable)
pure3270/session.py:1489:8: W0612: Unused variable 'AID_MAP' (unused-variable)
pure3270/session.py:2028:8: W0612: Unused variable 'end_col' (unused-variable)
pure3270/session.py:2036:13: W0612: Unused variable 'col' (unused-variable)
pure3270/session.py:2158:13: W0612: Unused variable 'col' (unused-variable)
pure3270/session.py:2169:8: W0612: Unused variable 'row' (unused-variable)
pure3270/session.py:2206:8: W0404: Reimport 'asyncio' (imported line 5) (reimported)
pure3270/session.py:2256:8: W0404: Reimport 'asyncio' (imported line 5) (reimported)
pure3270/session.py:2336:4: E0102: method already defined line 2320 (function-redefined)
pure3270/session.py:2410:8: W0404: Reimport 'asyncio' (imported line 5) (reimported)
pure3270/session.py:2436:8: W0404: Reimport 'os' (imported line 7) (reimported)
pure3270/session.py:2585:8: W0404: Reimport 'asyncio' (imported line 5) (reimported)
pure3270/session.py:1380:12: W0201: Attribute '_options' defined outside __init__ (attribute-defined-outside-init)
pure3270/session.py:2392:12: W0201: Attribute '_cookies' defined outside __init__ (attribute-defined-outside-init)
************* Module pure3270.emulation.buffer_writer
pure3270/emulation/buffer_writer.py:27:4: R0917: Too many positional arguments (6/5) (too-many-positional-arguments)
************* Module pure3270.emulation.printer_buffer
pure3270/emulation/printer_buffer.py:14:4: W0231: __init__ method from base class 'BufferWriter' is not called (super-init-not-called)
pure3270/emulation/printer_buffer.py:26:4: R0917: Too many positional arguments (6/5) (too-many-positional-arguments)
pure3270/emulation/printer_buffer.py:97:12: W0201: Attribute '_current_line' defined outside __init__ (attribute-defined-outside-init)
pure3270/emulation/printer_buffer.py:132:8: W0201: Attribute '_status' defined outside __init__ (attribute-defined-outside-init)
************* Module pure3270.emulation.screen_buffer
pure3270/emulation/screen_buffer.py:20:4: R0917: Too many positional arguments (15/5) (too-many-positional-arguments)
pure3270/emulation/screen_buffer.py:143:0: C0413: Import "from .buffer_writer import BufferWriter" should be placed at the top of the module (wrong-import-position)
pure3270/emulation/screen_buffer.py:151:4: W0231: __init__ method from base class 'BufferWriter' is not called (super-init-not-called)
pure3270/emulation/screen_buffer.py:205:4: R0917: Too many positional arguments (6/5) (too-many-positional-arguments)
pure3270/emulation/screen_buffer.py:246:56: W0613: Unused argument 'ebcdic_byte' (unused-argument)
pure3270/emulation/screen_buffer.py:282:12: R1724: Unnecessary "elif" after "continue", remove the leading "el" from "elif" (no-else-continue)
************* Module pure3270.protocol.errors
pure3270/protocol/errors.py:69:4: R1720: Unnecessary "else" after "raise", remove the "else" and de-indent the code inside it (no-else-raise)
pure3270/protocol/errors.py:84:8: R1720: Unnecessary "else" after "raise", remove the "else" and de-indent the code inside it (no-else-raise)
pure3270/protocol/errors.py:94:8: R1720: Unnecessary "else" after "raise", remove the "else" and de-indent the code inside it (no-else-raise)
************* Module pure3270.protocol.ssl_wrapper
pure3270/protocol/ssl_wrapper.py:19:4: W0105: String statement has no effect (pointless-string-statement)
************* Module pure3270.protocol.vt100_parser
pure3270/protocol/vt100_parser.py:180:15: R1714: Consider merging these comparisons with 'in' by using 'command in ('H', 'f')'. Use a set instead if elements are hashable. (consider-using-in)
************* Module pure3270.protocol.data_stream
pure3270/protocol/data_stream.py:681:9: W0511: TODO: Mark current field as modified in screen_buffer (fixme)
pure3270/protocol/data_stream.py:714:13: W0511: TODO: Implement SCS handling if needed (fixme)
pure3270/protocol/data_stream.py:908:9: W0511: TODO: More detailed parsing or error handling if needed (fixme)
pure3270/protocol/data_stream.py:1082:21: W0511: TODO: Parse additional PSC attributes if present (e.g., flags at sub_data[4:]) (fixme)
pure3270/protocol/data_stream.py:68:4: W0404: Reimport 'PrinterBuffer' (imported line 8) (reimported)
pure3270/protocol/data_stream.py:69:4: W0404: Reimport 'ScreenBuffer' (imported line 9) (reimported)
pure3270/protocol/data_stream.py:412:12: W0706: The except handler raises immediately (try-except-raise)
pure3270/protocol/data_stream.py:503:12: R1720: Unnecessary "else" after "raise", remove the "else" and de-indent the code inside it (no-else-raise)
pure3270/protocol/data_stream.py:672:12: W0612: Unused variable 'i' (unused-variable)
pure3270/protocol/data_stream.py:1055:8: R1730: Consider using 'expected_end = min(expected_end, len(parser._data))' instead of unnecessary if block (consider-using-min-builtin)
************* Module pure3270.protocol.printer
pure3270/protocol/printer.py:235:11: R1714: Consider merging these comparisons with 'in' by using 'header.data_type in (SCS_DATA, TN3270E_SCS_CTL_CODES)'. Use a set instead if elements are hashable. (consider-using-in)
************* Module pure3270.protocol.utils
pure3270/protocol/utils.py:284:16: R1724: Unnecessary "elif" after "continue", remove the leading "el" from "elif" (no-else-continue)
pure3270/protocol/utils.py:316:0: C0413: Import "from typing import Optional" should be placed at the top of the module (wrong-import-position)
pure3270/protocol/utils.py:386:8: R1730: Consider using 'self._pos = min(self._pos, len(self._text))' instead of unnecessary if block (consider-using-min-builtin)
************* Module pure3270.protocol.negotiator
pure3270/protocol/negotiator.py:46:0: C0413: Import "from .tn3270e_header import TN3270EHeader" should be placed at the top of the module (wrong-import-position)
pure3270/protocol/negotiator.py:47:0: W0404: Reimport 'TN3270E_RSF_ERROR_RESPONSE' (imported line 29) (reimported)
pure3270/protocol/negotiator.py:47:0: W0404: Reimport 'TN3270E_RSF_NEGATIVE_RESPONSE' (imported line 29) (reimported)
pure3270/protocol/negotiator.py:47:0: W0404: Reimport 'TN3270E_RSF_POSITIVE_RESPONSE' (imported line 29) (reimported)
pure3270/protocol/negotiator.py:47:0: C0413: Import "from .utils import BIND_IMAGE, NVT_DATA, PRINT_EOJ, REQUEST, RESPONSE, SCS_DATA, SSCP_LU_DATA, TN3270_DATA, TN3270E_RSF_ALWAYS_RESPONSE, TN3270E_RSF_ERROR_RESPONSE, TN3270E_RSF_NEGATIVE_RESPONSE, TN3270E_RSF_NO_RESPONSE, TN3270E_RSF_POSITIVE_RESPONSE, UNBIND" should be placed at the top of the module (wrong-import-position)
pure3270/protocol/negotiator.py:71:4: R0917: Too many positional arguments (9/5) (too-many-positional-arguments)
pure3270/protocol/negotiator.py:584:8: W0105: String statement has no effect (pointless-string-statement)
pure3270/protocol/negotiator.py:843:8: W0404: Reimport 'asyncio' (imported line 6) (reimported)
pure3270/protocol/negotiator.py:954:16: E0213: Method '__await__' should have "self" as first argument (no-self-argument)
pure3270/protocol/negotiator.py:905:12: W0612: Unused variable 'offset' (unused-variable)
pure3270/protocol/negotiator.py:1037:8: W0612: Unused variable 'message_subtype' (unused-variable)
pure3270/protocol/negotiator.py:1267:8: W0105: String statement has no effect (pointless-string-statement)
************* Module pure3270.protocol.tn3270_handler
pure3270/protocol/tn3270_handler.py:29:0: C0413: Import "import inspect" should be placed at the top of the module (wrong-import-position)
pure3270/protocol/tn3270_handler.py:133:8: W0613: Unused argument 'ssl_context' (unused-argument)
pure3270/protocol/tn3270_handler.py:187:4: R0917: Too many positional arguments (11/5) (too-many-positional-arguments)
pure3270/protocol/tn3270_handler.py:276:12: W0706: The except handler raises immediately (try-except-raise)
pure3270/protocol/tn3270_handler.py:519:12: W0603: Using the global statement (global-statement)
pure3270/protocol/tn3270_handler.py:310:20: W0201: Attribute '_negotiation_trace' defined outside __init__ (attribute-defined-outside-init)
pure3270/protocol/tn3270_handler.py:372:20: W0201: Attribute '_negotiation_trace' defined outside __init__ (attribute-defined-outside-init)
************* Module pure3270.patching.s3270_wrapper
pure3270/patching/s3270_wrapper.py:496:4: R0917: Too many positional arguments (13/5) (too-many-positional-arguments)
************* Module pure3270.patching.patching
pure3270/patching/patching.py:110:14: W0613: Unused argument 'module' (unused-argument)
pure3270/patching/patching.py:153:16: W0404: Reimport 'Pure3270S3270Wrapper' (imported line 14) (reimported)
pure3270/patching/patching.py:128:8: W0613: Unused argument 'patch_commands' (unused-argument)
************* Module screen_content_integration_test_clean
screen_content_integration_test_clean.py:26:0: W0105: String statement has no effect (pointless-string-statement)
screen_content_integration_test_clean.py:36:0: C0413: Import "import asyncio" should be placed at the top of the module (wrong-import-position)
screen_content_integration_test_clean.py:37:0: C0413: Import "from unittest.mock import AsyncMock, MagicMock, patch" should be placed at the top of the module (wrong-import-position)
screen_content_integration_test_clean.py:40:0: C0413: Import "import pure3270" should be placed at the top of the module (wrong-import-position)
screen_content_integration_test_clean.py:41:0: C0413: Import "from pure3270 import AsyncSession" should be placed at the top of the module (wrong-import-position)
screen_content_integration_test_clean.py:152:12: W0702: No exception type(s) specified (bare-except)
screen_content_integration_test_clean.py:350:23: E1120: No value for argument 'mock_open' in method call (no-value-for-parameter)
screen_content_integration_test_clean.py:350:23: E1120: No value for argument 'mock_handler' in method call (no-value-for-parameter)
screen_content_integration_test_clean.py:389:4: R1722: Consider using 'sys.exit' instead (consider-using-sys-exit)
************* Module tests.test_extended_field_attributes
tests/test_extended_field_attributes.py:12:45: W0613: Unused argument 'memory_limit_500mb' (unused-argument)
************* Module tests.test_missing_s3270_actions
tests/test_missing_s3270_actions.py:14:40: W0613: Unused argument 'memory_limit_500mb' (unused-argument)
tests/test_missing_s3270_actions.py:24:39: W0613: Unused argument 'memory_limit_500mb' (unused-argument)
tests/test_missing_s3270_actions.py:33:39: W0613: Unused argument 'memory_limit_500mb' (unused-argument)
tests/test_missing_s3270_actions.py:42:37: W0613: Unused argument 'memory_limit_500mb' (unused-argument)
************* Module tests.test_patching_integration
tests/test_patching_integration.py:11:29: W0613: Unused argument 'memory_limit_500mb' (unused-argument)
tests/test_patching_integration.py:44:33: W0613: Unused argument 'memory_limit_500mb' (unused-argument)
tests/test_patching_integration.py:61:37: W0613: Unused argument 'memory_limit_500mb' (unused-argument)
tests/test_patching_integration.py:86:26: W0613: Unused argument 'memory_limit_500mb' (unused-argument)
************* Module tests.test_session
tests/test_session.py:181:0: C0303: Trailing whitespace (trailing-whitespace)
tests/test_session.py:197:0: C0303: Trailing whitespace (trailing-whitespace)
tests/test_session.py:257:0: C0303: Trailing whitespace (trailing-whitespace)
tests/test_session.py:286:0: C0303: Trailing whitespace (trailing-whitespace)
tests/test_session.py:287:32: C0303: Trailing whitespace (trailing-whitespace)
tests/test_session.py:289:0: C0303: Trailing whitespace (trailing-whitespace)
tests/test_session.py:48:0: E0102: function already defined line 16 (function-redefined)
tests/test_session.py:65:30: W0613: Unused argument 'memory_limit_500mb' (unused-argument)
tests/test_session.py:134:44: W0613: Unused argument 'async_session' (unused-argument)
tests/test_session.py:171:44: W0613: Unused argument 'async_session' (unused-argument)
tests/test_session.py:534:8: W0404: Reimport 'Field' (imported line 10) (reimported)
tests/test_session.py:546:8: W0404: Reimport 'Field' (imported line 10) (reimported)
tests/test_session.py:638:13: W0612: Unused variable 'col' (unused-variable)
tests/test_session.py:645:13: W0612: Unused variable 'col' (unused-variable)
tests/test_session.py:718:8: W0612: Unused variable 'row' (unused-variable)
tests/test_session.py:729:8: W0612: Unused variable 'row' (unused-variable)
tests/test_session.py:819:51: W0613: Unused argument 'mock_getmtime' (unused-argument)
tests/test_session.py:833:14: W0613: Unused argument 'mock_getmtime' (unused-argument)
tests/test_session.py:867:57: W0613: Unused argument 'mock_getmtime' (unused-argument)
tests/test_session.py:880:14: W0613: Unused argument 'mock_getmtime' (unused-argument)
tests/test_session.py:903:14: W0613: Unused argument 'mock_getmtime' (unused-argument)
tests/test_session.py:917:12: W0612: Unused variable 'result' (unused-variable)
tests/test_session.py:927:8: W0404: Reimport 'Field' (imported line 10) (reimported)
tests/test_session.py:954:8: W0612: Unused variable 'row' (unused-variable)
tests/test_session.py:966:8: W0404: Reimport 'Field' (imported line 10) (reimported)
tests/test_session.py:1029:8: W0404: Reimport 'patch' (imported line 4) (reimported)
tests/test_session.py:1108:47: W0612: Unused variable 'mock_logger' (unused-variable)

------------------------------------------------------------------
Your code has been rated at 9.77/10 (previous run: 9.76/10, +0.01)

Exception ignored in: <generator object raise_if_nothing_inferred.<locals>.inner at 0x7f476fe69840>
Traceback (most recent call last):
  File "/usr/local/py-utils/venvs/pylint/lib/python3.12/site-packages/astroid/decorators.py", line 99, in inner
    yield from generator
ValueError: generator already executing
************* Module /workspaces/pure3270/.pylintrc
.pylintrc:1:0: W0012: Unknown option value for '--disable', expected a valid pylint message and got 'too-many-decorators' (unknown-option-value)
************* Module pure3270
pure3270/__init__.py:116:0: C0413: Import "from .protocol.exceptions import MacroError" should be placed at the top of the module (wrong-import-position)
************* Module pure3270.exceptions
pure3270/exceptions.py:73:0: W0622: Redefining built-in 'ConnectionError' (redefined-builtin)
pure3270/exceptions.py:103:0: W0622: Redefining built-in 'TimeoutError' (redefined-builtin)
************* Module pure3270.session
pure3270/session.py:37:0: W0622: Redefining built-in 'ConnectionError' (redefined-builtin)
pure3270/session.py:59:4: R0917: Too many positional arguments (7/5) (too-many-positional-arguments)
pure3270/session.py:91:12: W0612: Unused variable 'loop' (unused-variable)
pure3270/session.py:179:44: W0622: Redefining built-in 'vars' (redefined-builtin)
pure3270/session.py:639:4: R0917: Too many positional arguments (7/5) (too-many-positional-arguments)
pure3270/session.py:720:8: W0612: Unused variable 'e' (unused-variable)
pure3270/session.py:922:54: W0622: Redefining built-in 'vars' (redefined-builtin)
pure3270/session.py:922:54: W0613: Unused argument 'vars' (unused-argument)
pure3270/session.py:1244:12: W0612: Unused variable 'data' (unused-variable)
pure3270/session.py:1250:12: W0612: Unused variable 'data' (unused-variable)
pure3270/session.py:1486:8: W0612: Unused variable 'sender' (unused-variable)
pure3270/session.py:1489:8: W0612: Unused variable 'AID_MAP' (unused-variable)
pure3270/session.py:2028:8: W0612: Unused variable 'end_col' (unused-variable)
pure3270/session.py:2036:13: W0612: Unused variable 'col' (unused-variable)
pure3270/session.py:2158:13: W0612: Unused variable 'col' (unused-variable)
pure3270/session.py:2169:8: W0612: Unused variable 'row' (unused-variable)
pure3270/session.py:2206:8: W0404: Reimport 'asyncio' (imported line 5) (reimported)
pure3270/session.py:2256:8: W0404: Reimport 'asyncio' (imported line 5) (reimported)
pure3270/session.py:2336:4: E0102: method already defined line 2320 (function-redefined)
pure3270/session.py:2410:8: W0404: Reimport 'asyncio' (imported line 5) (reimported)
pure3270/session.py:2436:8: W0404: Reimport 'os' (imported line 7) (reimported)
pure3270/session.py:2585:8: W0404: Reimport 'asyncio' (imported line 5) (reimported)
pure3270/session.py:1380:12: W0201: Attribute '_options' defined outside __init__ (attribute-defined-outside-init)
pure3270/session.py:2392:12: W0201: Attribute '_cookies' defined outside __init__ (attribute-defined-outside-init)
************* Module pure3270.emulation.buffer_writer
pure3270/emulation/buffer_writer.py:27:4: R0917: Too many positional arguments (6/5) (too-many-positional-arguments)
************* Module pure3270.emulation.printer_buffer
pure3270/emulation/printer_buffer.py:14:4: W0231: __init__ method from base class 'BufferWriter' is not called (super-init-not-called)
pure3270/emulation/printer_buffer.py:26:4: R0917: Too many positional arguments (6/5) (too-many-positional-arguments)
pure3270/emulation/printer_buffer.py:97:12: W0201: Attribute '_current_line' defined outside __init__ (attribute-defined-outside-init)
pure3270/emulation/printer_buffer.py:132:8: W0201: Attribute '_status' defined outside __init__ (attribute-defined-outside-init)
************* Module pure3270.emulation.screen_buffer
pure3270/emulation/screen_buffer.py:20:4: R0917: Too many positional arguments (15/5) (too-many-positional-arguments)
pure3270/emulation/screen_buffer.py:143:0: C0413: Import "from .buffer_writer import BufferWriter" should be placed at the top of the module (wrong-import-position)
pure3270/emulation/screen_buffer.py:151:4: W0231: __init__ method from base class 'BufferWriter' is not called (super-init-not-called)
pure3270/emulation/screen_buffer.py:205:4: R0917: Too many positional arguments (6/5) (too-many-positional-arguments)
pure3270/emulation/screen_buffer.py:246:56: W0613: Unused argument 'ebcdic_byte' (unused-argument)
pure3270/emulation/screen_buffer.py:282:12: R1724: Unnecessary "elif" after "continue", remove the leading "el" from "elif" (no-else-continue)
************* Module pure3270.protocol.errors
pure3270/protocol/errors.py:69:4: R1720: Unnecessary "else" after "raise", remove the "else" and de-indent the code inside it (no-else-raise)
pure3270/protocol/errors.py:84:8: R1720: Unnecessary "else" after "raise", remove the "else" and de-indent the code inside it (no-else-raise)
pure3270/protocol/errors.py:94:8: R1720: Unnecessary "else" after "raise", remove the "else" and de-indent the code inside it (no-else-raise)
************* Module pure3270.protocol.ssl_wrapper
pure3270/protocol/ssl_wrapper.py:19:4: W0105: String statement has no effect (pointless-string-statement)
************* Module pure3270.protocol.vt100_parser
pure3270/protocol/vt100_parser.py:180:15: R1714: Consider merging these comparisons with 'in' by using 'command in ('H', 'f')'. Use a set instead if elements are hashable. (consider-using-in)
************* Module pure3270.protocol.data_stream
pure3270/protocol/data_stream.py:681:9: W0511: TODO: Mark current field as modified in screen_buffer (fixme)
pure3270/protocol/data_stream.py:714:13: W0511: TODO: Implement SCS handling if needed (fixme)
pure3270/protocol/data_stream.py:908:9: W0511: TODO: More detailed parsing or error handling if needed (fixme)
pure3270/protocol/data_stream.py:1082:21: W0511: TODO: Parse additional PSC attributes if present (e.g., flags at sub_data[4:]) (fixme)
pure3270/protocol/data_stream.py:68:4: W0404: Reimport 'PrinterBuffer' (imported line 8) (reimported)
pure3270/protocol/data_stream.py:69:4: W0404: Reimport 'ScreenBuffer' (imported line 9) (reimported)
pure3270/protocol/data_stream.py:412:12: W0706: The except handler raises immediately (try-except-raise)
pure3270/protocol/data_stream.py:503:12: R1720: Unnecessary "else" after "raise", remove the "else" and de-indent the code inside it (no-else-raise)
pure3270/protocol/data_stream.py:672:12: W0612: Unused variable 'i' (unused-variable)
pure3270/protocol/data_stream.py:1055:8: R1730: Consider using 'expected_end = min(expected_end, len(parser._data))' instead of unnecessary if block (consider-using-min-builtin)
************* Module pure3270.protocol.printer
pure3270/protocol/printer.py:235:11: R1714: Consider merging these comparisons with 'in' by using 'header.data_type in (SCS_DATA, TN3270E_SCS_CTL_CODES)'. Use a set instead if elements are hashable. (consider-using-in)
************* Module pure3270.protocol.utils
pure3270/protocol/utils.py:284:16: R1724: Unnecessary "elif" after "continue", remove the leading "el" from "elif" (no-else-continue)
pure3270/protocol/utils.py:316:0: C0413: Import "from typing import Optional" should be placed at the top of the module (wrong-import-position)
pure3270/protocol/utils.py:386:8: R1730: Consider using 'self._pos = min(self._pos, len(self._text))' instead of unnecessary if block (consider-using-min-builtin)
************* Module pure3270.protocol.negotiator
pure3270/protocol/negotiator.py:46:0: C0413: Import "from .tn3270e_header import TN3270EHeader" should be placed at the top of the module (wrong-import-position)
pure3270/protocol/negotiator.py:47:0: W0404: Reimport 'TN3270E_RSF_ERROR_RESPONSE' (imported line 29) (reimported)
pure3270/protocol/negotiator.py:47:0: W0404: Reimport 'TN3270E_RSF_NEGATIVE_RESPONSE' (imported line 29) (reimported)
pure3270/protocol/negotiator.py:47:0: W0404: Reimport 'TN3270E_RSF_POSITIVE_RESPONSE' (imported line 29) (reimported)
pure3270/protocol/negotiator.py:47:0: C0413: Import "from .utils import BIND_IMAGE, NVT_DATA, PRINT_EOJ, REQUEST, RESPONSE, SCS_DATA, SSCP_LU_DATA, TN3270_DATA, TN3270E_RSF_ALWAYS_RESPONSE, TN3270E_RSF_ERROR_RESPONSE, TN3270E_RSF_NEGATIVE_RESPONSE, TN3270E_RSF_NO_RESPONSE, TN3270E_RSF_POSITIVE_RESPONSE, UNBIND" should be placed at the top of the module (wrong-import-position)
pure3270/protocol/negotiator.py:71:4: R0917: Too many positional arguments (9/5) (too-many-positional-arguments)
pure3270/protocol/negotiator.py:584:8: W0105: String statement has no effect (pointless-string-statement)
pure3270/protocol/negotiator.py:843:8: W0404: Reimport 'asyncio' (imported line 6) (reimported)
pure3270/protocol/negotiator.py:954:16: E0213: Method '__await__' should have "self" as first argument (no-self-argument)
pure3270/protocol/negotiator.py:905:12: W0612: Unused variable 'offset' (unused-variable)
pure3270/protocol/negotiator.py:1037:8: W0612: Unused variable 'message_subtype' (unused-variable)
pure3270/protocol/negotiator.py:1267:8: W0105: String statement has no effect (pointless-string-statement)
************* Module pure3270.protocol.tn3270_handler
pure3270/protocol/tn3270_handler.py:29:0: C0413: Import "import inspect" should be placed at the top of the module (wrong-import-position)
pure3270/protocol/tn3270_handler.py:133:8: W0613: Unused argument 'ssl_context' (unused-argument)
pure3270/protocol/tn3270_handler.py:187:4: R0917: Too many positional arguments (11/5) (too-many-positional-arguments)
pure3270/protocol/tn3270_handler.py:276:12: W0706: The except handler raises immediately (try-except-raise)
pure3270/protocol/tn3270_handler.py:519:12: W0603: Using the global statement (global-statement)
pure3270/protocol/tn3270_handler.py:310:20: W0201: Attribute '_negotiation_trace' defined outside __init__ (attribute-defined-outside-init)
pure3270/protocol/tn3270_handler.py:372:20: W0201: Attribute '_negotiation_trace' defined outside __init__ (attribute-defined-outside-init)
************* Module pure3270.patching.s3270_wrapper
pure3270/patching/s3270_wrapper.py:496:4: R0917: Too many positional arguments (13/5) (too-many-positional-arguments)
************* Module pure3270.patching.patching
pure3270/patching/patching.py:110:14: W0613: Unused argument 'module' (unused-argument)
pure3270/patching/patching.py:153:16: W0404: Reimport 'Pure3270S3270Wrapper' (imported line 14) (reimported)
pure3270/patching/patching.py:128:8: W0613: Unused argument 'patch_commands' (unused-argument)
************* Module comprehensive_integration_test
comprehensive_integration_test.py:26:0: W0105: String statement has no effect (pointless-string-statement)
comprehensive_integration_test.py:30:0: C0413: Import "import asyncio" should be placed at the top of the module (wrong-import-position)
comprehensive_integration_test.py:31:0: C0413: Import "from unittest.mock import AsyncMock, MagicMock, patch" should be placed at the top of the module (wrong-import-position)
comprehensive_integration_test.py:33:0: C0413: Import "import pytest" should be placed at the top of the module (wrong-import-position)
comprehensive_integration_test.py:36:0: C0413: Import "import pure3270" should be placed at the top of the module (wrong-import-position)
comprehensive_integration_test.py:41:0: C0413: Import "import p3270" should be placed at the top of the module (wrong-import-position)
comprehensive_integration_test.py:43:0: C0413: Import "from pure3270 import AsyncSession, Session" should be placed at the top of the module (wrong-import-position)
comprehensive_integration_test.py:44:0: C0413: Import "from pure3270.emulation.screen_buffer import ScreenBuffer" should be placed at the top of the module (wrong-import-position)
comprehensive_integration_test.py:45:0: C0413: Import "from pure3270.protocol.data_stream import DataStreamParser, DataStreamSender" should be placed at the top of the module (wrong-import-position)
comprehensive_integration_test.py:46:0: C0413: Import "from pure3270.protocol.tn3270_handler import TN3270Handler" should be placed at the top of the module (wrong-import-position)
************* Module navigation_unit_tests
navigation_unit_tests.py:448:8: W0404: Reimport 'AsyncSession' (imported line 20) (reimported)
navigation_unit_tests.py:481:8: W0404: Reimport 'AsyncSession' (imported line 20) (reimported)
navigation_unit_tests.py:513:8: W0404: Reimport 'AsyncSession' (imported line 20) (reimported)
navigation_unit_tests.py:536:8: W0404: Reimport 'AsyncSession' (imported line 20) (reimported)
navigation_unit_tests.py:553:8: W0404: Reimport 'AsyncSession' (imported line 20) (reimported)
navigation_unit_tests.py:569:8: W0404: Reimport 'AsyncSession' (imported line 20) (reimported)
navigation_unit_tests.py:583:4: R1722: Consider using 'sys.exit' instead (consider-using-sys-exit)
************* Module navigation_capabilities_assessment
navigation_capabilities_assessment.py:27:8: W0612: Unused variable 'actual_methods' (unused-variable)
navigation_capabilities_assessment.py:357:4: R1722: Consider using 'sys.exit' instead (consider-using-sys-exit)

-----------------------------------
Your code has been rated at 9.82/10

Exception ignored in: <generator object raise_if_nothing_inferred.<locals>.inner at 0x7f14f6bbc840>
Traceback (most recent call last):
  File "/usr/local/py-utils/venvs/pylint/lib/python3.12/site-packages/astroid/decorators.py", line 99, in inner
    yield from generator
ValueError: generator already executing
************* Module /workspaces/pure3270/.pylintrc
.pylintrc:1:0: W0012: Unknown option value for '--disable', expected a valid pylint message and got 'too-many-decorators' (unknown-option-value)
************* Module pure3270
pure3270/__init__.py:116:0: C0413: Import "from .protocol.exceptions import MacroError" should be placed at the top of the module (wrong-import-position)
************* Module pure3270.exceptions
pure3270/exceptions.py:73:0: W0622: Redefining built-in 'ConnectionError' (redefined-builtin)
pure3270/exceptions.py:103:0: W0622: Redefining built-in 'TimeoutError' (redefined-builtin)
************* Module pure3270.session
pure3270/session.py:37:0: W0622: Redefining built-in 'ConnectionError' (redefined-builtin)
pure3270/session.py:59:4: R0917: Too many positional arguments (7/5) (too-many-positional-arguments)
pure3270/session.py:91:12: W0612: Unused variable 'loop' (unused-variable)
pure3270/session.py:179:44: W0622: Redefining built-in 'vars' (redefined-builtin)
pure3270/session.py:639:4: R0917: Too many positional arguments (7/5) (too-many-positional-arguments)
pure3270/session.py:720:8: W0612: Unused variable 'e' (unused-variable)
pure3270/session.py:922:54: W0622: Redefining built-in 'vars' (redefined-builtin)
pure3270/session.py:922:54: W0613: Unused argument 'vars' (unused-argument)
pure3270/session.py:1244:12: W0612: Unused variable 'data' (unused-variable)
pure3270/session.py:1250:12: W0612: Unused variable 'data' (unused-variable)
pure3270/session.py:1486:8: W0612: Unused variable 'sender' (unused-variable)
pure3270/session.py:1489:8: W0612: Unused variable 'AID_MAP' (unused-variable)
pure3270/session.py:2028:8: W0612: Unused variable 'end_col' (unused-variable)
pure3270/session.py:2036:13: W0612: Unused variable 'col' (unused-variable)
pure3270/session.py:2158:13: W0612: Unused variable 'col' (unused-variable)
pure3270/session.py:2169:8: W0612: Unused variable 'row' (unused-variable)
pure3270/session.py:2206:8: W0404: Reimport 'asyncio' (imported line 5) (reimported)
pure3270/session.py:2256:8: W0404: Reimport 'asyncio' (imported line 5) (reimported)
pure3270/session.py:2336:4: E0102: method already defined line 2320 (function-redefined)
pure3270/session.py:2410:8: W0404: Reimport 'asyncio' (imported line 5) (reimported)
pure3270/session.py:2436:8: W0404: Reimport 'os' (imported line 7) (reimported)
pure3270/session.py:2585:8: W0404: Reimport 'asyncio' (imported line 5) (reimported)
pure3270/session.py:1380:12: W0201: Attribute '_options' defined outside __init__ (attribute-defined-outside-init)
pure3270/session.py:2392:12: W0201: Attribute '_cookies' defined outside __init__ (attribute-defined-outside-init)
************* Module pure3270.emulation.buffer_writer
pure3270/emulation/buffer_writer.py:27:4: R0917: Too many positional arguments (6/5) (too-many-positional-arguments)
************* Module pure3270.emulation.printer_buffer
pure3270/emulation/printer_buffer.py:14:4: W0231: __init__ method from base class 'BufferWriter' is not called (super-init-not-called)
pure3270/emulation/printer_buffer.py:26:4: R0917: Too many positional arguments (6/5) (too-many-positional-arguments)
pure3270/emulation/printer_buffer.py:97:12: W0201: Attribute '_current_line' defined outside __init__ (attribute-defined-outside-init)
pure3270/emulation/printer_buffer.py:132:8: W0201: Attribute '_status' defined outside __init__ (attribute-defined-outside-init)
************* Module pure3270.emulation.screen_buffer
pure3270/emulation/screen_buffer.py:20:4: R0917: Too many positional arguments (15/5) (too-many-positional-arguments)
pure3270/emulation/screen_buffer.py:143:0: C0413: Import "from .buffer_writer import BufferWriter" should be placed at the top of the module (wrong-import-position)
pure3270/emulation/screen_buffer.py:151:4: W0231: __init__ method from base class 'BufferWriter' is not called (super-init-not-called)
pure3270/emulation/screen_buffer.py:205:4: R0917: Too many positional arguments (6/5) (too-many-positional-arguments)
pure3270/emulation/screen_buffer.py:246:56: W0613: Unused argument 'ebcdic_byte' (unused-argument)
pure3270/emulation/screen_buffer.py:282:12: R1724: Unnecessary "elif" after "continue", remove the leading "el" from "elif" (no-else-continue)
************* Module pure3270.protocol.errors
pure3270/protocol/errors.py:69:4: R1720: Unnecessary "else" after "raise", remove the "else" and de-indent the code inside it (no-else-raise)
pure3270/protocol/errors.py:84:8: R1720: Unnecessary "else" after "raise", remove the "else" and de-indent the code inside it (no-else-raise)
pure3270/protocol/errors.py:94:8: R1720: Unnecessary "else" after "raise", remove the "else" and de-indent the code inside it (no-else-raise)
************* Module pure3270.protocol.ssl_wrapper
pure3270/protocol/ssl_wrapper.py:19:4: W0105: String statement has no effect (pointless-string-statement)
************* Module pure3270.protocol.vt100_parser
pure3270/protocol/vt100_parser.py:180:15: R1714: Consider merging these comparisons with 'in' by using 'command in ('H', 'f')'. Use a set instead if elements are hashable. (consider-using-in)
************* Module pure3270.protocol.data_stream
pure3270/protocol/data_stream.py:681:9: W0511: TODO: Mark current field as modified in screen_buffer (fixme)
pure3270/protocol/data_stream.py:714:13: W0511: TODO: Implement SCS handling if needed (fixme)
pure3270/protocol/data_stream.py:908:9: W0511: TODO: More detailed parsing or error handling if needed (fixme)
pure3270/protocol/data_stream.py:1082:21: W0511: TODO: Parse additional PSC attributes if present (e.g., flags at sub_data[4:]) (fixme)
pure3270/protocol/data_stream.py:68:4: W0404: Reimport 'PrinterBuffer' (imported line 8) (reimported)
pure3270/protocol/data_stream.py:69:4: W0404: Reimport 'ScreenBuffer' (imported line 9) (reimported)
pure3270/protocol/data_stream.py:412:12: W0706: The except handler raises immediately (try-except-raise)
pure3270/protocol/data_stream.py:503:12: R1720: Unnecessary "else" after "raise", remove the "else" and de-indent the code inside it (no-else-raise)
pure3270/protocol/data_stream.py:672:12: W0612: Unused variable 'i' (unused-variable)
pure3270/protocol/data_stream.py:1055:8: R1730: Consider using 'expected_end = min(expected_end, len(parser._data))' instead of unnecessary if block (consider-using-min-builtin)
************* Module pure3270.protocol.printer
pure3270/protocol/printer.py:235:11: R1714: Consider merging these comparisons with 'in' by using 'header.data_type in (SCS_DATA, TN3270E_SCS_CTL_CODES)'. Use a set instead if elements are hashable. (consider-using-in)
************* Module pure3270.protocol.utils
pure3270/protocol/utils.py:284:16: R1724: Unnecessary "elif" after "continue", remove the leading "el" from "elif" (no-else-continue)
pure3270/protocol/utils.py:316:0: C0413: Import "from typing import Optional" should be placed at the top of the module (wrong-import-position)
pure3270/protocol/utils.py:386:8: R1730: Consider using 'self._pos = min(self._pos, len(self._text))' instead of unnecessary if block (consider-using-min-builtin)
************* Module pure3270.protocol.negotiator
pure3270/protocol/negotiator.py:46:0: C0413: Import "from .tn3270e_header import TN3270EHeader" should be placed at the top of the module (wrong-import-position)
pure3270/protocol/negotiator.py:47:0: W0404: Reimport 'TN3270E_RSF_ERROR_RESPONSE' (imported line 29) (reimported)
pure3270/protocol/negotiator.py:47:0: W0404: Reimport 'TN3270E_RSF_NEGATIVE_RESPONSE' (imported line 29) (reimported)
pure3270/protocol/negotiator.py:47:0: W0404: Reimport 'TN3270E_RSF_POSITIVE_RESPONSE' (imported line 29) (reimported)
pure3270/protocol/negotiator.py:47:0: C0413: Import "from .utils import BIND_IMAGE, NVT_DATA, PRINT_EOJ, REQUEST, RESPONSE, SCS_DATA, SSCP_LU_DATA, TN3270_DATA, TN3270E_RSF_ALWAYS_RESPONSE, TN3270E_RSF_ERROR_RESPONSE, TN3270E_RSF_NEGATIVE_RESPONSE, TN3270E_RSF_NO_RESPONSE, TN3270E_RSF_POSITIVE_RESPONSE, UNBIND" should be placed at the top of the module (wrong-import-position)
pure3270/protocol/negotiator.py:71:4: R0917: Too many positional arguments (9/5) (too-many-positional-arguments)
pure3270/protocol/negotiator.py:584:8: W0105: String statement has no effect (pointless-string-statement)
pure3270/protocol/negotiator.py:843:8: W0404: Reimport 'asyncio' (imported line 6) (reimported)
pure3270/protocol/negotiator.py:954:16: E0213: Method '__await__' should have "self" as first argument (no-self-argument)
pure3270/protocol/negotiator.py:905:12: W0612: Unused variable 'offset' (unused-variable)
pure3270/protocol/negotiator.py:1037:8: W0612: Unused variable 'message_subtype' (unused-variable)
pure3270/protocol/negotiator.py:1267:8: W0105: String statement has no effect (pointless-string-statement)
************* Module pure3270.protocol.tn3270_handler
pure3270/protocol/tn3270_handler.py:29:0: C0413: Import "import inspect" should be placed at the top of the module (wrong-import-position)
pure3270/protocol/tn3270_handler.py:133:8: W0613: Unused argument 'ssl_context' (unused-argument)
pure3270/protocol/tn3270_handler.py:187:4: R0917: Too many positional arguments (11/5) (too-many-positional-arguments)
pure3270/protocol/tn3270_handler.py:276:12: W0706: The except handler raises immediately (try-except-raise)
pure3270/protocol/tn3270_handler.py:519:12: W0603: Using the global statement (global-statement)
pure3270/protocol/tn3270_handler.py:310:20: W0201: Attribute '_negotiation_trace' defined outside __init__ (attribute-defined-outside-init)
pure3270/protocol/tn3270_handler.py:372:20: W0201: Attribute '_negotiation_trace' defined outside __init__ (attribute-defined-outside-init)
************* Module pure3270.patching.s3270_wrapper
pure3270/patching/s3270_wrapper.py:496:4: R0917: Too many positional arguments (13/5) (too-many-positional-arguments)
************* Module pure3270.patching.patching
pure3270/patching/patching.py:110:14: W0613: Unused argument 'module' (unused-argument)
pure3270/patching/patching.py:153:16: W0404: Reimport 'Pure3270S3270Wrapper' (imported line 14) (reimported)
pure3270/patching/patching.py:128:8: W0613: Unused argument 'patch_commands' (unused-argument)
************* Module tests.test_protocol_errors
tests/test_protocol_errors.py:14:29: W0613: Unused argument 'memory_limit_500mb' (unused-argument)
tests/test_protocol_errors.py:22:32: W0613: Unused argument 'memory_limit_500mb' (unused-argument)
tests/test_protocol_errors.py:31:27: W0613: Unused argument 'memory_limit_500mb' (unused-argument)
************* Module release_test
release_test.py:30:0: W0105: String statement has no effect (pointless-string-statement)
release_test.py:35:0: C0413: Import "import asyncio" should be placed at the top of the module (wrong-import-position)
release_test.py:36:0: C0413: Import "import os" should be placed at the top of the module (wrong-import-position)
release_test.py:37:0: W0404: Reimport 'platform' (imported line 3) (reimported)
release_test.py:37:0: C0413: Import "import platform" should be placed at the top of the module (wrong-import-position)
release_test.py:38:0: C0413: Import "import subprocess" should be placed at the top of the module (wrong-import-position)
release_test.py:39:0: C0413: Import "import sys" should be placed at the top of the module (wrong-import-position)
release_test.py:41:0: C0413: Import "import pytest" should be placed at the top of the module (wrong-import-position)
release_test.py:43:0: C0413: Import "from safe_read import safe_read" should be placed at the top of the module (wrong-import-position)
release_test.py:370:16: W0702: No exception type(s) specified (bare-except)
release_test.py:426:16: W0702: No exception type(s) specified (bare-except)
release_test.py:37:0: C0412: Imports from package platform are not grouped (ungrouped-imports)
************* Module scripts.analyze_test_failures
scripts/analyze_test_failures.py:7:0: E0401: Unable to import 'openai' (import-error)
************* Module tests.test_protocol
tests/test_protocol.py:216:0: C0303: Trailing whitespace (trailing-whitespace)
tests/test_protocol.py:221:0: C0303: Trailing whitespace (trailing-whitespace)
tests/test_protocol.py:236:0: C0303: Trailing whitespace (trailing-whitespace)
tests/test_protocol.py:238:0: C0303: Trailing whitespace (trailing-whitespace)
tests/test_protocol.py:322:0: W0311: Bad indentation. Found 11 spaces, expected 8 (bad-indentation)
tests/test_protocol.py:323:0: W0311: Bad indentation. Found 11 spaces, expected 8 (bad-indentation)
tests/test_protocol.py:324:0: W0311: Bad indentation. Found 11 spaces, expected 8 (bad-indentation)
tests/test_protocol.py:326:0: W0311: Bad indentation. Found 11 spaces, expected 8 (bad-indentation)
tests/test_protocol.py:327:0: W0311: Bad indentation. Found 11 spaces, expected 8 (bad-indentation)
tests/test_protocol.py:329:0: W0311: Bad indentation. Found 11 spaces, expected 8 (bad-indentation)
tests/test_protocol.py:330:0: W0311: Bad indentation. Found 11 spaces, expected 8 (bad-indentation)
tests/test_protocol.py:331:0: W0311: Bad indentation. Found 11 spaces, expected 8 (bad-indentation)
tests/test_protocol.py:332:0: W0311: Bad indentation. Found 11 spaces, expected 8 (bad-indentation)
tests/test_protocol.py:333:0: W0311: Bad indentation. Found 11 spaces, expected 8 (bad-indentation)
tests/test_protocol.py:19:44: W0613: Unused argument 'memory_limit_500mb' (unused-argument)
tests/test_protocol.py:26:49: W0613: Unused argument 'memory_limit_500mb' (unused-argument)
tests/test_protocol.py:34:49: W0613: Unused argument 'memory_limit_500mb' (unused-argument)
tests/test_protocol.py:39:49: W0613: Unused argument 'memory_limit_500mb' (unused-argument)
tests/test_protocol.py:45:48: W0613: Unused argument 'memory_limit_500mb' (unused-argument)
tests/test_protocol.py:51:48: W0613: Unused argument 'memory_limit_500mb' (unused-argument)
tests/test_protocol.py:56:48: W0613: Unused argument 'memory_limit_500mb' (unused-argument)
tests/test_protocol.py:61:51: W0613: Unused argument 'memory_limit_500mb' (unused-argument)
tests/test_protocol.py:67:50: W0613: Unused argument 'memory_limit_500mb' (unused-argument)
tests/test_protocol.py:73:50: W0613: Unused argument 'memory_limit_500mb' (unused-argument)
tests/test_protocol.py:78:56: W0613: Unused argument 'caplog' (unused-argument)
tests/test_protocol.py:78:64: W0613: Unused argument 'memory_limit_500mb' (unused-argument)
tests/test_protocol.py:86:47: W0613: Unused argument 'memory_limit_500mb' (unused-argument)
tests/test_protocol.py:95:63: W0613: Unused argument 'memory_limit_500mb' (unused-argument)
tests/test_protocol.py:99:66: W0613: Unused argument 'memory_limit_500mb' (unused-argument)
tests/test_protocol.py:103:55: W0613: Unused argument 'memory_limit_500mb' (unused-argument)
tests/test_protocol.py:107:51: W0613: Unused argument 'memory_limit_500mb' (unused-argument)
tests/test_protocol.py:114:49: W0613: Unused argument 'memory_limit_500mb' (unused-argument)
tests/test_protocol.py:125:37: W0613: Unused argument 'memory_limit_500mb' (unused-argument)
tests/test_protocol.py:133:45: W0613: Unused argument 'memory_limit_500mb' (unused-argument)
tests/test_protocol.py:147:32: W0613: Unused argument 'ssl_wrapper' (unused-argument)
tests/test_protocol.py:147:45: W0613: Unused argument 'memory_limit_500mb' (unused-argument)
tests/test_protocol.py:159:45: W0613: Unused argument 'memory_limit_500mb' (unused-argument)
tests/test_protocol.py:165:48: W0613: Unused argument 'memory_limit_500mb' (unused-argument)
tests/test_protocol.py:170:44: W0613: Unused argument 'memory_limit_500mb' (unused-argument)
tests/test_protocol.py:176:64: W0613: Unused argument 'memory_limit_500mb' (unused-argument)
tests/test_protocol.py:189:12: W0612: Unused variable 'context' (unused-variable)
tests/test_protocol.py:195:8: W0612: Unused variable 'plain_text' (unused-variable)
tests/test_protocol.py:211:68: W0613: Unused argument 'memory_limit_500mb' (unused-argument)
tests/test_protocol.py:243:64: W0613: Unused argument 'memory_limit_500mb' (unused-argument)
tests/test_protocol.py:273:66: W0613: Unused argument 'memory_limit_500mb' (unused-argument)
tests/test_protocol.py:300:8: W0404: Reimport 'patch' (imported line 4) (reimported)
tests/test_protocol.py:281:66: W0613: Unused argument 'memory_limit_500mb' (unused-argument)
tests/test_protocol.py:313:8: W0404: Reimport 'patch' (imported line 4) (reimported)
tests/test_protocol.py:327:11: W0404: Reimport 'TN3270EHeader' (imported line 483) (reimported)
tests/test_protocol.py:321:51: W0613: Unused argument 'memory_limit_500mb' (unused-argument)
tests/test_protocol.py:335:65: W0613: Unused argument 'memory_limit_500mb' (unused-argument)
tests/test_protocol.py:340:54: W0613: Unused argument 'memory_limit_500mb' (unused-argument)
tests/test_protocol.py:348:68: W0613: Unused argument 'memory_limit_500mb' (unused-argument)
tests/test_protocol.py:353:47: W0613: Unused argument 'memory_limit_500mb' (unused-argument)
tests/test_protocol.py:362:48: W0613: Unused argument 'memory_limit_500mb' (unused-argument)
tests/test_protocol.py:393:8: W0404: Reimport 'patch' (imported line 4) (reimported)
tests/test_protocol.py:373:30: W0613: Unused argument 'memory_limit_500mb' (unused-argument)
tests/test_protocol.py:403:22: W0613: Unused argument 'memory_limit_500mb' (unused-argument)
tests/test_protocol.py:408:22: W0613: Unused argument 'memory_limit_500mb' (unused-argument)
tests/test_protocol.py:413:24: W0613: Unused argument 'memory_limit_500mb' (unused-argument)
tests/test_protocol.py:417:65: W0613: Unused argument 'memory_limit_500mb' (unused-argument)
tests/test_protocol.py:422:65: W0613: Unused argument 'memory_limit_500mb' (unused-argument)
tests/test_protocol.py:429:45: W0613: Unused argument 'memory_limit_500mb' (unused-argument)
tests/test_protocol.py:438:29: W0613: Unused argument 'memory_limit_500mb' (unused-argument)
tests/test_protocol.py:447:32: W0613: Unused argument 'memory_limit_500mb' (unused-argument)
tests/test_protocol.py:456:27: W0613: Unused argument 'memory_limit_500mb' (unused-argument)
tests/test_protocol.py:466:47: W0613: Unused argument 'memory_limit_500mb' (unused-argument)
tests/test_protocol.py:472:0: C0413: Import "import struct" should be placed at the top of the module (wrong-import-position)
tests/test_protocol.py:473:0: C0413: Import "from pure3270.protocol.utils import TN3270_DATA, TN3270E_RSF_POSITIVE_RESPONSE, TN3270E_RSF_NEGATIVE_RESPONSE, TN3270E_RSF_ERROR_RESPONSE, TN3270E_RSF_NO_RESPONSE, TN3270E_RSF_ALWAYS_RESPONSE" should be placed at the top of the module (wrong-import-position)
tests/test_protocol.py:482:0: C0413: Import "from pure3270.protocol.negotiator import Negotiator" should be placed at the top of the module (wrong-import-position)
tests/test_protocol.py:483:0: C0413: Import "from pure3270.protocol.tn3270e_header import TN3270EHeader" should be placed at the top of the module (wrong-import-position)
tests/test_protocol.py:484:0: W0404: Reimport 'TN3270E_RSF_ALWAYS_RESPONSE' (imported line 473) (reimported)
tests/test_protocol.py:484:0: W0404: Reimport 'TN3270E_RSF_ERROR_RESPONSE' (imported line 473) (reimported)
tests/test_protocol.py:484:0: W0404: Reimport 'TN3270E_RSF_NEGATIVE_RESPONSE' (imported line 473) (reimported)
tests/test_protocol.py:484:0: W0404: Reimport 'TN3270E_RSF_NO_RESPONSE' (imported line 473) (reimported)
tests/test_protocol.py:484:0: W0404: Reimport 'TN3270E_RSF_POSITIVE_RESPONSE' (imported line 473) (reimported)
tests/test_protocol.py:484:0: C0413: Import "from pure3270.protocol.utils import BIND_IMAGE, RESPONSE, TELOPT_TN3270E, TN3270E_BIND_IMAGE, TN3270E_RESPONSES, TN3270E_IS, TN3270E_RSF_ALWAYS_RESPONSE, TN3270E_RSF_ERROR_RESPONSE, TN3270E_RSF_NEGATIVE_RESPONSE, TN3270E_RSF_NO_RESPONSE, TN3270E_RSF_POSITIVE_RESPONSE, WILL, WONT" should be placed at the top of the module (wrong-import-position)
tests/test_protocol.py:498:25: W0613: Unused argument 'memory_limit_500mb' (unused-argument)
tests/test_protocol.py:503:66: W0613: Unused argument 'memory_limit_500mb' (unused-argument)
tests/test_protocol.py:517:26: W0613: Unused argument 'memory_limit_500mb' (unused-argument)
tests/test_protocol.py:529:26: W0613: Unused argument 'memory_limit_500mb' (unused-argument)
tests/test_protocol.py:550:51: W0613: Unused argument 'memory_limit_500mb' (unused-argument)
tests/test_protocol.py:566:46: W0613: Unused argument 'memory_limit_500mb' (unused-argument)
tests/test_protocol.py:580:50: W0613: Unused argument 'memory_limit_500mb' (unused-argument)
tests/test_protocol.py:597:53: W0613: Unused argument 'memory_limit_500mb' (unused-argument)

------------------------------------------------------------------
Your code has been rated at 9.68/10 (previous run: 9.72/10, -0.04)

Exception ignored in: <generator object raise_if_nothing_inferred.<locals>.inner at 0x7f308f8b5340>
Traceback (most recent call last):
  File "/usr/local/py-utils/venvs/pylint/lib/python3.12/site-packages/astroid/decorators.py", line 99, in inner
    yield from generator
ValueError: generator already executing
************* Module /workspaces/pure3270/.pylintrc
.pylintrc:1:0: W0012: Unknown option value for '--disable', expected a valid pylint message and got 'too-many-decorators' (unknown-option-value)
************* Module pure3270
pure3270/__init__.py:116:0: C0413: Import "from .protocol.exceptions import MacroError" should be placed at the top of the module (wrong-import-position)
************* Module pure3270.exceptions
pure3270/exceptions.py:73:0: W0622: Redefining built-in 'ConnectionError' (redefined-builtin)
pure3270/exceptions.py:103:0: W0622: Redefining built-in 'TimeoutError' (redefined-builtin)
************* Module pure3270.session
pure3270/session.py:37:0: W0622: Redefining built-in 'ConnectionError' (redefined-builtin)
pure3270/session.py:59:4: R0917: Too many positional arguments (7/5) (too-many-positional-arguments)
pure3270/session.py:91:12: W0612: Unused variable 'loop' (unused-variable)
pure3270/session.py:179:44: W0622: Redefining built-in 'vars' (redefined-builtin)
pure3270/session.py:639:4: R0917: Too many positional arguments (7/5) (too-many-positional-arguments)
pure3270/session.py:720:8: W0612: Unused variable 'e' (unused-variable)
pure3270/session.py:922:54: W0622: Redefining built-in 'vars' (redefined-builtin)
pure3270/session.py:922:54: W0613: Unused argument 'vars' (unused-argument)
pure3270/session.py:1244:12: W0612: Unused variable 'data' (unused-variable)
pure3270/session.py:1250:12: W0612: Unused variable 'data' (unused-variable)
pure3270/session.py:1486:8: W0612: Unused variable 'sender' (unused-variable)
pure3270/session.py:1489:8: W0612: Unused variable 'AID_MAP' (unused-variable)
pure3270/session.py:2028:8: W0612: Unused variable 'end_col' (unused-variable)
pure3270/session.py:2036:13: W0612: Unused variable 'col' (unused-variable)
pure3270/session.py:2158:13: W0612: Unused variable 'col' (unused-variable)
pure3270/session.py:2169:8: W0612: Unused variable 'row' (unused-variable)
pure3270/session.py:2206:8: W0404: Reimport 'asyncio' (imported line 5) (reimported)
pure3270/session.py:2256:8: W0404: Reimport 'asyncio' (imported line 5) (reimported)
pure3270/session.py:2336:4: E0102: method already defined line 2320 (function-redefined)
pure3270/session.py:2410:8: W0404: Reimport 'asyncio' (imported line 5) (reimported)
pure3270/session.py:2436:8: W0404: Reimport 'os' (imported line 7) (reimported)
pure3270/session.py:2585:8: W0404: Reimport 'asyncio' (imported line 5) (reimported)
pure3270/session.py:1380:12: W0201: Attribute '_options' defined outside __init__ (attribute-defined-outside-init)
pure3270/session.py:2392:12: W0201: Attribute '_cookies' defined outside __init__ (attribute-defined-outside-init)
************* Module pure3270.emulation.buffer_writer
pure3270/emulation/buffer_writer.py:27:4: R0917: Too many positional arguments (6/5) (too-many-positional-arguments)
************* Module pure3270.emulation.printer_buffer
pure3270/emulation/printer_buffer.py:14:4: W0231: __init__ method from base class 'BufferWriter' is not called (super-init-not-called)
pure3270/emulation/printer_buffer.py:26:4: R0917: Too many positional arguments (6/5) (too-many-positional-arguments)
pure3270/emulation/printer_buffer.py:97:12: W0201: Attribute '_current_line' defined outside __init__ (attribute-defined-outside-init)
pure3270/emulation/printer_buffer.py:132:8: W0201: Attribute '_status' defined outside __init__ (attribute-defined-outside-init)
************* Module pure3270.emulation.screen_buffer
pure3270/emulation/screen_buffer.py:20:4: R0917: Too many positional arguments (15/5) (too-many-positional-arguments)
pure3270/emulation/screen_buffer.py:143:0: C0413: Import "from .buffer_writer import BufferWriter" should be placed at the top of the module (wrong-import-position)
pure3270/emulation/screen_buffer.py:151:4: W0231: __init__ method from base class 'BufferWriter' is not called (super-init-not-called)
pure3270/emulation/screen_buffer.py:205:4: R0917: Too many positional arguments (6/5) (too-many-positional-arguments)
pure3270/emulation/screen_buffer.py:246:56: W0613: Unused argument 'ebcdic_byte' (unused-argument)
pure3270/emulation/screen_buffer.py:282:12: R1724: Unnecessary "elif" after "continue", remove the leading "el" from "elif" (no-else-continue)
************* Module pure3270.protocol.errors
pure3270/protocol/errors.py:69:4: R1720: Unnecessary "else" after "raise", remove the "else" and de-indent the code inside it (no-else-raise)
pure3270/protocol/errors.py:84:8: R1720: Unnecessary "else" after "raise", remove the "else" and de-indent the code inside it (no-else-raise)
pure3270/protocol/errors.py:94:8: R1720: Unnecessary "else" after "raise", remove the "else" and de-indent the code inside it (no-else-raise)
************* Module pure3270.protocol.ssl_wrapper
pure3270/protocol/ssl_wrapper.py:19:4: W0105: String statement has no effect (pointless-string-statement)
************* Module pure3270.protocol.vt100_parser
pure3270/protocol/vt100_parser.py:180:15: R1714: Consider merging these comparisons with 'in' by using 'command in ('H', 'f')'. Use a set instead if elements are hashable. (consider-using-in)
************* Module pure3270.protocol.data_stream
pure3270/protocol/data_stream.py:681:9: W0511: TODO: Mark current field as modified in screen_buffer (fixme)
pure3270/protocol/data_stream.py:714:13: W0511: TODO: Implement SCS handling if needed (fixme)
pure3270/protocol/data_stream.py:908:9: W0511: TODO: More detailed parsing or error handling if needed (fixme)
pure3270/protocol/data_stream.py:1082:21: W0511: TODO: Parse additional PSC attributes if present (e.g., flags at sub_data[4:]) (fixme)
pure3270/protocol/data_stream.py:68:4: W0404: Reimport 'PrinterBuffer' (imported line 8) (reimported)
pure3270/protocol/data_stream.py:69:4: W0404: Reimport 'ScreenBuffer' (imported line 9) (reimported)
pure3270/protocol/data_stream.py:412:12: W0706: The except handler raises immediately (try-except-raise)
pure3270/protocol/data_stream.py:503:12: R1720: Unnecessary "else" after "raise", remove the "else" and de-indent the code inside it (no-else-raise)
pure3270/protocol/data_stream.py:672:12: W0612: Unused variable 'i' (unused-variable)
pure3270/protocol/data_stream.py:1055:8: R1730: Consider using 'expected_end = min(expected_end, len(parser._data))' instead of unnecessary if block (consider-using-min-builtin)
************* Module pure3270.protocol.printer
pure3270/protocol/printer.py:235:11: R1714: Consider merging these comparisons with 'in' by using 'header.data_type in (SCS_DATA, TN3270E_SCS_CTL_CODES)'. Use a set instead if elements are hashable. (consider-using-in)
************* Module pure3270.protocol.utils
pure3270/protocol/utils.py:284:16: R1724: Unnecessary "elif" after "continue", remove the leading "el" from "elif" (no-else-continue)
pure3270/protocol/utils.py:316:0: C0413: Import "from typing import Optional" should be placed at the top of the module (wrong-import-position)
pure3270/protocol/utils.py:386:8: R1730: Consider using 'self._pos = min(self._pos, len(self._text))' instead of unnecessary if block (consider-using-min-builtin)
************* Module pure3270.protocol.negotiator
pure3270/protocol/negotiator.py:46:0: C0413: Import "from .tn3270e_header import TN3270EHeader" should be placed at the top of the module (wrong-import-position)
pure3270/protocol/negotiator.py:47:0: W0404: Reimport 'TN3270E_RSF_ERROR_RESPONSE' (imported line 29) (reimported)
pure3270/protocol/negotiator.py:47:0: W0404: Reimport 'TN3270E_RSF_NEGATIVE_RESPONSE' (imported line 29) (reimported)
pure3270/protocol/negotiator.py:47:0: W0404: Reimport 'TN3270E_RSF_POSITIVE_RESPONSE' (imported line 29) (reimported)
pure3270/protocol/negotiator.py:47:0: C0413: Import "from .utils import BIND_IMAGE, NVT_DATA, PRINT_EOJ, REQUEST, RESPONSE, SCS_DATA, SSCP_LU_DATA, TN3270_DATA, TN3270E_RSF_ALWAYS_RESPONSE, TN3270E_RSF_ERROR_RESPONSE, TN3270E_RSF_NEGATIVE_RESPONSE, TN3270E_RSF_NO_RESPONSE, TN3270E_RSF_POSITIVE_RESPONSE, UNBIND" should be placed at the top of the module (wrong-import-position)
pure3270/protocol/negotiator.py:71:4: R0917: Too many positional arguments (9/5) (too-many-positional-arguments)
pure3270/protocol/negotiator.py:584:8: W0105: String statement has no effect (pointless-string-statement)
pure3270/protocol/negotiator.py:843:8: W0404: Reimport 'asyncio' (imported line 6) (reimported)
pure3270/protocol/negotiator.py:954:16: E0213: Method '__await__' should have "self" as first argument (no-self-argument)
pure3270/protocol/negotiator.py:905:12: W0612: Unused variable 'offset' (unused-variable)
pure3270/protocol/negotiator.py:1037:8: W0612: Unused variable 'message_subtype' (unused-variable)
pure3270/protocol/negotiator.py:1267:8: W0105: String statement has no effect (pointless-string-statement)
************* Module pure3270.protocol.tn3270_handler
pure3270/protocol/tn3270_handler.py:29:0: C0413: Import "import inspect" should be placed at the top of the module (wrong-import-position)
pure3270/protocol/tn3270_handler.py:133:8: W0613: Unused argument 'ssl_context' (unused-argument)
pure3270/protocol/tn3270_handler.py:187:4: R0917: Too many positional arguments (11/5) (too-many-positional-arguments)
pure3270/protocol/tn3270_handler.py:276:12: W0706: The except handler raises immediately (try-except-raise)
pure3270/protocol/tn3270_handler.py:519:12: W0603: Using the global statement (global-statement)
pure3270/protocol/tn3270_handler.py:310:20: W0201: Attribute '_negotiation_trace' defined outside __init__ (attribute-defined-outside-init)
pure3270/protocol/tn3270_handler.py:372:20: W0201: Attribute '_negotiation_trace' defined outside __init__ (attribute-defined-outside-init)
************* Module pure3270.patching.s3270_wrapper
pure3270/patching/s3270_wrapper.py:496:4: R0917: Too many positional arguments (13/5) (too-many-positional-arguments)
************* Module pure3270.patching.patching
pure3270/patching/patching.py:110:14: W0613: Unused argument 'module' (unused-argument)
pure3270/patching/patching.py:153:16: W0404: Reimport 'Pure3270S3270Wrapper' (imported line 14) (reimported)
pure3270/patching/patching.py:128:8: W0613: Unused argument 'patch_commands' (unused-argument)
************* Module tests.test_tn3270_handler
tests/test_tn3270_handler.py:376:8: W0404: Reimport 'TN3270EHeader' (imported line 10) (reimported)
************* Module navigation_method_test
navigation_method_test.py:30:0: W0105: String statement has no effect (pointless-string-statement)
navigation_method_test.py:35:0: C0413: Import "import os" should be placed at the top of the module (wrong-import-position)
navigation_method_test.py:36:0: C0413: Import "import sys" should be placed at the top of the module (wrong-import-position)
navigation_method_test.py:41:0: C0413: Import "import pure3270" should be placed at the top of the module (wrong-import-position)
navigation_method_test.py:42:0: C0413: Import "from pure3270 import AsyncSession" should be placed at the top of the module (wrong-import-position)
************* Module comprehensive_test
comprehensive_test.py:21:0: C0413: Import "import pure3270" should be placed at the top of the module (wrong-import-position)
comprehensive_test.py:22:0: C0413: Import "from pure3270 import AsyncSession" should be placed at the top of the module (wrong-import-position)
comprehensive_test.py:73:8: W0404: Reimport 'pure3270' (imported line 21) (reimported)
comprehensive_test.py:107:8: W0404: Reimport 'pure3270' (imported line 21) (reimported)
comprehensive_test.py:108:8: W0404: Reimport 'AsyncSession' (imported line 22) (reimported)
comprehensive_test.py:149:8: W0404: Reimport 'pure3270' (imported line 21) (reimported)
comprehensive_test.py:150:8: W0404: Reimport 'AsyncSession' (imported line 22) (reimported)
************* Module test_real_system
test_real_system.py:114:12: W0702: No exception type(s) specified (bare-except)
************* Module run_working_tests
run_working_tests.py:92:17: W0612: Unused variable 'stdout' (unused-variable)

------------------------------------------------------------------
Your code has been rated at 9.83/10 (previous run: 9.64/10, +0.19)

Exception ignored in: <generator object raise_if_nothing_inferred.<locals>.inner at 0x7f7254520940>
Traceback (most recent call last):
  File "/usr/local/py-utils/venvs/pylint/lib/python3.12/site-packages/astroid/decorators.py", line 99, in inner
    yield from generator
ValueError: generator already executing
************* Module /workspaces/pure3270/.pylintrc
.pylintrc:1:0: W0012: Unknown option value for '--disable', expected a valid pylint message and got 'too-many-decorators' (unknown-option-value)
************* Module pure3270
pure3270/__init__.py:116:0: C0413: Import "from .protocol.exceptions import MacroError" should be placed at the top of the module (wrong-import-position)
************* Module pure3270.exceptions
pure3270/exceptions.py:73:0: W0622: Redefining built-in 'ConnectionError' (redefined-builtin)
pure3270/exceptions.py:103:0: W0622: Redefining built-in 'TimeoutError' (redefined-builtin)
************* Module pure3270.session
pure3270/session.py:37:0: W0622: Redefining built-in 'ConnectionError' (redefined-builtin)
pure3270/session.py:59:4: R0917: Too many positional arguments (7/5) (too-many-positional-arguments)
pure3270/session.py:91:12: W0612: Unused variable 'loop' (unused-variable)
pure3270/session.py:179:44: W0622: Redefining built-in 'vars' (redefined-builtin)
pure3270/session.py:639:4: R0917: Too many positional arguments (7/5) (too-many-positional-arguments)
pure3270/session.py:720:8: W0612: Unused variable 'e' (unused-variable)
pure3270/session.py:922:54: W0622: Redefining built-in 'vars' (redefined-builtin)
pure3270/session.py:922:54: W0613: Unused argument 'vars' (unused-argument)
pure3270/session.py:1244:12: W0612: Unused variable 'data' (unused-variable)
pure3270/session.py:1250:12: W0612: Unused variable 'data' (unused-variable)
pure3270/session.py:1486:8: W0612: Unused variable 'sender' (unused-variable)
pure3270/session.py:1489:8: W0612: Unused variable 'AID_MAP' (unused-variable)
pure3270/session.py:2028:8: W0612: Unused variable 'end_col' (unused-variable)
pure3270/session.py:2036:13: W0612: Unused variable 'col' (unused-variable)
pure3270/session.py:2158:13: W0612: Unused variable 'col' (unused-variable)
pure3270/session.py:2169:8: W0612: Unused variable 'row' (unused-variable)
pure3270/session.py:2206:8: W0404: Reimport 'asyncio' (imported line 5) (reimported)
pure3270/session.py:2256:8: W0404: Reimport 'asyncio' (imported line 5) (reimported)
pure3270/session.py:2336:4: E0102: method already defined line 2320 (function-redefined)
pure3270/session.py:2410:8: W0404: Reimport 'asyncio' (imported line 5) (reimported)
pure3270/session.py:2436:8: W0404: Reimport 'os' (imported line 7) (reimported)
pure3270/session.py:2585:8: W0404: Reimport 'asyncio' (imported line 5) (reimported)
pure3270/session.py:1380:12: W0201: Attribute '_options' defined outside __init__ (attribute-defined-outside-init)
pure3270/session.py:2392:12: W0201: Attribute '_cookies' defined outside __init__ (attribute-defined-outside-init)
************* Module pure3270.emulation.buffer_writer
pure3270/emulation/buffer_writer.py:27:4: R0917: Too many positional arguments (6/5) (too-many-positional-arguments)
************* Module pure3270.emulation.printer_buffer
pure3270/emulation/printer_buffer.py:14:4: W0231: __init__ method from base class 'BufferWriter' is not called (super-init-not-called)
pure3270/emulation/printer_buffer.py:26:4: R0917: Too many positional arguments (6/5) (too-many-positional-arguments)
pure3270/emulation/printer_buffer.py:97:12: W0201: Attribute '_current_line' defined outside __init__ (attribute-defined-outside-init)
pure3270/emulation/printer_buffer.py:132:8: W0201: Attribute '_status' defined outside __init__ (attribute-defined-outside-init)
************* Module pure3270.emulation.screen_buffer
pure3270/emulation/screen_buffer.py:20:4: R0917: Too many positional arguments (15/5) (too-many-positional-arguments)
pure3270/emulation/screen_buffer.py:143:0: C0413: Import "from .buffer_writer import BufferWriter" should be placed at the top of the module (wrong-import-position)
pure3270/emulation/screen_buffer.py:151:4: W0231: __init__ method from base class 'BufferWriter' is not called (super-init-not-called)
pure3270/emulation/screen_buffer.py:205:4: R0917: Too many positional arguments (6/5) (too-many-positional-arguments)
pure3270/emulation/screen_buffer.py:246:56: W0613: Unused argument 'ebcdic_byte' (unused-argument)
pure3270/emulation/screen_buffer.py:282:12: R1724: Unnecessary "elif" after "continue", remove the leading "el" from "elif" (no-else-continue)
************* Module pure3270.protocol.errors
pure3270/protocol/errors.py:69:4: R1720: Unnecessary "else" after "raise", remove the "else" and de-indent the code inside it (no-else-raise)
pure3270/protocol/errors.py:84:8: R1720: Unnecessary "else" after "raise", remove the "else" and de-indent the code inside it (no-else-raise)
pure3270/protocol/errors.py:94:8: R1720: Unnecessary "else" after "raise", remove the "else" and de-indent the code inside it (no-else-raise)
************* Module pure3270.protocol.ssl_wrapper
pure3270/protocol/ssl_wrapper.py:19:4: W0105: String statement has no effect (pointless-string-statement)
************* Module pure3270.protocol.vt100_parser
pure3270/protocol/vt100_parser.py:180:15: R1714: Consider merging these comparisons with 'in' by using 'command in ('H', 'f')'. Use a set instead if elements are hashable. (consider-using-in)
************* Module pure3270.protocol.data_stream
pure3270/protocol/data_stream.py:681:9: W0511: TODO: Mark current field as modified in screen_buffer (fixme)
pure3270/protocol/data_stream.py:714:13: W0511: TODO: Implement SCS handling if needed (fixme)
pure3270/protocol/data_stream.py:908:9: W0511: TODO: More detailed parsing or error handling if needed (fixme)
pure3270/protocol/data_stream.py:1082:21: W0511: TODO: Parse additional PSC attributes if present (e.g., flags at sub_data[4:]) (fixme)
pure3270/protocol/data_stream.py:68:4: W0404: Reimport 'PrinterBuffer' (imported line 8) (reimported)
pure3270/protocol/data_stream.py:69:4: W0404: Reimport 'ScreenBuffer' (imported line 9) (reimported)
pure3270/protocol/data_stream.py:412:12: W0706: The except handler raises immediately (try-except-raise)
pure3270/protocol/data_stream.py:503:12: R1720: Unnecessary "else" after "raise", remove the "else" and de-indent the code inside it (no-else-raise)
pure3270/protocol/data_stream.py:672:12: W0612: Unused variable 'i' (unused-variable)
pure3270/protocol/data_stream.py:1055:8: R1730: Consider using 'expected_end = min(expected_end, len(parser._data))' instead of unnecessary if block (consider-using-min-builtin)
************* Module pure3270.protocol.printer
pure3270/protocol/printer.py:235:11: R1714: Consider merging these comparisons with 'in' by using 'header.data_type in (SCS_DATA, TN3270E_SCS_CTL_CODES)'. Use a set instead if elements are hashable. (consider-using-in)
************* Module pure3270.protocol.utils
pure3270/protocol/utils.py:284:16: R1724: Unnecessary "elif" after "continue", remove the leading "el" from "elif" (no-else-continue)
pure3270/protocol/utils.py:316:0: C0413: Import "from typing import Optional" should be placed at the top of the module (wrong-import-position)
pure3270/protocol/utils.py:386:8: R1730: Consider using 'self._pos = min(self._pos, len(self._text))' instead of unnecessary if block (consider-using-min-builtin)
************* Module pure3270.protocol.negotiator
pure3270/protocol/negotiator.py:46:0: C0413: Import "from .tn3270e_header import TN3270EHeader" should be placed at the top of the module (wrong-import-position)
pure3270/protocol/negotiator.py:47:0: W0404: Reimport 'TN3270E_RSF_ERROR_RESPONSE' (imported line 29) (reimported)
pure3270/protocol/negotiator.py:47:0: W0404: Reimport 'TN3270E_RSF_NEGATIVE_RESPONSE' (imported line 29) (reimported)
pure3270/protocol/negotiator.py:47:0: W0404: Reimport 'TN3270E_RSF_POSITIVE_RESPONSE' (imported line 29) (reimported)
pure3270/protocol/negotiator.py:47:0: C0413: Import "from .utils import BIND_IMAGE, NVT_DATA, PRINT_EOJ, REQUEST, RESPONSE, SCS_DATA, SSCP_LU_DATA, TN3270_DATA, TN3270E_RSF_ALWAYS_RESPONSE, TN3270E_RSF_ERROR_RESPONSE, TN3270E_RSF_NEGATIVE_RESPONSE, TN3270E_RSF_NO_RESPONSE, TN3270E_RSF_POSITIVE_RESPONSE, UNBIND" should be placed at the top of the module (wrong-import-position)
pure3270/protocol/negotiator.py:71:4: R0917: Too many positional arguments (9/5) (too-many-positional-arguments)
pure3270/protocol/negotiator.py:584:8: W0105: String statement has no effect (pointless-string-statement)
pure3270/protocol/negotiator.py:843:8: W0404: Reimport 'asyncio' (imported line 6) (reimported)
pure3270/protocol/negotiator.py:954:16: E0213: Method '__await__' should have "self" as first argument (no-self-argument)
pure3270/protocol/negotiator.py:905:12: W0612: Unused variable 'offset' (unused-variable)
pure3270/protocol/negotiator.py:1037:8: W0612: Unused variable 'message_subtype' (unused-variable)
pure3270/protocol/negotiator.py:1267:8: W0105: String statement has no effect (pointless-string-statement)
************* Module pure3270.protocol.tn3270_handler
pure3270/protocol/tn3270_handler.py:29:0: C0413: Import "import inspect" should be placed at the top of the module (wrong-import-position)
pure3270/protocol/tn3270_handler.py:133:8: W0613: Unused argument 'ssl_context' (unused-argument)
pure3270/protocol/tn3270_handler.py:187:4: R0917: Too many positional arguments (11/5) (too-many-positional-arguments)
pure3270/protocol/tn3270_handler.py:276:12: W0706: The except handler raises immediately (try-except-raise)
pure3270/protocol/tn3270_handler.py:519:12: W0603: Using the global statement (global-statement)
pure3270/protocol/tn3270_handler.py:310:20: W0201: Attribute '_negotiation_trace' defined outside __init__ (attribute-defined-outside-init)
pure3270/protocol/tn3270_handler.py:372:20: W0201: Attribute '_negotiation_trace' defined outside __init__ (attribute-defined-outside-init)
************* Module pure3270.patching.s3270_wrapper
pure3270/patching/s3270_wrapper.py:496:4: R0917: Too many positional arguments (13/5) (too-many-positional-arguments)
************* Module pure3270.patching.patching
pure3270/patching/patching.py:110:14: W0613: Unused argument 'module' (unused-argument)
pure3270/patching/patching.py:153:16: W0404: Reimport 'Pure3270S3270Wrapper' (imported line 14) (reimported)
pure3270/patching/patching.py:128:8: W0613: Unused argument 'patch_commands' (unused-argument)
************* Module docs.conf
docs/conf.py:5:0: W0622: Redefining built-in 'copyright' (redefined-builtin)
************* Module tests.test_negotiator_enhancements
tests/test_negotiator_enhancements.py:15:49: W0613: Unused argument 'memory_limit_500mb' (unused-argument)
tests/test_negotiator_enhancements.py:33:61: W0613: Unused argument 'memory_limit_500mb' (unused-argument)
tests/test_negotiator_enhancements.py:47:53: W0613: Unused argument 'memory_limit_500mb' (unused-argument)
tests/test_negotiator_enhancements.py:66:51: W0613: Unused argument 'memory_limit_500mb' (unused-argument)
tests/test_negotiator_enhancements.py:80:57: W0613: Unused argument 'memory_limit_500mb' (unused-argument)
tests/test_negotiator_enhancements.py:90:60: W0613: Unused argument 'memory_limit_500mb' (unused-argument)
************* Module tests.test_emulation
tests/test_emulation.py:247:0: C0303: Trailing whitespace (trailing-whitespace)
tests/test_emulation.py:250:0: C0303: Trailing whitespace (trailing-whitespace)
tests/test_emulation.py:13:30: W0613: Unused argument 'memory_limit_500mb' (unused-argument)
tests/test_emulation.py:29:51: W0613: Unused argument 'memory_limit_500mb' (unused-argument)
tests/test_emulation.py:34:51: W0613: Unused argument 'memory_limit_500mb' (unused-argument)
tests/test_emulation.py:41:30: W0613: Unused argument 'memory_limit_500mb' (unused-argument)
tests/test_emulation.py:51:8: W0404: Reimport 'ScreenBuffer' (imported line 6) (reimported)
tests/test_emulation.py:50:24: W0613: Unused argument 'memory_limit_500mb' (unused-argument)
tests/test_emulation.py:62:8: W0404: Reimport 'ScreenBuffer' (imported line 6) (reimported)
tests/test_emulation.py:62:8: W0404: Reimport 'Field' (imported line 6) (reimported)
tests/test_emulation.py:82:8: W0404: Reimport 'ScreenBuffer' (imported line 6) (reimported)
tests/test_emulation.py:88:8: W0404: Reimport 'ScreenBuffer' (imported line 6) (reimported)
tests/test_emulation.py:97:8: W0404: Reimport 'ScreenBuffer' (imported line 6) (reimported)
tests/test_emulation.py:106:8: W0404: Reimport 'ScreenBuffer' (imported line 6) (reimported)
tests/test_emulation.py:119:8: W0404: Reimport 'ScreenBuffer' (imported line 6) (reimported)
tests/test_emulation.py:129:8: W0404: Reimport 'ScreenBuffer' (imported line 6) (reimported)
tests/test_emulation.py:129:8: W0404: Reimport 'Field' (imported line 6) (reimported)
tests/test_emulation.py:138:8: W0404: Reimport 'ScreenBuffer' (imported line 6) (reimported)
tests/test_emulation.py:138:8: W0404: Reimport 'Field' (imported line 6) (reimported)
tests/test_emulation.py:152:8: W0404: Reimport 'ScreenBuffer' (imported line 6) (reimported)
tests/test_emulation.py:246:4: W0404: Reimport 'ScreenBuffer' (imported line 6) (reimported)
************* Module scripts.check_python_releases
scripts/check_python_releases.py:10:0: E0401: Unable to import 'requests' (import-error)
scripts/check_python_releases.py:29:8: W0612: Unused variable 'i' (unused-variable)

------------------------------------------------------------------
Your code has been rated at 9.78/10 (previous run: 9.82/10, -0.03)

Exception ignored in: <generator object raise_if_nothing_inferred.<locals>.inner at 0x7efd0c340d40>
Traceback (most recent call last):
  File "/usr/local/py-utils/venvs/pylint/lib/python3.12/site-packages/astroid/decorators.py", line 99, in inner
    yield from generator
ValueError: generator already executing
************* Module /workspaces/pure3270/.pylintrc
.pylintrc:1:0: W0012: Unknown option value for '--disable', expected a valid pylint message and got 'too-many-decorators' (unknown-option-value)
************* Module pure3270
pure3270/__init__.py:116:0: C0413: Import "from .protocol.exceptions import MacroError" should be placed at the top of the module (wrong-import-position)
************* Module pure3270.exceptions
pure3270/exceptions.py:73:0: W0622: Redefining built-in 'ConnectionError' (redefined-builtin)
pure3270/exceptions.py:103:0: W0622: Redefining built-in 'TimeoutError' (redefined-builtin)
************* Module pure3270.session
pure3270/session.py:37:0: W0622: Redefining built-in 'ConnectionError' (redefined-builtin)
pure3270/session.py:59:4: R0917: Too many positional arguments (7/5) (too-many-positional-arguments)
pure3270/session.py:91:12: W0612: Unused variable 'loop' (unused-variable)
pure3270/session.py:179:44: W0622: Redefining built-in 'vars' (redefined-builtin)
pure3270/session.py:639:4: R0917: Too many positional arguments (7/5) (too-many-positional-arguments)
pure3270/session.py:720:8: W0612: Unused variable 'e' (unused-variable)
pure3270/session.py:922:54: W0622: Redefining built-in 'vars' (redefined-builtin)
pure3270/session.py:922:54: W0613: Unused argument 'vars' (unused-argument)
pure3270/session.py:1244:12: W0612: Unused variable 'data' (unused-variable)
pure3270/session.py:1250:12: W0612: Unused variable 'data' (unused-variable)
pure3270/session.py:1486:8: W0612: Unused variable 'sender' (unused-variable)
pure3270/session.py:1489:8: W0612: Unused variable 'AID_MAP' (unused-variable)
pure3270/session.py:2028:8: W0612: Unused variable 'end_col' (unused-variable)
pure3270/session.py:2036:13: W0612: Unused variable 'col' (unused-variable)
pure3270/session.py:2158:13: W0612: Unused variable 'col' (unused-variable)
pure3270/session.py:2169:8: W0612: Unused variable 'row' (unused-variable)
pure3270/session.py:2206:8: W0404: Reimport 'asyncio' (imported line 5) (reimported)
pure3270/session.py:2256:8: W0404: Reimport 'asyncio' (imported line 5) (reimported)
pure3270/session.py:2336:4: E0102: method already defined line 2320 (function-redefined)
pure3270/session.py:2410:8: W0404: Reimport 'asyncio' (imported line 5) (reimported)
pure3270/session.py:2436:8: W0404: Reimport 'os' (imported line 7) (reimported)
pure3270/session.py:2585:8: W0404: Reimport 'asyncio' (imported line 5) (reimported)
pure3270/session.py:1380:12: W0201: Attribute '_options' defined outside __init__ (attribute-defined-outside-init)
pure3270/session.py:2392:12: W0201: Attribute '_cookies' defined outside __init__ (attribute-defined-outside-init)
************* Module pure3270.emulation.buffer_writer
pure3270/emulation/buffer_writer.py:27:4: R0917: Too many positional arguments (6/5) (too-many-positional-arguments)
************* Module pure3270.emulation.printer_buffer
pure3270/emulation/printer_buffer.py:14:4: W0231: __init__ method from base class 'BufferWriter' is not called (super-init-not-called)
pure3270/emulation/printer_buffer.py:26:4: R0917: Too many positional arguments (6/5) (too-many-positional-arguments)
pure3270/emulation/printer_buffer.py:97:12: W0201: Attribute '_current_line' defined outside __init__ (attribute-defined-outside-init)
pure3270/emulation/printer_buffer.py:132:8: W0201: Attribute '_status' defined outside __init__ (attribute-defined-outside-init)
************* Module pure3270.emulation.screen_buffer
pure3270/emulation/screen_buffer.py:20:4: R0917: Too many positional arguments (15/5) (too-many-positional-arguments)
pure3270/emulation/screen_buffer.py:143:0: C0413: Import "from .buffer_writer import BufferWriter" should be placed at the top of the module (wrong-import-position)
pure3270/emulation/screen_buffer.py:151:4: W0231: __init__ method from base class 'BufferWriter' is not called (super-init-not-called)
pure3270/emulation/screen_buffer.py:205:4: R0917: Too many positional arguments (6/5) (too-many-positional-arguments)
pure3270/emulation/screen_buffer.py:246:56: W0613: Unused argument 'ebcdic_byte' (unused-argument)
pure3270/emulation/screen_buffer.py:282:12: R1724: Unnecessary "elif" after "continue", remove the leading "el" from "elif" (no-else-continue)
************* Module pure3270.protocol.errors
pure3270/protocol/errors.py:69:4: R1720: Unnecessary "else" after "raise", remove the "else" and de-indent the code inside it (no-else-raise)
pure3270/protocol/errors.py:84:8: R1720: Unnecessary "else" after "raise", remove the "else" and de-indent the code inside it (no-else-raise)
pure3270/protocol/errors.py:94:8: R1720: Unnecessary "else" after "raise", remove the "else" and de-indent the code inside it (no-else-raise)
************* Module pure3270.protocol.ssl_wrapper
pure3270/protocol/ssl_wrapper.py:19:4: W0105: String statement has no effect (pointless-string-statement)
************* Module pure3270.protocol.vt100_parser
pure3270/protocol/vt100_parser.py:180:15: R1714: Consider merging these comparisons with 'in' by using 'command in ('H', 'f')'. Use a set instead if elements are hashable. (consider-using-in)
************* Module pure3270.protocol.data_stream
pure3270/protocol/data_stream.py:681:9: W0511: TODO: Mark current field as modified in screen_buffer (fixme)
pure3270/protocol/data_stream.py:714:13: W0511: TODO: Implement SCS handling if needed (fixme)
pure3270/protocol/data_stream.py:908:9: W0511: TODO: More detailed parsing or error handling if needed (fixme)
pure3270/protocol/data_stream.py:1082:21: W0511: TODO: Parse additional PSC attributes if present (e.g., flags at sub_data[4:]) (fixme)
pure3270/protocol/data_stream.py:68:4: W0404: Reimport 'PrinterBuffer' (imported line 8) (reimported)
pure3270/protocol/data_stream.py:69:4: W0404: Reimport 'ScreenBuffer' (imported line 9) (reimported)
pure3270/protocol/data_stream.py:412:12: W0706: The except handler raises immediately (try-except-raise)
pure3270/protocol/data_stream.py:503:12: R1720: Unnecessary "else" after "raise", remove the "else" and de-indent the code inside it (no-else-raise)
pure3270/protocol/data_stream.py:672:12: W0612: Unused variable 'i' (unused-variable)
pure3270/protocol/data_stream.py:1055:8: R1730: Consider using 'expected_end = min(expected_end, len(parser._data))' instead of unnecessary if block (consider-using-min-builtin)
************* Module pure3270.protocol.printer
pure3270/protocol/printer.py:235:11: R1714: Consider merging these comparisons with 'in' by using 'header.data_type in (SCS_DATA, TN3270E_SCS_CTL_CODES)'. Use a set instead if elements are hashable. (consider-using-in)
************* Module pure3270.protocol.utils
pure3270/protocol/utils.py:284:16: R1724: Unnecessary "elif" after "continue", remove the leading "el" from "elif" (no-else-continue)
pure3270/protocol/utils.py:316:0: C0413: Import "from typing import Optional" should be placed at the top of the module (wrong-import-position)
pure3270/protocol/utils.py:386:8: R1730: Consider using 'self._pos = min(self._pos, len(self._text))' instead of unnecessary if block (consider-using-min-builtin)
************* Module pure3270.protocol.negotiator
pure3270/protocol/negotiator.py:46:0: C0413: Import "from .tn3270e_header import TN3270EHeader" should be placed at the top of the module (wrong-import-position)
pure3270/protocol/negotiator.py:47:0: W0404: Reimport 'TN3270E_RSF_ERROR_RESPONSE' (imported line 29) (reimported)
pure3270/protocol/negotiator.py:47:0: W0404: Reimport 'TN3270E_RSF_NEGATIVE_RESPONSE' (imported line 29) (reimported)
pure3270/protocol/negotiator.py:47:0: W0404: Reimport 'TN3270E_RSF_POSITIVE_RESPONSE' (imported line 29) (reimported)
pure3270/protocol/negotiator.py:47:0: C0413: Import "from .utils import BIND_IMAGE, NVT_DATA, PRINT_EOJ, REQUEST, RESPONSE, SCS_DATA, SSCP_LU_DATA, TN3270_DATA, TN3270E_RSF_ALWAYS_RESPONSE, TN3270E_RSF_ERROR_RESPONSE, TN3270E_RSF_NEGATIVE_RESPONSE, TN3270E_RSF_NO_RESPONSE, TN3270E_RSF_POSITIVE_RESPONSE, UNBIND" should be placed at the top of the module (wrong-import-position)
pure3270/protocol/negotiator.py:71:4: R0917: Too many positional arguments (9/5) (too-many-positional-arguments)
pure3270/protocol/negotiator.py:584:8: W0105: String statement has no effect (pointless-string-statement)
pure3270/protocol/negotiator.py:843:8: W0404: Reimport 'asyncio' (imported line 6) (reimported)
pure3270/protocol/negotiator.py:954:16: E0213: Method '__await__' should have "self" as first argument (no-self-argument)
pure3270/protocol/negotiator.py:905:12: W0612: Unused variable 'offset' (unused-variable)
pure3270/protocol/negotiator.py:1037:8: W0612: Unused variable 'message_subtype' (unused-variable)
pure3270/protocol/negotiator.py:1267:8: W0105: String statement has no effect (pointless-string-statement)
************* Module pure3270.protocol.tn3270_handler
pure3270/protocol/tn3270_handler.py:29:0: C0413: Import "import inspect" should be placed at the top of the module (wrong-import-position)
pure3270/protocol/tn3270_handler.py:133:8: W0613: Unused argument 'ssl_context' (unused-argument)
pure3270/protocol/tn3270_handler.py:187:4: R0917: Too many positional arguments (11/5) (too-many-positional-arguments)
pure3270/protocol/tn3270_handler.py:276:12: W0706: The except handler raises immediately (try-except-raise)
pure3270/protocol/tn3270_handler.py:519:12: W0603: Using the global statement (global-statement)
pure3270/protocol/tn3270_handler.py:310:20: W0201: Attribute '_negotiation_trace' defined outside __init__ (attribute-defined-outside-init)
pure3270/protocol/tn3270_handler.py:372:20: W0201: Attribute '_negotiation_trace' defined outside __init__ (attribute-defined-outside-init)
************* Module pure3270.patching.s3270_wrapper
pure3270/patching/s3270_wrapper.py:496:4: R0917: Too many positional arguments (13/5) (too-many-positional-arguments)
************* Module pure3270.patching.patching
pure3270/patching/patching.py:110:14: W0613: Unused argument 'module' (unused-argument)
pure3270/patching/patching.py:153:16: W0404: Reimport 'Pure3270S3270Wrapper' (imported line 14) (reimported)
pure3270/patching/patching.py:128:8: W0613: Unused argument 'patch_commands' (unused-argument)
************* Module send_device_type_and_capture
send_device_type_and_capture.py:3:0: E0611: No name 'BindImageMockServer' in module 'integration_test' (no-name-in-module)
************* Module protocol_integration_test
protocol_integration_test.py:26:0: W0105: String statement has no effect (pointless-string-statement)
protocol_integration_test.py:30:0: C0413: Import "import asyncio" should be placed at the top of the module (wrong-import-position)
protocol_integration_test.py:31:0: C0413: Import "from unittest.mock import AsyncMock, MagicMock, patch" should be placed at the top of the module (wrong-import-position)
protocol_integration_test.py:33:0: C0413: Import "import pytest" should be placed at the top of the module (wrong-import-position)
protocol_integration_test.py:35:0: C0413: Import "import pure3270" should be placed at the top of the module (wrong-import-position)
protocol_integration_test.py:36:0: C0413: Import "from pure3270.emulation.screen_buffer import ScreenBuffer" should be placed at the top of the module (wrong-import-position)
protocol_integration_test.py:37:0: C0413: Import "from pure3270.protocol.data_stream import DataStreamParser, DataStreamSender" should be placed at the top of the module (wrong-import-position)
protocol_integration_test.py:38:0: C0413: Import "from pure3270.protocol.tn3270_handler import TN3270Handler" should be placed at the top of the module (wrong-import-position)
************* Module tests.test_ssl_wrapper
tests/test_ssl_wrapper.py:14:37: W0613: Unused argument 'memory_limit_500mb' (unused-argument)
tests/test_ssl_wrapper.py:22:45: W0613: Unused argument 'memory_limit_500mb' (unused-argument)
tests/test_ssl_wrapper.py:36:32: W0613: Unused argument 'ssl_wrapper' (unused-argument)
tests/test_ssl_wrapper.py:36:45: W0613: Unused argument 'memory_limit_500mb' (unused-argument)
tests/test_ssl_wrapper.py:48:45: W0613: Unused argument 'memory_limit_500mb' (unused-argument)
tests/test_ssl_wrapper.py:54:48: W0613: Unused argument 'memory_limit_500mb' (unused-argument)
tests/test_ssl_wrapper.py:59:44: W0613: Unused argument 'memory_limit_500mb' (unused-argument)
tests/test_ssl_wrapper.py:65:64: W0613: Unused argument 'memory_limit_500mb' (unused-argument)
tests/test_ssl_wrapper.py:78:12: W0612: Unused variable 'context' (unused-variable)
tests/test_ssl_wrapper.py:84:8: W0612: Unused variable 'plain_text' (unused-variable)

-----------------------------------
Your code has been rated at 9.79/10

Exception ignored in: <generator object raise_if_nothing_inferred.<locals>.inner at 0x7fa71b6b1a40>
Traceback (most recent call last):
  File "/usr/local/py-utils/venvs/pylint/lib/python3.12/site-packages/astroid/decorators.py", line 99, in inner
    yield from generator
ValueError: generator already executing
************* Module /workspaces/pure3270/.pylintrc
.pylintrc:1:0: W0012: Unknown option value for '--disable', expected a valid pylint message and got 'too-many-decorators' (unknown-option-value)
************* Module pure3270
pure3270/__init__.py:116:0: C0413: Import "from .protocol.exceptions import MacroError" should be placed at the top of the module (wrong-import-position)
************* Module pure3270.exceptions
pure3270/exceptions.py:73:0: W0622: Redefining built-in 'ConnectionError' (redefined-builtin)
pure3270/exceptions.py:103:0: W0622: Redefining built-in 'TimeoutError' (redefined-builtin)
************* Module pure3270.session
pure3270/session.py:37:0: W0622: Redefining built-in 'ConnectionError' (redefined-builtin)
pure3270/session.py:59:4: R0917: Too many positional arguments (7/5) (too-many-positional-arguments)
pure3270/session.py:91:12: W0612: Unused variable 'loop' (unused-variable)
pure3270/session.py:179:44: W0622: Redefining built-in 'vars' (redefined-builtin)
pure3270/session.py:639:4: R0917: Too many positional arguments (7/5) (too-many-positional-arguments)
pure3270/session.py:720:8: W0612: Unused variable 'e' (unused-variable)
pure3270/session.py:922:54: W0622: Redefining built-in 'vars' (redefined-builtin)
pure3270/session.py:922:54: W0613: Unused argument 'vars' (unused-argument)
pure3270/session.py:1244:12: W0612: Unused variable 'data' (unused-variable)
pure3270/session.py:1250:12: W0612: Unused variable 'data' (unused-variable)
pure3270/session.py:1486:8: W0612: Unused variable 'sender' (unused-variable)
pure3270/session.py:1489:8: W0612: Unused variable 'AID_MAP' (unused-variable)
pure3270/session.py:2028:8: W0612: Unused variable 'end_col' (unused-variable)
pure3270/session.py:2036:13: W0612: Unused variable 'col' (unused-variable)
pure3270/session.py:2158:13: W0612: Unused variable 'col' (unused-variable)
pure3270/session.py:2169:8: W0612: Unused variable 'row' (unused-variable)
pure3270/session.py:2206:8: W0404: Reimport 'asyncio' (imported line 5) (reimported)
pure3270/session.py:2256:8: W0404: Reimport 'asyncio' (imported line 5) (reimported)
pure3270/session.py:2336:4: E0102: method already defined line 2320 (function-redefined)
pure3270/session.py:2410:8: W0404: Reimport 'asyncio' (imported line 5) (reimported)
pure3270/session.py:2436:8: W0404: Reimport 'os' (imported line 7) (reimported)
pure3270/session.py:2585:8: W0404: Reimport 'asyncio' (imported line 5) (reimported)
pure3270/session.py:1380:12: W0201: Attribute '_options' defined outside __init__ (attribute-defined-outside-init)
pure3270/session.py:2392:12: W0201: Attribute '_cookies' defined outside __init__ (attribute-defined-outside-init)
************* Module pure3270.emulation.buffer_writer
pure3270/emulation/buffer_writer.py:27:4: R0917: Too many positional arguments (6/5) (too-many-positional-arguments)
************* Module pure3270.emulation.printer_buffer
pure3270/emulation/printer_buffer.py:14:4: W0231: __init__ method from base class 'BufferWriter' is not called (super-init-not-called)
pure3270/emulation/printer_buffer.py:26:4: R0917: Too many positional arguments (6/5) (too-many-positional-arguments)
pure3270/emulation/printer_buffer.py:97:12: W0201: Attribute '_current_line' defined outside __init__ (attribute-defined-outside-init)
pure3270/emulation/printer_buffer.py:132:8: W0201: Attribute '_status' defined outside __init__ (attribute-defined-outside-init)
************* Module pure3270.emulation.screen_buffer
pure3270/emulation/screen_buffer.py:20:4: R0917: Too many positional arguments (15/5) (too-many-positional-arguments)
pure3270/emulation/screen_buffer.py:143:0: C0413: Import "from .buffer_writer import BufferWriter" should be placed at the top of the module (wrong-import-position)
pure3270/emulation/screen_buffer.py:151:4: W0231: __init__ method from base class 'BufferWriter' is not called (super-init-not-called)
pure3270/emulation/screen_buffer.py:205:4: R0917: Too many positional arguments (6/5) (too-many-positional-arguments)
pure3270/emulation/screen_buffer.py:246:56: W0613: Unused argument 'ebcdic_byte' (unused-argument)
pure3270/emulation/screen_buffer.py:282:12: R1724: Unnecessary "elif" after "continue", remove the leading "el" from "elif" (no-else-continue)
************* Module pure3270.protocol.errors
pure3270/protocol/errors.py:69:4: R1720: Unnecessary "else" after "raise", remove the "else" and de-indent the code inside it (no-else-raise)
pure3270/protocol/errors.py:84:8: R1720: Unnecessary "else" after "raise", remove the "else" and de-indent the code inside it (no-else-raise)
pure3270/protocol/errors.py:94:8: R1720: Unnecessary "else" after "raise", remove the "else" and de-indent the code inside it (no-else-raise)
************* Module pure3270.protocol.ssl_wrapper
pure3270/protocol/ssl_wrapper.py:19:4: W0105: String statement has no effect (pointless-string-statement)
************* Module pure3270.protocol.vt100_parser
pure3270/protocol/vt100_parser.py:180:15: R1714: Consider merging these comparisons with 'in' by using 'command in ('H', 'f')'. Use a set instead if elements are hashable. (consider-using-in)
************* Module pure3270.protocol.data_stream
pure3270/protocol/data_stream.py:681:9: W0511: TODO: Mark current field as modified in screen_buffer (fixme)
pure3270/protocol/data_stream.py:714:13: W0511: TODO: Implement SCS handling if needed (fixme)
pure3270/protocol/data_stream.py:908:9: W0511: TODO: More detailed parsing or error handling if needed (fixme)
pure3270/protocol/data_stream.py:1082:21: W0511: TODO: Parse additional PSC attributes if present (e.g., flags at sub_data[4:]) (fixme)
pure3270/protocol/data_stream.py:68:4: W0404: Reimport 'PrinterBuffer' (imported line 8) (reimported)
pure3270/protocol/data_stream.py:69:4: W0404: Reimport 'ScreenBuffer' (imported line 9) (reimported)
pure3270/protocol/data_stream.py:412:12: W0706: The except handler raises immediately (try-except-raise)
pure3270/protocol/data_stream.py:503:12: R1720: Unnecessary "else" after "raise", remove the "else" and de-indent the code inside it (no-else-raise)
pure3270/protocol/data_stream.py:672:12: W0612: Unused variable 'i' (unused-variable)
pure3270/protocol/data_stream.py:1055:8: R1730: Consider using 'expected_end = min(expected_end, len(parser._data))' instead of unnecessary if block (consider-using-min-builtin)
************* Module pure3270.protocol.printer
pure3270/protocol/printer.py:235:11: R1714: Consider merging these comparisons with 'in' by using 'header.data_type in (SCS_DATA, TN3270E_SCS_CTL_CODES)'. Use a set instead if elements are hashable. (consider-using-in)
************* Module pure3270.protocol.utils
pure3270/protocol/utils.py:284:16: R1724: Unnecessary "elif" after "continue", remove the leading "el" from "elif" (no-else-continue)
pure3270/protocol/utils.py:316:0: C0413: Import "from typing import Optional" should be placed at the top of the module (wrong-import-position)
pure3270/protocol/utils.py:386:8: R1730: Consider using 'self._pos = min(self._pos, len(self._text))' instead of unnecessary if block (consider-using-min-builtin)
************* Module pure3270.protocol.negotiator
pure3270/protocol/negotiator.py:46:0: C0413: Import "from .tn3270e_header import TN3270EHeader" should be placed at the top of the module (wrong-import-position)
pure3270/protocol/negotiator.py:47:0: W0404: Reimport 'TN3270E_RSF_ERROR_RESPONSE' (imported line 29) (reimported)
pure3270/protocol/negotiator.py:47:0: W0404: Reimport 'TN3270E_RSF_NEGATIVE_RESPONSE' (imported line 29) (reimported)
pure3270/protocol/negotiator.py:47:0: W0404: Reimport 'TN3270E_RSF_POSITIVE_RESPONSE' (imported line 29) (reimported)
pure3270/protocol/negotiator.py:47:0: C0413: Import "from .utils import BIND_IMAGE, NVT_DATA, PRINT_EOJ, REQUEST, RESPONSE, SCS_DATA, SSCP_LU_DATA, TN3270_DATA, TN3270E_RSF_ALWAYS_RESPONSE, TN3270E_RSF_ERROR_RESPONSE, TN3270E_RSF_NEGATIVE_RESPONSE, TN3270E_RSF_NO_RESPONSE, TN3270E_RSF_POSITIVE_RESPONSE, UNBIND" should be placed at the top of the module (wrong-import-position)
pure3270/protocol/negotiator.py:71:4: R0917: Too many positional arguments (9/5) (too-many-positional-arguments)
pure3270/protocol/negotiator.py:584:8: W0105: String statement has no effect (pointless-string-statement)
pure3270/protocol/negotiator.py:843:8: W0404: Reimport 'asyncio' (imported line 6) (reimported)
pure3270/protocol/negotiator.py:954:16: E0213: Method '__await__' should have "self" as first argument (no-self-argument)
pure3270/protocol/negotiator.py:905:12: W0612: Unused variable 'offset' (unused-variable)
pure3270/protocol/negotiator.py:1037:8: W0612: Unused variable 'message_subtype' (unused-variable)
pure3270/protocol/negotiator.py:1267:8: W0105: String statement has no effect (pointless-string-statement)
************* Module pure3270.protocol.tn3270_handler
pure3270/protocol/tn3270_handler.py:29:0: C0413: Import "import inspect" should be placed at the top of the module (wrong-import-position)
pure3270/protocol/tn3270_handler.py:133:8: W0613: Unused argument 'ssl_context' (unused-argument)
pure3270/protocol/tn3270_handler.py:187:4: R0917: Too many positional arguments (11/5) (too-many-positional-arguments)
pure3270/protocol/tn3270_handler.py:276:12: W0706: The except handler raises immediately (try-except-raise)
pure3270/protocol/tn3270_handler.py:519:12: W0603: Using the global statement (global-statement)
pure3270/protocol/tn3270_handler.py:310:20: W0201: Attribute '_negotiation_trace' defined outside __init__ (attribute-defined-outside-init)
pure3270/protocol/tn3270_handler.py:372:20: W0201: Attribute '_negotiation_trace' defined outside __init__ (attribute-defined-outside-init)
************* Module pure3270.patching.s3270_wrapper
pure3270/patching/s3270_wrapper.py:496:4: R0917: Too many positional arguments (13/5) (too-many-positional-arguments)
************* Module pure3270.patching.patching
pure3270/patching/patching.py:110:14: W0613: Unused argument 'module' (unused-argument)
pure3270/patching/patching.py:153:16: W0404: Reimport 'Pure3270S3270Wrapper' (imported line 14) (reimported)
pure3270/patching/patching.py:128:8: W0613: Unused argument 'patch_commands' (unused-argument)
************* Module examples.example_trace
examples/example_trace.py:31:4: E1701: Async context manager 'AsyncSession' doesn't implement __aenter__ and __aexit__. (not-async-context-manager)
************* Module tests.test_integration
tests/test_integration.py:93:34: W0613: Unused argument 'data_type' (unused-argument)
************* Module real_screen_content_demo
real_screen_content_demo.py:333:16: W0702: No exception type(s) specified (bare-except)
real_screen_content_demo.py:293:12: W0612: Unused variable 'connected' (unused-variable)
real_screen_content_demo.py:501:4: R1722: Consider using 'sys.exit' instead (consider-using-sys-exit)

------------------------------------------------------------------
Your code has been rated at 9.82/10 (previous run: 9.61/10, +0.21)

Exception ignored in: <generator object raise_if_nothing_inferred.<locals>.inner at 0x7fc5ff94c940>
Traceback (most recent call last):
  File "/usr/local/py-utils/venvs/pylint/lib/python3.12/site-packages/astroid/decorators.py", line 99, in inner
    yield from generator
ValueError: generator already executing
************* Module /workspaces/pure3270/.pylintrc
.pylintrc:1:0: W0012: Unknown option value for '--disable', expected a valid pylint message and got 'too-many-decorators' (unknown-option-value)
************* Module pure3270
pure3270/__init__.py:116:0: C0413: Import "from .protocol.exceptions import MacroError" should be placed at the top of the module (wrong-import-position)
************* Module pure3270.exceptions
pure3270/exceptions.py:73:0: W0622: Redefining built-in 'ConnectionError' (redefined-builtin)
pure3270/exceptions.py:103:0: W0622: Redefining built-in 'TimeoutError' (redefined-builtin)
************* Module pure3270.session
pure3270/session.py:37:0: W0622: Redefining built-in 'ConnectionError' (redefined-builtin)
pure3270/session.py:59:4: R0917: Too many positional arguments (7/5) (too-many-positional-arguments)
pure3270/session.py:91:12: W0612: Unused variable 'loop' (unused-variable)
pure3270/session.py:179:44: W0622: Redefining built-in 'vars' (redefined-builtin)
pure3270/session.py:639:4: R0917: Too many positional arguments (7/5) (too-many-positional-arguments)
pure3270/session.py:720:8: W0612: Unused variable 'e' (unused-variable)
pure3270/session.py:922:54: W0622: Redefining built-in 'vars' (redefined-builtin)
pure3270/session.py:922:54: W0613: Unused argument 'vars' (unused-argument)
pure3270/session.py:1244:12: W0612: Unused variable 'data' (unused-variable)
pure3270/session.py:1250:12: W0612: Unused variable 'data' (unused-variable)
pure3270/session.py:1486:8: W0612: Unused variable 'sender' (unused-variable)
pure3270/session.py:1489:8: W0612: Unused variable 'AID_MAP' (unused-variable)
pure3270/session.py:2028:8: W0612: Unused variable 'end_col' (unused-variable)
pure3270/session.py:2036:13: W0612: Unused variable 'col' (unused-variable)
pure3270/session.py:2158:13: W0612: Unused variable 'col' (unused-variable)
pure3270/session.py:2169:8: W0612: Unused variable 'row' (unused-variable)
pure3270/session.py:2206:8: W0404: Reimport 'asyncio' (imported line 5) (reimported)
pure3270/session.py:2256:8: W0404: Reimport 'asyncio' (imported line 5) (reimported)
pure3270/session.py:2336:4: E0102: method already defined line 2320 (function-redefined)
pure3270/session.py:2410:8: W0404: Reimport 'asyncio' (imported line 5) (reimported)
pure3270/session.py:2436:8: W0404: Reimport 'os' (imported line 7) (reimported)
pure3270/session.py:2585:8: W0404: Reimport 'asyncio' (imported line 5) (reimported)
pure3270/session.py:1380:12: W0201: Attribute '_options' defined outside __init__ (attribute-defined-outside-init)
pure3270/session.py:2392:12: W0201: Attribute '_cookies' defined outside __init__ (attribute-defined-outside-init)
************* Module pure3270.emulation.buffer_writer
pure3270/emulation/buffer_writer.py:27:4: R0917: Too many positional arguments (6/5) (too-many-positional-arguments)
************* Module pure3270.emulation.printer_buffer
pure3270/emulation/printer_buffer.py:14:4: W0231: __init__ method from base class 'BufferWriter' is not called (super-init-not-called)
pure3270/emulation/printer_buffer.py:26:4: R0917: Too many positional arguments (6/5) (too-many-positional-arguments)
pure3270/emulation/printer_buffer.py:97:12: W0201: Attribute '_current_line' defined outside __init__ (attribute-defined-outside-init)
pure3270/emulation/printer_buffer.py:132:8: W0201: Attribute '_status' defined outside __init__ (attribute-defined-outside-init)
************* Module pure3270.emulation.screen_buffer
pure3270/emulation/screen_buffer.py:20:4: R0917: Too many positional arguments (15/5) (too-many-positional-arguments)
pure3270/emulation/screen_buffer.py:143:0: C0413: Import "from .buffer_writer import BufferWriter" should be placed at the top of the module (wrong-import-position)
pure3270/emulation/screen_buffer.py:151:4: W0231: __init__ method from base class 'BufferWriter' is not called (super-init-not-called)
pure3270/emulation/screen_buffer.py:205:4: R0917: Too many positional arguments (6/5) (too-many-positional-arguments)
pure3270/emulation/screen_buffer.py:246:56: W0613: Unused argument 'ebcdic_byte' (unused-argument)
pure3270/emulation/screen_buffer.py:282:12: R1724: Unnecessary "elif" after "continue", remove the leading "el" from "elif" (no-else-continue)
************* Module pure3270.protocol.errors
pure3270/protocol/errors.py:69:4: R1720: Unnecessary "else" after "raise", remove the "else" and de-indent the code inside it (no-else-raise)
pure3270/protocol/errors.py:84:8: R1720: Unnecessary "else" after "raise", remove the "else" and de-indent the code inside it (no-else-raise)
pure3270/protocol/errors.py:94:8: R1720: Unnecessary "else" after "raise", remove the "else" and de-indent the code inside it (no-else-raise)
************* Module pure3270.protocol.ssl_wrapper
pure3270/protocol/ssl_wrapper.py:19:4: W0105: String statement has no effect (pointless-string-statement)
************* Module pure3270.protocol.vt100_parser
pure3270/protocol/vt100_parser.py:180:15: R1714: Consider merging these comparisons with 'in' by using 'command in ('H', 'f')'. Use a set instead if elements are hashable. (consider-using-in)
************* Module pure3270.protocol.data_stream
pure3270/protocol/data_stream.py:681:9: W0511: TODO: Mark current field as modified in screen_buffer (fixme)
pure3270/protocol/data_stream.py:714:13: W0511: TODO: Implement SCS handling if needed (fixme)
pure3270/protocol/data_stream.py:908:9: W0511: TODO: More detailed parsing or error handling if needed (fixme)
pure3270/protocol/data_stream.py:1082:21: W0511: TODO: Parse additional PSC attributes if present (e.g., flags at sub_data[4:]) (fixme)
pure3270/protocol/data_stream.py:68:4: W0404: Reimport 'PrinterBuffer' (imported line 8) (reimported)
pure3270/protocol/data_stream.py:69:4: W0404: Reimport 'ScreenBuffer' (imported line 9) (reimported)
pure3270/protocol/data_stream.py:412:12: W0706: The except handler raises immediately (try-except-raise)
pure3270/protocol/data_stream.py:503:12: R1720: Unnecessary "else" after "raise", remove the "else" and de-indent the code inside it (no-else-raise)
pure3270/protocol/data_stream.py:672:12: W0612: Unused variable 'i' (unused-variable)
pure3270/protocol/data_stream.py:1055:8: R1730: Consider using 'expected_end = min(expected_end, len(parser._data))' instead of unnecessary if block (consider-using-min-builtin)
************* Module pure3270.protocol.printer
pure3270/protocol/printer.py:235:11: R1714: Consider merging these comparisons with 'in' by using 'header.data_type in (SCS_DATA, TN3270E_SCS_CTL_CODES)'. Use a set instead if elements are hashable. (consider-using-in)
************* Module pure3270.protocol.utils
pure3270/protocol/utils.py:284:16: R1724: Unnecessary "elif" after "continue", remove the leading "el" from "elif" (no-else-continue)
pure3270/protocol/utils.py:316:0: C0413: Import "from typing import Optional" should be placed at the top of the module (wrong-import-position)
pure3270/protocol/utils.py:386:8: R1730: Consider using 'self._pos = min(self._pos, len(self._text))' instead of unnecessary if block (consider-using-min-builtin)
************* Module pure3270.protocol.negotiator
pure3270/protocol/negotiator.py:46:0: C0413: Import "from .tn3270e_header import TN3270EHeader" should be placed at the top of the module (wrong-import-position)
pure3270/protocol/negotiator.py:47:0: W0404: Reimport 'TN3270E_RSF_ERROR_RESPONSE' (imported line 29) (reimported)
pure3270/protocol/negotiator.py:47:0: W0404: Reimport 'TN3270E_RSF_NEGATIVE_RESPONSE' (imported line 29) (reimported)
pure3270/protocol/negotiator.py:47:0: W0404: Reimport 'TN3270E_RSF_POSITIVE_RESPONSE' (imported line 29) (reimported)
pure3270/protocol/negotiator.py:47:0: C0413: Import "from .utils import BIND_IMAGE, NVT_DATA, PRINT_EOJ, REQUEST, RESPONSE, SCS_DATA, SSCP_LU_DATA, TN3270_DATA, TN3270E_RSF_ALWAYS_RESPONSE, TN3270E_RSF_ERROR_RESPONSE, TN3270E_RSF_NEGATIVE_RESPONSE, TN3270E_RSF_NO_RESPONSE, TN3270E_RSF_POSITIVE_RESPONSE, UNBIND" should be placed at the top of the module (wrong-import-position)
pure3270/protocol/negotiator.py:71:4: R0917: Too many positional arguments (9/5) (too-many-positional-arguments)
pure3270/protocol/negotiator.py:584:8: W0105: String statement has no effect (pointless-string-statement)
pure3270/protocol/negotiator.py:843:8: W0404: Reimport 'asyncio' (imported line 6) (reimported)
pure3270/protocol/negotiator.py:954:16: E0213: Method '__await__' should have "self" as first argument (no-self-argument)
pure3270/protocol/negotiator.py:905:12: W0612: Unused variable 'offset' (unused-variable)
pure3270/protocol/negotiator.py:1037:8: W0612: Unused variable 'message_subtype' (unused-variable)
pure3270/protocol/negotiator.py:1267:8: W0105: String statement has no effect (pointless-string-statement)
************* Module pure3270.protocol.tn3270_handler
pure3270/protocol/tn3270_handler.py:29:0: C0413: Import "import inspect" should be placed at the top of the module (wrong-import-position)
pure3270/protocol/tn3270_handler.py:133:8: W0613: Unused argument 'ssl_context' (unused-argument)
pure3270/protocol/tn3270_handler.py:187:4: R0917: Too many positional arguments (11/5) (too-many-positional-arguments)
pure3270/protocol/tn3270_handler.py:276:12: W0706: The except handler raises immediately (try-except-raise)
pure3270/protocol/tn3270_handler.py:519:12: W0603: Using the global statement (global-statement)
pure3270/protocol/tn3270_handler.py:310:20: W0201: Attribute '_negotiation_trace' defined outside __init__ (attribute-defined-outside-init)
pure3270/protocol/tn3270_handler.py:372:20: W0201: Attribute '_negotiation_trace' defined outside __init__ (attribute-defined-outside-init)
************* Module pure3270.patching.s3270_wrapper
pure3270/patching/s3270_wrapper.py:496:4: R0917: Too many positional arguments (13/5) (too-many-positional-arguments)
************* Module pure3270.patching.patching
pure3270/patching/patching.py:110:14: W0613: Unused argument 'module' (unused-argument)
pure3270/patching/patching.py:153:16: W0404: Reimport 'Pure3270S3270Wrapper' (imported line 14) (reimported)
pure3270/patching/patching.py:128:8: W0613: Unused argument 'patch_commands' (unused-argument)
************* Module complete_navigation_loop_demo
complete_navigation_loop_demo.py:104:12: W0702: No exception type(s) specified (bare-except)
complete_navigation_loop_demo.py:158:8: W0612: Unused variable 'screen_analysis' (unused-variable)
complete_navigation_loop_demo.py:180:8: W0612: Unused variable 'response_analysis' (unused-variable)
complete_navigation_loop_demo.py:232:16: R1723: Unnecessary "elif" after "break", remove the leading "el" from "elif" (no-else-break)
complete_navigation_loop_demo.py:199:8: W0612: Unused variable 'menu_analysis' (unused-variable)
complete_navigation_loop_demo.py:227:16: W0612: Unused variable 'response_analysis' (unused-variable)
complete_navigation_loop_demo.py:252:8: W0612: Unused variable 'data_screen_analysis' (unused-variable)
complete_navigation_loop_demo.py:284:8: W0612: Unused variable 'response_analysis' (unused-variable)
complete_navigation_loop_demo.py:626:24: E1120: No value for argument 'mock_open' in method call (no-value-for-parameter)
complete_navigation_loop_demo.py:626:24: E1120: No value for argument 'mock_handler' in method call (no-value-for-parameter)
complete_navigation_loop_demo.py:666:4: R1722: Consider using 'sys.exit' instead (consider-using-sys-exit)
************* Module examples.example_patching
examples/example_patching.py:36:0: C0413: Import "from pure3270 import enable_replacement" should be placed at the top of the module (wrong-import-position)
examples/example_patching.py:59:4: W0404: Reimport 'TN3270Handler' (imported line 19) (reimported)
examples/example_patching.py:112:8: E1123: Unexpected keyword argument 'port' in method call (unexpected-keyword-arg)
examples/example_patching.py:112:8: E1123: Unexpected keyword argument 'ssl' in method call (unexpected-keyword-arg)
examples/example_patching.py:59:4: C0412: Imports from package pure3270 are not grouped (ungrouped-imports)
************* Module test_p3270_patching
test_p3270_patching.py:134:8: W0702: No exception type(s) specified (bare-except)
************* Module archive.ai-artifacts.ai_analyzer
archive/ai-artifacts/ai_analyzer.py:6:0: E0401: Unable to import 'openai' (import-error)
archive/ai-artifacts/ai_analyzer.py:7:0: E0401: Unable to import 'tenacity' (import-error)
************* Module tests.test_negotiation_inference
tests/test_negotiation_inference.py:7:25: W0613: Unused argument 'n' (unused-argument)
************* Module tests.conftest
tests/conftest.py:161:4: W0404: Reimport 'AsyncMock' (imported line 6) (reimported)

------------------------------------------------------------------
Your code has been rated at 9.78/10 (previous run: 9.83/10, -0.05)

Exception ignored in: <generator object raise_if_nothing_inferred.<locals>.inner at 0x7f13a2f67740>
Traceback (most recent call last):
  File "/usr/local/py-utils/venvs/pylint/lib/python3.12/site-packages/astroid/decorators.py", line 99, in inner
    yield from generator
ValueError: generator already executing
************* Module /workspaces/pure3270/.pylintrc
.pylintrc:1:0: W0012: Unknown option value for '--disable', expected a valid pylint message and got 'too-many-decorators' (unknown-option-value)
************* Module pure3270
pure3270/__init__.py:116:0: C0413: Import "from .protocol.exceptions import MacroError" should be placed at the top of the module (wrong-import-position)
************* Module pure3270.exceptions
pure3270/exceptions.py:73:0: W0622: Redefining built-in 'ConnectionError' (redefined-builtin)
pure3270/exceptions.py:103:0: W0622: Redefining built-in 'TimeoutError' (redefined-builtin)
************* Module pure3270.session
pure3270/session.py:37:0: W0622: Redefining built-in 'ConnectionError' (redefined-builtin)
pure3270/session.py:59:4: R0917: Too many positional arguments (7/5) (too-many-positional-arguments)
pure3270/session.py:91:12: W0612: Unused variable 'loop' (unused-variable)
pure3270/session.py:179:44: W0622: Redefining built-in 'vars' (redefined-builtin)
pure3270/session.py:639:4: R0917: Too many positional arguments (7/5) (too-many-positional-arguments)
pure3270/session.py:720:8: W0612: Unused variable 'e' (unused-variable)
pure3270/session.py:922:54: W0622: Redefining built-in 'vars' (redefined-builtin)
pure3270/session.py:922:54: W0613: Unused argument 'vars' (unused-argument)
pure3270/session.py:1244:12: W0612: Unused variable 'data' (unused-variable)
pure3270/session.py:1250:12: W0612: Unused variable 'data' (unused-variable)
pure3270/session.py:1486:8: W0612: Unused variable 'sender' (unused-variable)
pure3270/session.py:1489:8: W0612: Unused variable 'AID_MAP' (unused-variable)
pure3270/session.py:2028:8: W0612: Unused variable 'end_col' (unused-variable)
pure3270/session.py:2036:13: W0612: Unused variable 'col' (unused-variable)
pure3270/session.py:2158:13: W0612: Unused variable 'col' (unused-variable)
pure3270/session.py:2169:8: W0612: Unused variable 'row' (unused-variable)
pure3270/session.py:2206:8: W0404: Reimport 'asyncio' (imported line 5) (reimported)
pure3270/session.py:2256:8: W0404: Reimport 'asyncio' (imported line 5) (reimported)
pure3270/session.py:2336:4: E0102: method already defined line 2320 (function-redefined)
pure3270/session.py:2410:8: W0404: Reimport 'asyncio' (imported line 5) (reimported)
pure3270/session.py:2436:8: W0404: Reimport 'os' (imported line 7) (reimported)
pure3270/session.py:2585:8: W0404: Reimport 'asyncio' (imported line 5) (reimported)
pure3270/session.py:1380:12: W0201: Attribute '_options' defined outside __init__ (attribute-defined-outside-init)
pure3270/session.py:2392:12: W0201: Attribute '_cookies' defined outside __init__ (attribute-defined-outside-init)
************* Module pure3270.emulation.buffer_writer
pure3270/emulation/buffer_writer.py:27:4: R0917: Too many positional arguments (6/5) (too-many-positional-arguments)
************* Module pure3270.emulation.printer_buffer
pure3270/emulation/printer_buffer.py:14:4: W0231: __init__ method from base class 'BufferWriter' is not called (super-init-not-called)
pure3270/emulation/printer_buffer.py:26:4: R0917: Too many positional arguments (6/5) (too-many-positional-arguments)
pure3270/emulation/printer_buffer.py:97:12: W0201: Attribute '_current_line' defined outside __init__ (attribute-defined-outside-init)
pure3270/emulation/printer_buffer.py:132:8: W0201: Attribute '_status' defined outside __init__ (attribute-defined-outside-init)
************* Module pure3270.emulation.screen_buffer
pure3270/emulation/screen_buffer.py:20:4: R0917: Too many positional arguments (15/5) (too-many-positional-arguments)
pure3270/emulation/screen_buffer.py:143:0: C0413: Import "from .buffer_writer import BufferWriter" should be placed at the top of the module (wrong-import-position)
pure3270/emulation/screen_buffer.py:151:4: W0231: __init__ method from base class 'BufferWriter' is not called (super-init-not-called)
pure3270/emulation/screen_buffer.py:205:4: R0917: Too many positional arguments (6/5) (too-many-positional-arguments)
pure3270/emulation/screen_buffer.py:246:56: W0613: Unused argument 'ebcdic_byte' (unused-argument)
pure3270/emulation/screen_buffer.py:282:12: R1724: Unnecessary "elif" after "continue", remove the leading "el" from "elif" (no-else-continue)
************* Module pure3270.protocol.errors
pure3270/protocol/errors.py:69:4: R1720: Unnecessary "else" after "raise", remove the "else" and de-indent the code inside it (no-else-raise)
pure3270/protocol/errors.py:84:8: R1720: Unnecessary "else" after "raise", remove the "else" and de-indent the code inside it (no-else-raise)
pure3270/protocol/errors.py:94:8: R1720: Unnecessary "else" after "raise", remove the "else" and de-indent the code inside it (no-else-raise)
************* Module pure3270.protocol.ssl_wrapper
pure3270/protocol/ssl_wrapper.py:19:4: W0105: String statement has no effect (pointless-string-statement)
************* Module pure3270.protocol.vt100_parser
pure3270/protocol/vt100_parser.py:180:15: R1714: Consider merging these comparisons with 'in' by using 'command in ('H', 'f')'. Use a set instead if elements are hashable. (consider-using-in)
************* Module pure3270.protocol.data_stream
pure3270/protocol/data_stream.py:681:9: W0511: TODO: Mark current field as modified in screen_buffer (fixme)
pure3270/protocol/data_stream.py:714:13: W0511: TODO: Implement SCS handling if needed (fixme)
pure3270/protocol/data_stream.py:908:9: W0511: TODO: More detailed parsing or error handling if needed (fixme)
pure3270/protocol/data_stream.py:1082:21: W0511: TODO: Parse additional PSC attributes if present (e.g., flags at sub_data[4:]) (fixme)
pure3270/protocol/data_stream.py:68:4: W0404: Reimport 'PrinterBuffer' (imported line 8) (reimported)
pure3270/protocol/data_stream.py:69:4: W0404: Reimport 'ScreenBuffer' (imported line 9) (reimported)
pure3270/protocol/data_stream.py:412:12: W0706: The except handler raises immediately (try-except-raise)
pure3270/protocol/data_stream.py:503:12: R1720: Unnecessary "else" after "raise", remove the "else" and de-indent the code inside it (no-else-raise)
pure3270/protocol/data_stream.py:672:12: W0612: Unused variable 'i' (unused-variable)
pure3270/protocol/data_stream.py:1055:8: R1730: Consider using 'expected_end = min(expected_end, len(parser._data))' instead of unnecessary if block (consider-using-min-builtin)
************* Module pure3270.protocol.printer
pure3270/protocol/printer.py:235:11: R1714: Consider merging these comparisons with 'in' by using 'header.data_type in (SCS_DATA, TN3270E_SCS_CTL_CODES)'. Use a set instead if elements are hashable. (consider-using-in)
************* Module pure3270.protocol.utils
pure3270/protocol/utils.py:284:16: R1724: Unnecessary "elif" after "continue", remove the leading "el" from "elif" (no-else-continue)
pure3270/protocol/utils.py:316:0: C0413: Import "from typing import Optional" should be placed at the top of the module (wrong-import-position)
pure3270/protocol/utils.py:386:8: R1730: Consider using 'self._pos = min(self._pos, len(self._text))' instead of unnecessary if block (consider-using-min-builtin)
************* Module pure3270.protocol.negotiator
pure3270/protocol/negotiator.py:46:0: C0413: Import "from .tn3270e_header import TN3270EHeader" should be placed at the top of the module (wrong-import-position)
pure3270/protocol/negotiator.py:47:0: W0404: Reimport 'TN3270E_RSF_ERROR_RESPONSE' (imported line 29) (reimported)
pure3270/protocol/negotiator.py:47:0: W0404: Reimport 'TN3270E_RSF_NEGATIVE_RESPONSE' (imported line 29) (reimported)
pure3270/protocol/negotiator.py:47:0: W0404: Reimport 'TN3270E_RSF_POSITIVE_RESPONSE' (imported line 29) (reimported)
pure3270/protocol/negotiator.py:47:0: C0413: Import "from .utils import BIND_IMAGE, NVT_DATA, PRINT_EOJ, REQUEST, RESPONSE, SCS_DATA, SSCP_LU_DATA, TN3270_DATA, TN3270E_RSF_ALWAYS_RESPONSE, TN3270E_RSF_ERROR_RESPONSE, TN3270E_RSF_NEGATIVE_RESPONSE, TN3270E_RSF_NO_RESPONSE, TN3270E_RSF_POSITIVE_RESPONSE, UNBIND" should be placed at the top of the module (wrong-import-position)
pure3270/protocol/negotiator.py:71:4: R0917: Too many positional arguments (9/5) (too-many-positional-arguments)
pure3270/protocol/negotiator.py:584:8: W0105: String statement has no effect (pointless-string-statement)
pure3270/protocol/negotiator.py:843:8: W0404: Reimport 'asyncio' (imported line 6) (reimported)
pure3270/protocol/negotiator.py:954:16: E0213: Method '__await__' should have "self" as first argument (no-self-argument)
pure3270/protocol/negotiator.py:905:12: W0612: Unused variable 'offset' (unused-variable)
pure3270/protocol/negotiator.py:1037:8: W0612: Unused variable 'message_subtype' (unused-variable)
pure3270/protocol/negotiator.py:1267:8: W0105: String statement has no effect (pointless-string-statement)
************* Module pure3270.protocol.tn3270_handler
pure3270/protocol/tn3270_handler.py:29:0: C0413: Import "import inspect" should be placed at the top of the module (wrong-import-position)
pure3270/protocol/tn3270_handler.py:133:8: W0613: Unused argument 'ssl_context' (unused-argument)
pure3270/protocol/tn3270_handler.py:187:4: R0917: Too many positional arguments (11/5) (too-many-positional-arguments)
pure3270/protocol/tn3270_handler.py:276:12: W0706: The except handler raises immediately (try-except-raise)
pure3270/protocol/tn3270_handler.py:519:12: W0603: Using the global statement (global-statement)
pure3270/protocol/tn3270_handler.py:310:20: W0201: Attribute '_negotiation_trace' defined outside __init__ (attribute-defined-outside-init)
pure3270/protocol/tn3270_handler.py:372:20: W0201: Attribute '_negotiation_trace' defined outside __init__ (attribute-defined-outside-init)
************* Module pure3270.patching.s3270_wrapper
pure3270/patching/s3270_wrapper.py:496:4: R0917: Too many positional arguments (13/5) (too-many-positional-arguments)
************* Module pure3270.patching.patching
pure3270/patching/patching.py:110:14: W0613: Unused argument 'module' (unused-argument)
pure3270/patching/patching.py:153:16: W0404: Reimport 'Pure3270S3270Wrapper' (imported line 14) (reimported)
pure3270/patching/patching.py:128:8: W0613: Unused argument 'patch_commands' (unused-argument)
************* Module examples.example_end_to_end
examples/example_end_to_end.py:34:0: C0413: Import "from pure3270 import enable_replacement" should be placed at the top of the module (wrong-import-position)
examples/example_end_to_end.py:51:8: E1123: Unexpected keyword argument 'port' in method call (unexpected-keyword-arg)
examples/example_end_to_end.py:51:8: E1123: Unexpected keyword argument 'ssl' in method call (unexpected-keyword-arg)
************* Module tests.test_aid_support
tests/test_aid_support.py:13:44: W0613: Unused argument 'memory_limit_500mb' (unused-argument)
tests/test_aid_support.py:18:44: W0613: Unused argument 'memory_limit_500mb' (unused-argument)
tests/test_aid_support.py:24:55: W0613: Unused argument 'memory_limit_500mb' (unused-argument)
tests/test_aid_support.py:36:55: W0613: Unused argument 'memory_limit_500mb' (unused-argument)
tests/test_aid_support.py:46:61: W0613: Unused argument 'memory_limit_500mb' (unused-argument)
************* Module archive.ai-artifacts.tools.scripts.check_python_releases
archive/ai-artifacts/tools/scripts/check_python_releases.py:10:0: E0401: Unable to import 'requests' (import-error)
archive/ai-artifacts/tools/scripts/check_python_releases.py:48:4: W0104: Statement seems to have no effect (pointless-statement)

------------------------------------------------------------------
Your code has been rated at 9.80/10 (previous run: 9.78/10, +0.01)

Exception ignored in: <generator object raise_if_nothing_inferred.<locals>.inner at 0x7fc3e6fa0f40>
Traceback (most recent call last):
  File "/usr/local/py-utils/venvs/pylint/lib/python3.12/site-packages/astroid/decorators.py", line 99, in inner
    yield from generator
ValueError: generator already executing
************* Module /workspaces/pure3270/.pylintrc
.pylintrc:1:0: W0012: Unknown option value for '--disable', expected a valid pylint message and got 'too-many-decorators' (unknown-option-value)
************* Module pure3270
pure3270/__init__.py:116:0: C0413: Import "from .protocol.exceptions import MacroError" should be placed at the top of the module (wrong-import-position)
************* Module pure3270.exceptions
pure3270/exceptions.py:73:0: W0622: Redefining built-in 'ConnectionError' (redefined-builtin)
pure3270/exceptions.py:103:0: W0622: Redefining built-in 'TimeoutError' (redefined-builtin)
************* Module pure3270.session
pure3270/session.py:37:0: W0622: Redefining built-in 'ConnectionError' (redefined-builtin)
pure3270/session.py:59:4: R0917: Too many positional arguments (7/5) (too-many-positional-arguments)
pure3270/session.py:91:12: W0612: Unused variable 'loop' (unused-variable)
pure3270/session.py:179:44: W0622: Redefining built-in 'vars' (redefined-builtin)
pure3270/session.py:639:4: R0917: Too many positional arguments (7/5) (too-many-positional-arguments)
pure3270/session.py:720:8: W0612: Unused variable 'e' (unused-variable)
pure3270/session.py:922:54: W0622: Redefining built-in 'vars' (redefined-builtin)
pure3270/session.py:922:54: W0613: Unused argument 'vars' (unused-argument)
pure3270/session.py:1244:12: W0612: Unused variable 'data' (unused-variable)
pure3270/session.py:1250:12: W0612: Unused variable 'data' (unused-variable)
pure3270/session.py:1486:8: W0612: Unused variable 'sender' (unused-variable)
pure3270/session.py:1489:8: W0612: Unused variable 'AID_MAP' (unused-variable)
pure3270/session.py:2028:8: W0612: Unused variable 'end_col' (unused-variable)
pure3270/session.py:2036:13: W0612: Unused variable 'col' (unused-variable)
pure3270/session.py:2158:13: W0612: Unused variable 'col' (unused-variable)
pure3270/session.py:2169:8: W0612: Unused variable 'row' (unused-variable)
pure3270/session.py:2206:8: W0404: Reimport 'asyncio' (imported line 5) (reimported)
pure3270/session.py:2256:8: W0404: Reimport 'asyncio' (imported line 5) (reimported)
pure3270/session.py:2336:4: E0102: method already defined line 2320 (function-redefined)
pure3270/session.py:2410:8: W0404: Reimport 'asyncio' (imported line 5) (reimported)
pure3270/session.py:2436:8: W0404: Reimport 'os' (imported line 7) (reimported)
pure3270/session.py:2585:8: W0404: Reimport 'asyncio' (imported line 5) (reimported)
pure3270/session.py:1380:12: W0201: Attribute '_options' defined outside __init__ (attribute-defined-outside-init)
pure3270/session.py:2392:12: W0201: Attribute '_cookies' defined outside __init__ (attribute-defined-outside-init)
************* Module pure3270.emulation.buffer_writer
pure3270/emulation/buffer_writer.py:27:4: R0917: Too many positional arguments (6/5) (too-many-positional-arguments)
************* Module pure3270.emulation.printer_buffer
pure3270/emulation/printer_buffer.py:14:4: W0231: __init__ method from base class 'BufferWriter' is not called (super-init-not-called)
pure3270/emulation/printer_buffer.py:26:4: R0917: Too many positional arguments (6/5) (too-many-positional-arguments)
pure3270/emulation/printer_buffer.py:97:12: W0201: Attribute '_current_line' defined outside __init__ (attribute-defined-outside-init)
pure3270/emulation/printer_buffer.py:132:8: W0201: Attribute '_status' defined outside __init__ (attribute-defined-outside-init)
************* Module pure3270.emulation.screen_buffer
pure3270/emulation/screen_buffer.py:20:4: R0917: Too many positional arguments (15/5) (too-many-positional-arguments)
pure3270/emulation/screen_buffer.py:143:0: C0413: Import "from .buffer_writer import BufferWriter" should be placed at the top of the module (wrong-import-position)
pure3270/emulation/screen_buffer.py:151:4: W0231: __init__ method from base class 'BufferWriter' is not called (super-init-not-called)
pure3270/emulation/screen_buffer.py:205:4: R0917: Too many positional arguments (6/5) (too-many-positional-arguments)
pure3270/emulation/screen_buffer.py:246:56: W0613: Unused argument 'ebcdic_byte' (unused-argument)
pure3270/emulation/screen_buffer.py:282:12: R1724: Unnecessary "elif" after "continue", remove the leading "el" from "elif" (no-else-continue)
************* Module pure3270.protocol.errors
pure3270/protocol/errors.py:69:4: R1720: Unnecessary "else" after "raise", remove the "else" and de-indent the code inside it (no-else-raise)
pure3270/protocol/errors.py:84:8: R1720: Unnecessary "else" after "raise", remove the "else" and de-indent the code inside it (no-else-raise)
pure3270/protocol/errors.py:94:8: R1720: Unnecessary "else" after "raise", remove the "else" and de-indent the code inside it (no-else-raise)
************* Module pure3270.protocol.ssl_wrapper
pure3270/protocol/ssl_wrapper.py:19:4: W0105: String statement has no effect (pointless-string-statement)
************* Module pure3270.protocol.vt100_parser
pure3270/protocol/vt100_parser.py:180:15: R1714: Consider merging these comparisons with 'in' by using 'command in ('H', 'f')'. Use a set instead if elements are hashable. (consider-using-in)
************* Module pure3270.protocol.data_stream
pure3270/protocol/data_stream.py:681:9: W0511: TODO: Mark current field as modified in screen_buffer (fixme)
pure3270/protocol/data_stream.py:714:13: W0511: TODO: Implement SCS handling if needed (fixme)
pure3270/protocol/data_stream.py:908:9: W0511: TODO: More detailed parsing or error handling if needed (fixme)
pure3270/protocol/data_stream.py:1082:21: W0511: TODO: Parse additional PSC attributes if present (e.g., flags at sub_data[4:]) (fixme)
pure3270/protocol/data_stream.py:68:4: W0404: Reimport 'PrinterBuffer' (imported line 8) (reimported)
pure3270/protocol/data_stream.py:69:4: W0404: Reimport 'ScreenBuffer' (imported line 9) (reimported)
pure3270/protocol/data_stream.py:412:12: W0706: The except handler raises immediately (try-except-raise)
pure3270/protocol/data_stream.py:503:12: R1720: Unnecessary "else" after "raise", remove the "else" and de-indent the code inside it (no-else-raise)
pure3270/protocol/data_stream.py:672:12: W0612: Unused variable 'i' (unused-variable)
pure3270/protocol/data_stream.py:1055:8: R1730: Consider using 'expected_end = min(expected_end, len(parser._data))' instead of unnecessary if block (consider-using-min-builtin)
************* Module pure3270.protocol.printer
pure3270/protocol/printer.py:235:11: R1714: Consider merging these comparisons with 'in' by using 'header.data_type in (SCS_DATA, TN3270E_SCS_CTL_CODES)'. Use a set instead if elements are hashable. (consider-using-in)
************* Module pure3270.protocol.utils
pure3270/protocol/utils.py:284:16: R1724: Unnecessary "elif" after "continue", remove the leading "el" from "elif" (no-else-continue)
pure3270/protocol/utils.py:316:0: C0413: Import "from typing import Optional" should be placed at the top of the module (wrong-import-position)
pure3270/protocol/utils.py:386:8: R1730: Consider using 'self._pos = min(self._pos, len(self._text))' instead of unnecessary if block (consider-using-min-builtin)
************* Module pure3270.protocol.negotiator
pure3270/protocol/negotiator.py:46:0: C0413: Import "from .tn3270e_header import TN3270EHeader" should be placed at the top of the module (wrong-import-position)
pure3270/protocol/negotiator.py:47:0: W0404: Reimport 'TN3270E_RSF_ERROR_RESPONSE' (imported line 29) (reimported)
pure3270/protocol/negotiator.py:47:0: W0404: Reimport 'TN3270E_RSF_NEGATIVE_RESPONSE' (imported line 29) (reimported)
pure3270/protocol/negotiator.py:47:0: W0404: Reimport 'TN3270E_RSF_POSITIVE_RESPONSE' (imported line 29) (reimported)
pure3270/protocol/negotiator.py:47:0: C0413: Import "from .utils import BIND_IMAGE, NVT_DATA, PRINT_EOJ, REQUEST, RESPONSE, SCS_DATA, SSCP_LU_DATA, TN3270_DATA, TN3270E_RSF_ALWAYS_RESPONSE, TN3270E_RSF_ERROR_RESPONSE, TN3270E_RSF_NEGATIVE_RESPONSE, TN3270E_RSF_NO_RESPONSE, TN3270E_RSF_POSITIVE_RESPONSE, UNBIND" should be placed at the top of the module (wrong-import-position)
pure3270/protocol/negotiator.py:71:4: R0917: Too many positional arguments (9/5) (too-many-positional-arguments)
pure3270/protocol/negotiator.py:584:8: W0105: String statement has no effect (pointless-string-statement)
pure3270/protocol/negotiator.py:843:8: W0404: Reimport 'asyncio' (imported line 6) (reimported)
pure3270/protocol/negotiator.py:954:16: E0213: Method '__await__' should have "self" as first argument (no-self-argument)
pure3270/protocol/negotiator.py:905:12: W0612: Unused variable 'offset' (unused-variable)
pure3270/protocol/negotiator.py:1037:8: W0612: Unused variable 'message_subtype' (unused-variable)
pure3270/protocol/negotiator.py:1267:8: W0105: String statement has no effect (pointless-string-statement)
************* Module pure3270.protocol.tn3270_handler
pure3270/protocol/tn3270_handler.py:29:0: C0413: Import "import inspect" should be placed at the top of the module (wrong-import-position)
pure3270/protocol/tn3270_handler.py:133:8: W0613: Unused argument 'ssl_context' (unused-argument)
pure3270/protocol/tn3270_handler.py:187:4: R0917: Too many positional arguments (11/5) (too-many-positional-arguments)
pure3270/protocol/tn3270_handler.py:276:12: W0706: The except handler raises immediately (try-except-raise)
pure3270/protocol/tn3270_handler.py:519:12: W0603: Using the global statement (global-statement)
pure3270/protocol/tn3270_handler.py:310:20: W0201: Attribute '_negotiation_trace' defined outside __init__ (attribute-defined-outside-init)
pure3270/protocol/tn3270_handler.py:372:20: W0201: Attribute '_negotiation_trace' defined outside __init__ (attribute-defined-outside-init)
************* Module pure3270.patching.s3270_wrapper
pure3270/patching/s3270_wrapper.py:496:4: R0917: Too many positional arguments (13/5) (too-many-positional-arguments)
************* Module pure3270.patching.patching
pure3270/patching/patching.py:110:14: W0613: Unused argument 'module' (unused-argument)
pure3270/patching/patching.py:153:16: W0404: Reimport 'Pure3270S3270Wrapper' (imported line 14) (reimported)
pure3270/patching/patching.py:128:8: W0613: Unused argument 'patch_commands' (unused-argument)
************* Module tests.test_protocol_utils
tests/test_protocol_utils.py:10:36: W0613: Unused argument 'memory_limit_500mb' (unused-argument)
tests/test_protocol_utils.py:17:47: W0613: Unused argument 'memory_limit_500mb' (unused-argument)
tests/test_protocol_utils.py:26:32: W0613: Unused argument 'memory_limit_500mb' (unused-argument)
tests/test_protocol_utils.py:32:41: W0613: Unused argument 'memory_limit_500mb' (unused-argument)
tests/test_protocol_utils.py:38:33: W0613: Unused argument 'memory_limit_500mb' (unused-argument)
tests/test_protocol_utils.py:44:33: W0613: Unused argument 'memory_limit_500mb' (unused-argument)
tests/test_protocol_utils.py:50:37: W0613: Unused argument 'memory_limit_500mb' (unused-argument)
************* Module ci_test
ci_test.py:30:0: W0105: String statement has no effect (pointless-string-statement)
ci_test.py:35:0: C0413: Import "import asyncio" should be placed at the top of the module (wrong-import-position)
ci_test.py:36:0: C0413: Import "import logging" should be placed at the top of the module (wrong-import-position)
ci_test.py:37:0: C0413: Import "import os" should be placed at the top of the module (wrong-import-position)
ci_test.py:38:0: C0413: Import "import sys" should be placed at the top of the module (wrong-import-position)
ci_test.py:74:8: W0612: Unused variable 'session' (unused-variable)
ci_test.py:78:8: W0612: Unused variable 'async_session' (unused-variable)
ci_test.py:102:8: W0612: Unused variable 'mock_server' (unused-variable)
ci_test.py:103:8: W0612: Unused variable 'session' (unused-variable)
************* Module complete_navigation_workflow_test
complete_navigation_workflow_test.py:26:0: W0105: String statement has no effect (pointless-string-statement)
complete_navigation_workflow_test.py:36:0: C0413: Import "import asyncio" should be placed at the top of the module (wrong-import-position)
complete_navigation_workflow_test.py:37:0: C0413: Import "import unittest" should be placed at the top of the module (wrong-import-position)
complete_navigation_workflow_test.py:38:0: C0413: Import "from unittest.mock import AsyncMock, MagicMock, patch" should be placed at the top of the module (wrong-import-position)
complete_navigation_workflow_test.py:41:0: C0413: Import "import pure3270" should be placed at the top of the module (wrong-import-position)
complete_navigation_workflow_test.py:42:0: C0413: Import "from pure3270 import AsyncSession" should be placed at the top of the module (wrong-import-position)
complete_navigation_workflow_test.py:379:8: W0612: Unused variable 'loader' (unused-variable)
complete_navigation_workflow_test.py:423:4: R1722: Consider using 'sys.exit' instead (consider-using-sys-exit)

------------------------------------------------------------------
Your code has been rated at 9.80/10 (previous run: 9.81/10, -0.01)

************* Module /workspaces/pure3270/.pylintrc
.pylintrc:1:0: W0012: Unknown option value for '--disable', expected a valid pylint message and got 'too-many-decorators' (unknown-option-value)
************* Module pure3270
pure3270/__init__.py:116:0: C0413: Import "from .protocol.exceptions import MacroError" should be placed at the top of the module (wrong-import-position)
************* Module pure3270.exceptions
pure3270/exceptions.py:73:0: W0622: Redefining built-in 'ConnectionError' (redefined-builtin)
pure3270/exceptions.py:103:0: W0622: Redefining built-in 'TimeoutError' (redefined-builtin)
************* Module pure3270.session
pure3270/session.py:37:0: W0622: Redefining built-in 'ConnectionError' (redefined-builtin)
pure3270/session.py:59:4: R0917: Too many positional arguments (7/5) (too-many-positional-arguments)
pure3270/session.py:91:12: W0612: Unused variable 'loop' (unused-variable)
pure3270/session.py:179:44: W0622: Redefining built-in 'vars' (redefined-builtin)
pure3270/session.py:639:4: R0917: Too many positional arguments (7/5) (too-many-positional-arguments)
pure3270/session.py:720:8: W0612: Unused variable 'e' (unused-variable)
pure3270/session.py:922:54: W0622: Redefining built-in 'vars' (redefined-builtin)
pure3270/session.py:922:54: W0613: Unused argument 'vars' (unused-argument)
pure3270/session.py:1244:12: W0612: Unused variable 'data' (unused-variable)
pure3270/session.py:1250:12: W0612: Unused variable 'data' (unused-variable)
pure3270/session.py:1486:8: W0612: Unused variable 'sender' (unused-variable)
pure3270/session.py:1489:8: W0612: Unused variable 'AID_MAP' (unused-variable)
pure3270/session.py:2028:8: W0612: Unused variable 'end_col' (unused-variable)
pure3270/session.py:2036:13: W0612: Unused variable 'col' (unused-variable)
pure3270/session.py:2158:13: W0612: Unused variable 'col' (unused-variable)
pure3270/session.py:2169:8: W0612: Unused variable 'row' (unused-variable)
pure3270/session.py:2206:8: W0404: Reimport 'asyncio' (imported line 5) (reimported)
pure3270/session.py:2256:8: W0404: Reimport 'asyncio' (imported line 5) (reimported)
pure3270/session.py:2336:4: E0102: method already defined line 2320 (function-redefined)
pure3270/session.py:2410:8: W0404: Reimport 'asyncio' (imported line 5) (reimported)
pure3270/session.py:2436:8: W0404: Reimport 'os' (imported line 7) (reimported)
pure3270/session.py:2585:8: W0404: Reimport 'asyncio' (imported line 5) (reimported)
pure3270/session.py:1380:12: W0201: Attribute '_options' defined outside __init__ (attribute-defined-outside-init)
pure3270/session.py:2392:12: W0201: Attribute '_cookies' defined outside __init__ (attribute-defined-outside-init)
************* Module pure3270.emulation.buffer_writer
pure3270/emulation/buffer_writer.py:27:4: R0917: Too many positional arguments (6/5) (too-many-positional-arguments)
************* Module pure3270.emulation.printer_buffer
pure3270/emulation/printer_buffer.py:14:4: W0231: __init__ method from base class 'BufferWriter' is not called (super-init-not-called)
pure3270/emulation/printer_buffer.py:26:4: R0917: Too many positional arguments (6/5) (too-many-positional-arguments)
pure3270/emulation/printer_buffer.py:97:12: W0201: Attribute '_current_line' defined outside __init__ (attribute-defined-outside-init)
pure3270/emulation/printer_buffer.py:132:8: W0201: Attribute '_status' defined outside __init__ (attribute-defined-outside-init)
************* Module pure3270.emulation.screen_buffer
pure3270/emulation/screen_buffer.py:20:4: R0917: Too many positional arguments (15/5) (too-many-positional-arguments)
pure3270/emulation/screen_buffer.py:143:0: C0413: Import "from .buffer_writer import BufferWriter" should be placed at the top of the module (wrong-import-position)
pure3270/emulation/screen_buffer.py:151:4: W0231: __init__ method from base class 'BufferWriter' is not called (super-init-not-called)
pure3270/emulation/screen_buffer.py:205:4: R0917: Too many positional arguments (6/5) (too-many-positional-arguments)
pure3270/emulation/screen_buffer.py:246:56: W0613: Unused argument 'ebcdic_byte' (unused-argument)
pure3270/emulation/screen_buffer.py:282:12: R1724: Unnecessary "elif" after "continue", remove the leading "el" from "elif" (no-else-continue)
************* Module pure3270.protocol.errors
pure3270/protocol/errors.py:69:4: R1720: Unnecessary "else" after "raise", remove the "else" and de-indent the code inside it (no-else-raise)
pure3270/protocol/errors.py:84:8: R1720: Unnecessary "else" after "raise", remove the "else" and de-indent the code inside it (no-else-raise)
pure3270/protocol/errors.py:94:8: R1720: Unnecessary "else" after "raise", remove the "else" and de-indent the code inside it (no-else-raise)
************* Module pure3270.protocol.ssl_wrapper
pure3270/protocol/ssl_wrapper.py:19:4: W0105: String statement has no effect (pointless-string-statement)
************* Module pure3270.protocol.vt100_parser
pure3270/protocol/vt100_parser.py:180:15: R1714: Consider merging these comparisons with 'in' by using 'command in ('H', 'f')'. Use a set instead if elements are hashable. (consider-using-in)
************* Module pure3270.protocol.data_stream
pure3270/protocol/data_stream.py:681:9: W0511: TODO: Mark current field as modified in screen_buffer (fixme)
pure3270/protocol/data_stream.py:714:13: W0511: TODO: Implement SCS handling if needed (fixme)
pure3270/protocol/data_stream.py:908:9: W0511: TODO: More detailed parsing or error handling if needed (fixme)
pure3270/protocol/data_stream.py:1082:21: W0511: TODO: Parse additional PSC attributes if present (e.g., flags at sub_data[4:]) (fixme)
pure3270/protocol/data_stream.py:68:4: W0404: Reimport 'PrinterBuffer' (imported line 8) (reimported)
pure3270/protocol/data_stream.py:69:4: W0404: Reimport 'ScreenBuffer' (imported line 9) (reimported)
pure3270/protocol/data_stream.py:412:12: W0706: The except handler raises immediately (try-except-raise)
pure3270/protocol/data_stream.py:503:12: R1720: Unnecessary "else" after "raise", remove the "else" and de-indent the code inside it (no-else-raise)
pure3270/protocol/data_stream.py:672:12: W0612: Unused variable 'i' (unused-variable)
pure3270/protocol/data_stream.py:1055:8: R1730: Consider using 'expected_end = min(expected_end, len(parser._data))' instead of unnecessary if block (consider-using-min-builtin)
************* Module pure3270.protocol.printer
pure3270/protocol/printer.py:235:11: R1714: Consider merging these comparisons with 'in' by using 'header.data_type in (SCS_DATA, TN3270E_SCS_CTL_CODES)'. Use a set instead if elements are hashable. (consider-using-in)
************* Module pure3270.protocol.utils
pure3270/protocol/utils.py:284:16: R1724: Unnecessary "elif" after "continue", remove the leading "el" from "elif" (no-else-continue)
pure3270/protocol/utils.py:316:0: C0413: Import "from typing import Optional" should be placed at the top of the module (wrong-import-position)
pure3270/protocol/utils.py:386:8: R1730: Consider using 'self._pos = min(self._pos, len(self._text))' instead of unnecessary if block (consider-using-min-builtin)
************* Module pure3270.protocol.negotiator
pure3270/protocol/negotiator.py:46:0: C0413: Import "from .tn3270e_header import TN3270EHeader" should be placed at the top of the module (wrong-import-position)
pure3270/protocol/negotiator.py:47:0: W0404: Reimport 'TN3270E_RSF_ERROR_RESPONSE' (imported line 29) (reimported)
pure3270/protocol/negotiator.py:47:0: W0404: Reimport 'TN3270E_RSF_NEGATIVE_RESPONSE' (imported line 29) (reimported)
pure3270/protocol/negotiator.py:47:0: W0404: Reimport 'TN3270E_RSF_POSITIVE_RESPONSE' (imported line 29) (reimported)
pure3270/protocol/negotiator.py:47:0: C0413: Import "from .utils import BIND_IMAGE, NVT_DATA, PRINT_EOJ, REQUEST, RESPONSE, SCS_DATA, SSCP_LU_DATA, TN3270_DATA, TN3270E_RSF_ALWAYS_RESPONSE, TN3270E_RSF_ERROR_RESPONSE, TN3270E_RSF_NEGATIVE_RESPONSE, TN3270E_RSF_NO_RESPONSE, TN3270E_RSF_POSITIVE_RESPONSE, UNBIND" should be placed at the top of the module (wrong-import-position)
pure3270/protocol/negotiator.py:71:4: R0917: Too many positional arguments (9/5) (too-many-positional-arguments)
pure3270/protocol/negotiator.py:584:8: W0105: String statement has no effect (pointless-string-statement)
pure3270/protocol/negotiator.py:843:8: W0404: Reimport 'asyncio' (imported line 6) (reimported)
pure3270/protocol/negotiator.py:954:16: E0213: Method '__await__' should have "self" as first argument (no-self-argument)
pure3270/protocol/negotiator.py:905:12: W0612: Unused variable 'offset' (unused-variable)
pure3270/protocol/negotiator.py:1037:8: W0612: Unused variable 'message_subtype' (unused-variable)
pure3270/protocol/negotiator.py:1267:8: W0105: String statement has no effect (pointless-string-statement)
************* Module pure3270.protocol.tn3270_handler
pure3270/protocol/tn3270_handler.py:29:0: C0413: Import "import inspect" should be placed at the top of the module (wrong-import-position)
pure3270/protocol/tn3270_handler.py:133:8: W0613: Unused argument 'ssl_context' (unused-argument)
pure3270/protocol/tn3270_handler.py:187:4: R0917: Too many positional arguments (11/5) (too-many-positional-arguments)
pure3270/protocol/tn3270_handler.py:276:12: W0706: The except handler raises immediately (try-except-raise)
pure3270/protocol/tn3270_handler.py:519:12: W0603: Using the global statement (global-statement)
pure3270/protocol/tn3270_handler.py:310:20: W0201: Attribute '_negotiation_trace' defined outside __init__ (attribute-defined-outside-init)
pure3270/protocol/tn3270_handler.py:372:20: W0201: Attribute '_negotiation_trace' defined outside __init__ (attribute-defined-outside-init)
************* Module pure3270.patching.s3270_wrapper
pure3270/patching/s3270_wrapper.py:496:4: R0917: Too many positional arguments (13/5) (too-many-positional-arguments)
************* Module pure3270.patching.patching
pure3270/patching/patching.py:110:14: W0613: Unused argument 'module' (unused-argument)
pure3270/patching/patching.py:153:16: W0404: Reimport 'Pure3270S3270Wrapper' (imported line 14) (reimported)
pure3270/patching/patching.py:128:8: W0613: Unused argument 'patch_commands' (unused-argument)
************* Module tests.test_protocol_performance
tests/test_protocol_performance.py:12:47: W0613: Unused argument 'memory_limit_100mb' (unused-argument)
************* Module run_all_tests
run_all_tests.py:131:17: W0612: Unused variable 'stdout' (unused-variable)
************* Module tests.test_patching_s3270_wrapper
tests/test_patching_s3270_wrapper.py:23:22: W0613: Unused argument 'memory_limit_500mb' (unused-argument)
tests/test_patching_s3270_wrapper.py:29:33: W0613: Unused argument 'memory_limit_500mb' (unused-argument)
tests/test_patching_s3270_wrapper.py:37:47: W0613: Unused argument 'memory_limit_500mb' (unused-argument)
tests/test_patching_s3270_wrapper.py:43:47: W0613: Unused argument 'memory_limit_500mb' (unused-argument)
tests/test_patching_s3270_wrapper.py:52:52: W0613: Unused argument 'memory_limit_500mb' (unused-argument)
tests/test_patching_s3270_wrapper.py:59:55: W0613: Unused argument 'memory_limit_500mb' (unused-argument)
tests/test_patching_s3270_wrapper.py:68:50: W0613: Unused argument 'memory_limit_500mb' (unused-argument)
tests/test_patching_s3270_wrapper.py:75:47: W0613: Unused argument 'memory_limit_500mb' (unused-argument)
tests/test_patching_s3270_wrapper.py:82:47: W0613: Unused argument 'memory_limit_500mb' (unused-argument)
tests/test_patching_s3270_wrapper.py:89:51: W0613: Unused argument 'memory_limit_500mb' (unused-argument)
tests/test_patching_s3270_wrapper.py:96:50: W0613: Unused argument 'memory_limit_500mb' (unused-argument)
tests/test_patching_s3270_wrapper.py:103:49: W0613: Unused argument 'memory_limit_500mb' (unused-argument)
tests/test_patching_s3270_wrapper.py:110:52: W0613: Unused argument 'memory_limit_500mb' (unused-argument)
tests/test_patching_s3270_wrapper.py:115:43: W0613: Unused argument 'memory_limit_500mb' (unused-argument)
tests/test_patching_s3270_wrapper.py:123:46: W0613: Unused argument 'memory_limit_500mb' (unused-argument)
tests/test_patching_s3270_wrapper.py:129:49: W0613: Unused argument 'memory_limit_500mb' (unused-argument)
tests/test_patching_s3270_wrapper.py:137:49: W0613: Unused argument 'memory_limit_500mb' (unused-argument)
tests/test_patching_s3270_wrapper.py:146:46: W0613: Unused argument 'memory_limit_500mb' (unused-argument)
tests/test_patching_s3270_wrapper.py:154:46: W0613: Unused argument 'memory_limit_500mb' (unused-argument)
tests/test_patching_s3270_wrapper.py:161:46: W0613: Unused argument 'memory_limit_500mb' (unused-argument)
tests/test_patching_s3270_wrapper.py:169:46: W0613: Unused argument 'memory_limit_500mb' (unused-argument)
tests/test_patching_s3270_wrapper.py:176:50: W0613: Unused argument 'memory_limit_500mb' (unused-argument)
tests/test_patching_s3270_wrapper.py:185:50: W0613: Unused argument 'memory_limit_500mb' (unused-argument)
tests/test_patching_s3270_wrapper.py:194:41: W0613: Unused argument 'memory_limit_500mb' (unused-argument)
tests/test_patching_s3270_wrapper.py:202:48: W0613: Unused argument 'memory_limit_500mb' (unused-argument)
tests/test_patching_s3270_wrapper.py:210:48: W0613: Unused argument 'memory_limit_500mb' (unused-argument)
tests/test_patching_s3270_wrapper.py:219:53: W0613: Unused argument 'memory_limit_500mb' (unused-argument)
tests/test_patching_s3270_wrapper.py:227:53: W0613: Unused argument 'memory_limit_500mb' (unused-argument)
tests/test_patching_s3270_wrapper.py:236:42: W0613: Unused argument 'memory_limit_500mb' (unused-argument)
tests/test_patching_s3270_wrapper.py:242:48: W0613: Unused argument 'memory_limit_500mb' (unused-argument)
tests/test_patching_s3270_wrapper.py:248:34: W0613: Unused argument 'memory_limit_500mb' (unused-argument)
tests/test_patching_s3270_wrapper.py:256:37: W0613: Unused argument 'memory_limit_500mb' (unused-argument)
tests/test_patching_s3270_wrapper.py:264:8: W0612: Unused variable 'wrapper1' (unused-variable)
tests/test_patching_s3270_wrapper.py:267:8: W0612: Unused variable 'wrapper2' (unused-variable)
************* Module quick_test
quick_test.py:52:8: W0612: Unused variable 'session' (unused-variable)
quick_test.py:53:8: W0612: Unused variable 'async_session' (unused-variable)
quick_test.py:142:20: W0702: No exception type(s) specified (bare-except)
quick_test.py:187:20: W0702: No exception type(s) specified (bare-except)
quick_test.py:202:16: W0702: No exception type(s) specified (bare-except)

-----------------------------------
Your code has been rated at 9.77/10

Exception ignored in: <generator object raise_if_nothing_inferred.<locals>.inner at 0x7f876d8d6140>
Traceback (most recent call last):
  File "/usr/local/py-utils/venvs/pylint/lib/python3.12/site-packages/astroid/decorators.py", line 99, in inner
    yield from generator
ValueError: generator already executing
************* Module /workspaces/pure3270/.pylintrc
.pylintrc:1:0: W0012: Unknown option value for '--disable', expected a valid pylint message and got 'too-many-decorators' (unknown-option-value)
************* Module pure3270
pure3270/__init__.py:116:0: C0413: Import "from .protocol.exceptions import MacroError" should be placed at the top of the module (wrong-import-position)
************* Module pure3270.exceptions
pure3270/exceptions.py:73:0: W0622: Redefining built-in 'ConnectionError' (redefined-builtin)
pure3270/exceptions.py:103:0: W0622: Redefining built-in 'TimeoutError' (redefined-builtin)
************* Module pure3270.session
pure3270/session.py:37:0: W0622: Redefining built-in 'ConnectionError' (redefined-builtin)
pure3270/session.py:59:4: R0917: Too many positional arguments (7/5) (too-many-positional-arguments)
pure3270/session.py:91:12: W0612: Unused variable 'loop' (unused-variable)
pure3270/session.py:179:44: W0622: Redefining built-in 'vars' (redefined-builtin)
pure3270/session.py:639:4: R0917: Too many positional arguments (7/5) (too-many-positional-arguments)
pure3270/session.py:720:8: W0612: Unused variable 'e' (unused-variable)
pure3270/session.py:922:54: W0622: Redefining built-in 'vars' (redefined-builtin)
pure3270/session.py:922:54: W0613: Unused argument 'vars' (unused-argument)
pure3270/session.py:1244:12: W0612: Unused variable 'data' (unused-variable)
pure3270/session.py:1250:12: W0612: Unused variable 'data' (unused-variable)
pure3270/session.py:1486:8: W0612: Unused variable 'sender' (unused-variable)
pure3270/session.py:1489:8: W0612: Unused variable 'AID_MAP' (unused-variable)
pure3270/session.py:2028:8: W0612: Unused variable 'end_col' (unused-variable)
pure3270/session.py:2036:13: W0612: Unused variable 'col' (unused-variable)
pure3270/session.py:2158:13: W0612: Unused variable 'col' (unused-variable)
pure3270/session.py:2169:8: W0612: Unused variable 'row' (unused-variable)
pure3270/session.py:2206:8: W0404: Reimport 'asyncio' (imported line 5) (reimported)
pure3270/session.py:2256:8: W0404: Reimport 'asyncio' (imported line 5) (reimported)
pure3270/session.py:2336:4: E0102: method already defined line 2320 (function-redefined)
pure3270/session.py:2410:8: W0404: Reimport 'asyncio' (imported line 5) (reimported)
pure3270/session.py:2436:8: W0404: Reimport 'os' (imported line 7) (reimported)
pure3270/session.py:2585:8: W0404: Reimport 'asyncio' (imported line 5) (reimported)
pure3270/session.py:1380:12: W0201: Attribute '_options' defined outside __init__ (attribute-defined-outside-init)
pure3270/session.py:2392:12: W0201: Attribute '_cookies' defined outside __init__ (attribute-defined-outside-init)
************* Module pure3270.emulation.buffer_writer
pure3270/emulation/buffer_writer.py:27:4: R0917: Too many positional arguments (6/5) (too-many-positional-arguments)
************* Module pure3270.emulation.printer_buffer
pure3270/emulation/printer_buffer.py:14:4: W0231: __init__ method from base class 'BufferWriter' is not called (super-init-not-called)
pure3270/emulation/printer_buffer.py:26:4: R0917: Too many positional arguments (6/5) (too-many-positional-arguments)
pure3270/emulation/printer_buffer.py:97:12: W0201: Attribute '_current_line' defined outside __init__ (attribute-defined-outside-init)
pure3270/emulation/printer_buffer.py:132:8: W0201: Attribute '_status' defined outside __init__ (attribute-defined-outside-init)
************* Module pure3270.emulation.screen_buffer
pure3270/emulation/screen_buffer.py:20:4: R0917: Too many positional arguments (15/5) (too-many-positional-arguments)
pure3270/emulation/screen_buffer.py:143:0: C0413: Import "from .buffer_writer import BufferWriter" should be placed at the top of the module (wrong-import-position)
pure3270/emulation/screen_buffer.py:151:4: W0231: __init__ method from base class 'BufferWriter' is not called (super-init-not-called)
pure3270/emulation/screen_buffer.py:205:4: R0917: Too many positional arguments (6/5) (too-many-positional-arguments)
pure3270/emulation/screen_buffer.py:246:56: W0613: Unused argument 'ebcdic_byte' (unused-argument)
pure3270/emulation/screen_buffer.py:282:12: R1724: Unnecessary "elif" after "continue", remove the leading "el" from "elif" (no-else-continue)
************* Module pure3270.protocol.errors
pure3270/protocol/errors.py:69:4: R1720: Unnecessary "else" after "raise", remove the "else" and de-indent the code inside it (no-else-raise)
pure3270/protocol/errors.py:84:8: R1720: Unnecessary "else" after "raise", remove the "else" and de-indent the code inside it (no-else-raise)
pure3270/protocol/errors.py:94:8: R1720: Unnecessary "else" after "raise", remove the "else" and de-indent the code inside it (no-else-raise)
************* Module pure3270.protocol.ssl_wrapper
pure3270/protocol/ssl_wrapper.py:19:4: W0105: String statement has no effect (pointless-string-statement)
************* Module pure3270.protocol.vt100_parser
pure3270/protocol/vt100_parser.py:180:15: R1714: Consider merging these comparisons with 'in' by using 'command in ('H', 'f')'. Use a set instead if elements are hashable. (consider-using-in)
************* Module pure3270.protocol.data_stream
pure3270/protocol/data_stream.py:681:9: W0511: TODO: Mark current field as modified in screen_buffer (fixme)
pure3270/protocol/data_stream.py:714:13: W0511: TODO: Implement SCS handling if needed (fixme)
pure3270/protocol/data_stream.py:908:9: W0511: TODO: More detailed parsing or error handling if needed (fixme)
pure3270/protocol/data_stream.py:1082:21: W0511: TODO: Parse additional PSC attributes if present (e.g., flags at sub_data[4:]) (fixme)
pure3270/protocol/data_stream.py:68:4: W0404: Reimport 'PrinterBuffer' (imported line 8) (reimported)
pure3270/protocol/data_stream.py:69:4: W0404: Reimport 'ScreenBuffer' (imported line 9) (reimported)
pure3270/protocol/data_stream.py:412:12: W0706: The except handler raises immediately (try-except-raise)
pure3270/protocol/data_stream.py:503:12: R1720: Unnecessary "else" after "raise", remove the "else" and de-indent the code inside it (no-else-raise)
pure3270/protocol/data_stream.py:672:12: W0612: Unused variable 'i' (unused-variable)
pure3270/protocol/data_stream.py:1055:8: R1730: Consider using 'expected_end = min(expected_end, len(parser._data))' instead of unnecessary if block (consider-using-min-builtin)
************* Module pure3270.protocol.printer
pure3270/protocol/printer.py:235:11: R1714: Consider merging these comparisons with 'in' by using 'header.data_type in (SCS_DATA, TN3270E_SCS_CTL_CODES)'. Use a set instead if elements are hashable. (consider-using-in)
************* Module pure3270.protocol.utils
pure3270/protocol/utils.py:284:16: R1724: Unnecessary "elif" after "continue", remove the leading "el" from "elif" (no-else-continue)
pure3270/protocol/utils.py:316:0: C0413: Import "from typing import Optional" should be placed at the top of the module (wrong-import-position)
pure3270/protocol/utils.py:386:8: R1730: Consider using 'self._pos = min(self._pos, len(self._text))' instead of unnecessary if block (consider-using-min-builtin)
************* Module pure3270.protocol.negotiator
pure3270/protocol/negotiator.py:46:0: C0413: Import "from .tn3270e_header import TN3270EHeader" should be placed at the top of the module (wrong-import-position)
pure3270/protocol/negotiator.py:47:0: W0404: Reimport 'TN3270E_RSF_ERROR_RESPONSE' (imported line 29) (reimported)
pure3270/protocol/negotiator.py:47:0: W0404: Reimport 'TN3270E_RSF_NEGATIVE_RESPONSE' (imported line 29) (reimported)
pure3270/protocol/negotiator.py:47:0: W0404: Reimport 'TN3270E_RSF_POSITIVE_RESPONSE' (imported line 29) (reimported)
pure3270/protocol/negotiator.py:47:0: C0413: Import "from .utils import BIND_IMAGE, NVT_DATA, PRINT_EOJ, REQUEST, RESPONSE, SCS_DATA, SSCP_LU_DATA, TN3270_DATA, TN3270E_RSF_ALWAYS_RESPONSE, TN3270E_RSF_ERROR_RESPONSE, TN3270E_RSF_NEGATIVE_RESPONSE, TN3270E_RSF_NO_RESPONSE, TN3270E_RSF_POSITIVE_RESPONSE, UNBIND" should be placed at the top of the module (wrong-import-position)
pure3270/protocol/negotiator.py:71:4: R0917: Too many positional arguments (9/5) (too-many-positional-arguments)
pure3270/protocol/negotiator.py:584:8: W0105: String statement has no effect (pointless-string-statement)
pure3270/protocol/negotiator.py:843:8: W0404: Reimport 'asyncio' (imported line 6) (reimported)
pure3270/protocol/negotiator.py:954:16: E0213: Method '__await__' should have "self" as first argument (no-self-argument)
pure3270/protocol/negotiator.py:905:12: W0612: Unused variable 'offset' (unused-variable)
pure3270/protocol/negotiator.py:1037:8: W0612: Unused variable 'message_subtype' (unused-variable)
pure3270/protocol/negotiator.py:1267:8: W0105: String statement has no effect (pointless-string-statement)
************* Module pure3270.protocol.tn3270_handler
pure3270/protocol/tn3270_handler.py:29:0: C0413: Import "import inspect" should be placed at the top of the module (wrong-import-position)
pure3270/protocol/tn3270_handler.py:133:8: W0613: Unused argument 'ssl_context' (unused-argument)
pure3270/protocol/tn3270_handler.py:187:4: R0917: Too many positional arguments (11/5) (too-many-positional-arguments)
pure3270/protocol/tn3270_handler.py:276:12: W0706: The except handler raises immediately (try-except-raise)
pure3270/protocol/tn3270_handler.py:519:12: W0603: Using the global statement (global-statement)
pure3270/protocol/tn3270_handler.py:310:20: W0201: Attribute '_negotiation_trace' defined outside __init__ (attribute-defined-outside-init)
pure3270/protocol/tn3270_handler.py:372:20: W0201: Attribute '_negotiation_trace' defined outside __init__ (attribute-defined-outside-init)
************* Module pure3270.patching.s3270_wrapper
pure3270/patching/s3270_wrapper.py:496:4: R0917: Too many positional arguments (13/5) (too-many-positional-arguments)
************* Module pure3270.patching.patching
pure3270/patching/patching.py:110:14: W0613: Unused argument 'module' (unused-argument)
pure3270/patching/patching.py:153:16: W0404: Reimport 'Pure3270S3270Wrapper' (imported line 14) (reimported)
pure3270/patching/patching.py:128:8: W0613: Unused argument 'patch_commands' (unused-argument)
************* Module conftest
conftest.py:2:0: C0304: Final newline missing (missing-final-newline)
************* Module run_capture
run_capture.py:4:0: E0611: No name 'BindImageMockServer' in module 'integration_test' (no-name-in-module)
************* Module tests.test_patching
tests/test_patching.py:154:4: W0404: Reimport 'enable_replacement' (imported line 10) (reimported)
tests/test_patching.py:159:8: W0612: Unused variable 'manager' (unused-variable)
tests/test_patching.py:162:12: W0612: Unused variable 'sess' (unused-variable)
tests/test_patching.py:179:8: W0404: Reimport 'enable_replacement' (imported line 10) (reimported)
tests/test_patching.py:182:12: W0612: Unused variable 'manager' (unused-variable)
tests/test_patching.py:191:8: W0612: Unused variable 'e' (unused-variable)
tests/test_patching.py:236:0: W0613: Unused argument 'args' (unused-argument)
tests/test_patching.py:236:0: W0613: Unused argument 'kwargs' (unused-argument)
tests/test_patching.py:260:8: W0612: Unused variable 'e' (unused-variable)
************* Module tests.test_structured_fields
tests/test_structured_fields.py:17:43: W0613: Unused argument 'memory_limit_500mb' (unused-argument)
tests/test_structured_fields.py:34:41: W0613: Unused argument 'memory_limit_500mb' (unused-argument)
tests/test_structured_fields.py:48:40: W0613: Unused argument 'memory_limit_500mb' (unused-argument)
tests/test_structured_fields.py:66:49: W0613: Unused argument 'memory_limit_500mb' (unused-argument)
tests/test_structured_fields.py:82:53: W0613: Unused argument 'memory_limit_500mb' (unused-argument)

------------------------------------------------------------------
Your code has been rated at 9.81/10 (previous run: 9.76/10, +0.04)

Exception ignored in: <generator object raise_if_nothing_inferred.<locals>.inner at 0x7f5ed06f9040>
Traceback (most recent call last):
  File "/usr/local/py-utils/venvs/pylint/lib/python3.12/site-packages/astroid/decorators.py", line 99, in inner
    yield from generator
ValueError: generator already executing
************* Module /workspaces/pure3270/.pylintrc
.pylintrc:1:0: W0012: Unknown option value for '--disable', expected a valid pylint message and got 'too-many-decorators' (unknown-option-value)
************* Module pure3270
pure3270/__init__.py:116:0: C0413: Import "from .protocol.exceptions import MacroError" should be placed at the top of the module (wrong-import-position)
************* Module pure3270.exceptions
pure3270/exceptions.py:73:0: W0622: Redefining built-in 'ConnectionError' (redefined-builtin)
pure3270/exceptions.py:103:0: W0622: Redefining built-in 'TimeoutError' (redefined-builtin)
************* Module pure3270.session
pure3270/session.py:37:0: W0622: Redefining built-in 'ConnectionError' (redefined-builtin)
pure3270/session.py:59:4: R0917: Too many positional arguments (7/5) (too-many-positional-arguments)
pure3270/session.py:91:12: W0612: Unused variable 'loop' (unused-variable)
pure3270/session.py:179:44: W0622: Redefining built-in 'vars' (redefined-builtin)
pure3270/session.py:639:4: R0917: Too many positional arguments (7/5) (too-many-positional-arguments)
pure3270/session.py:720:8: W0612: Unused variable 'e' (unused-variable)
pure3270/session.py:922:54: W0622: Redefining built-in 'vars' (redefined-builtin)
pure3270/session.py:922:54: W0613: Unused argument 'vars' (unused-argument)
pure3270/session.py:1244:12: W0612: Unused variable 'data' (unused-variable)
pure3270/session.py:1250:12: W0612: Unused variable 'data' (unused-variable)
pure3270/session.py:1486:8: W0612: Unused variable 'sender' (unused-variable)
pure3270/session.py:1489:8: W0612: Unused variable 'AID_MAP' (unused-variable)
pure3270/session.py:2028:8: W0612: Unused variable 'end_col' (unused-variable)
pure3270/session.py:2036:13: W0612: Unused variable 'col' (unused-variable)
pure3270/session.py:2158:13: W0612: Unused variable 'col' (unused-variable)
pure3270/session.py:2169:8: W0612: Unused variable 'row' (unused-variable)
pure3270/session.py:2206:8: W0404: Reimport 'asyncio' (imported line 5) (reimported)
pure3270/session.py:2256:8: W0404: Reimport 'asyncio' (imported line 5) (reimported)
pure3270/session.py:2336:4: E0102: method already defined line 2320 (function-redefined)
pure3270/session.py:2410:8: W0404: Reimport 'asyncio' (imported line 5) (reimported)
pure3270/session.py:2436:8: W0404: Reimport 'os' (imported line 7) (reimported)
pure3270/session.py:2585:8: W0404: Reimport 'asyncio' (imported line 5) (reimported)
pure3270/session.py:1380:12: W0201: Attribute '_options' defined outside __init__ (attribute-defined-outside-init)
pure3270/session.py:2392:12: W0201: Attribute '_cookies' defined outside __init__ (attribute-defined-outside-init)
************* Module pure3270.emulation.buffer_writer
pure3270/emulation/buffer_writer.py:27:4: R0917: Too many positional arguments (6/5) (too-many-positional-arguments)
************* Module pure3270.emulation.printer_buffer
pure3270/emulation/printer_buffer.py:14:4: W0231: __init__ method from base class 'BufferWriter' is not called (super-init-not-called)
pure3270/emulation/printer_buffer.py:26:4: R0917: Too many positional arguments (6/5) (too-many-positional-arguments)
pure3270/emulation/printer_buffer.py:97:12: W0201: Attribute '_current_line' defined outside __init__ (attribute-defined-outside-init)
pure3270/emulation/printer_buffer.py:132:8: W0201: Attribute '_status' defined outside __init__ (attribute-defined-outside-init)
************* Module pure3270.emulation.screen_buffer
pure3270/emulation/screen_buffer.py:20:4: R0917: Too many positional arguments (15/5) (too-many-positional-arguments)
pure3270/emulation/screen_buffer.py:143:0: C0413: Import "from .buffer_writer import BufferWriter" should be placed at the top of the module (wrong-import-position)
pure3270/emulation/screen_buffer.py:151:4: W0231: __init__ method from base class 'BufferWriter' is not called (super-init-not-called)
pure3270/emulation/screen_buffer.py:205:4: R0917: Too many positional arguments (6/5) (too-many-positional-arguments)
pure3270/emulation/screen_buffer.py:246:56: W0613: Unused argument 'ebcdic_byte' (unused-argument)
pure3270/emulation/screen_buffer.py:282:12: R1724: Unnecessary "elif" after "continue", remove the leading "el" from "elif" (no-else-continue)
************* Module pure3270.protocol.errors
pure3270/protocol/errors.py:69:4: R1720: Unnecessary "else" after "raise", remove the "else" and de-indent the code inside it (no-else-raise)
pure3270/protocol/errors.py:84:8: R1720: Unnecessary "else" after "raise", remove the "else" and de-indent the code inside it (no-else-raise)
pure3270/protocol/errors.py:94:8: R1720: Unnecessary "else" after "raise", remove the "else" and de-indent the code inside it (no-else-raise)
************* Module pure3270.protocol.ssl_wrapper
pure3270/protocol/ssl_wrapper.py:19:4: W0105: String statement has no effect (pointless-string-statement)
************* Module pure3270.protocol.vt100_parser
pure3270/protocol/vt100_parser.py:180:15: R1714: Consider merging these comparisons with 'in' by using 'command in ('H', 'f')'. Use a set instead if elements are hashable. (consider-using-in)
************* Module pure3270.protocol.data_stream
pure3270/protocol/data_stream.py:681:9: W0511: TODO: Mark current field as modified in screen_buffer (fixme)
pure3270/protocol/data_stream.py:714:13: W0511: TODO: Implement SCS handling if needed (fixme)
pure3270/protocol/data_stream.py:908:9: W0511: TODO: More detailed parsing or error handling if needed (fixme)
pure3270/protocol/data_stream.py:1082:21: W0511: TODO: Parse additional PSC attributes if present (e.g., flags at sub_data[4:]) (fixme)
pure3270/protocol/data_stream.py:68:4: W0404: Reimport 'PrinterBuffer' (imported line 8) (reimported)
pure3270/protocol/data_stream.py:69:4: W0404: Reimport 'ScreenBuffer' (imported line 9) (reimported)
pure3270/protocol/data_stream.py:412:12: W0706: The except handler raises immediately (try-except-raise)
pure3270/protocol/data_stream.py:503:12: R1720: Unnecessary "else" after "raise", remove the "else" and de-indent the code inside it (no-else-raise)
pure3270/protocol/data_stream.py:672:12: W0612: Unused variable 'i' (unused-variable)
pure3270/protocol/data_stream.py:1055:8: R1730: Consider using 'expected_end = min(expected_end, len(parser._data))' instead of unnecessary if block (consider-using-min-builtin)
************* Module pure3270.protocol.printer
pure3270/protocol/printer.py:235:11: R1714: Consider merging these comparisons with 'in' by using 'header.data_type in (SCS_DATA, TN3270E_SCS_CTL_CODES)'. Use a set instead if elements are hashable. (consider-using-in)
************* Module pure3270.protocol.utils
pure3270/protocol/utils.py:284:16: R1724: Unnecessary "elif" after "continue", remove the leading "el" from "elif" (no-else-continue)
pure3270/protocol/utils.py:316:0: C0413: Import "from typing import Optional" should be placed at the top of the module (wrong-import-position)
pure3270/protocol/utils.py:386:8: R1730: Consider using 'self._pos = min(self._pos, len(self._text))' instead of unnecessary if block (consider-using-min-builtin)
************* Module pure3270.protocol.negotiator
pure3270/protocol/negotiator.py:46:0: C0413: Import "from .tn3270e_header import TN3270EHeader" should be placed at the top of the module (wrong-import-position)
pure3270/protocol/negotiator.py:47:0: W0404: Reimport 'TN3270E_RSF_ERROR_RESPONSE' (imported line 29) (reimported)
pure3270/protocol/negotiator.py:47:0: W0404: Reimport 'TN3270E_RSF_NEGATIVE_RESPONSE' (imported line 29) (reimported)
pure3270/protocol/negotiator.py:47:0: W0404: Reimport 'TN3270E_RSF_POSITIVE_RESPONSE' (imported line 29) (reimported)
pure3270/protocol/negotiator.py:47:0: C0413: Import "from .utils import BIND_IMAGE, NVT_DATA, PRINT_EOJ, REQUEST, RESPONSE, SCS_DATA, SSCP_LU_DATA, TN3270_DATA, TN3270E_RSF_ALWAYS_RESPONSE, TN3270E_RSF_ERROR_RESPONSE, TN3270E_RSF_NEGATIVE_RESPONSE, TN3270E_RSF_NO_RESPONSE, TN3270E_RSF_POSITIVE_RESPONSE, UNBIND" should be placed at the top of the module (wrong-import-position)
pure3270/protocol/negotiator.py:71:4: R0917: Too many positional arguments (9/5) (too-many-positional-arguments)
pure3270/protocol/negotiator.py:584:8: W0105: String statement has no effect (pointless-string-statement)
pure3270/protocol/negotiator.py:843:8: W0404: Reimport 'asyncio' (imported line 6) (reimported)
pure3270/protocol/negotiator.py:954:16: E0213: Method '__await__' should have "self" as first argument (no-self-argument)
pure3270/protocol/negotiator.py:905:12: W0612: Unused variable 'offset' (unused-variable)
pure3270/protocol/negotiator.py:1037:8: W0612: Unused variable 'message_subtype' (unused-variable)
pure3270/protocol/negotiator.py:1267:8: W0105: String statement has no effect (pointless-string-statement)
************* Module pure3270.protocol.tn3270_handler
pure3270/protocol/tn3270_handler.py:29:0: C0413: Import "import inspect" should be placed at the top of the module (wrong-import-position)
pure3270/protocol/tn3270_handler.py:133:8: W0613: Unused argument 'ssl_context' (unused-argument)
pure3270/protocol/tn3270_handler.py:187:4: R0917: Too many positional arguments (11/5) (too-many-positional-arguments)
pure3270/protocol/tn3270_handler.py:276:12: W0706: The except handler raises immediately (try-except-raise)
pure3270/protocol/tn3270_handler.py:519:12: W0603: Using the global statement (global-statement)
pure3270/protocol/tn3270_handler.py:310:20: W0201: Attribute '_negotiation_trace' defined outside __init__ (attribute-defined-outside-init)
pure3270/protocol/tn3270_handler.py:372:20: W0201: Attribute '_negotiation_trace' defined outside __init__ (attribute-defined-outside-init)
************* Module pure3270.patching.s3270_wrapper
pure3270/patching/s3270_wrapper.py:496:4: R0917: Too many positional arguments (13/5) (too-many-positional-arguments)
************* Module pure3270.patching.patching
pure3270/patching/patching.py:110:14: W0613: Unused argument 'module' (unused-argument)
pure3270/patching/patching.py:153:16: W0404: Reimport 'Pure3270S3270Wrapper' (imported line 14) (reimported)
pure3270/patching/patching.py:128:8: W0613: Unused argument 'patch_commands' (unused-argument)
************* Module docs.source.conf
docs/source/conf.py:21:0: W0622: Redefining built-in 'copyright' (redefined-builtin)
************* Module dotenv
dotenv.py:5:0: W0613: Unused argument 'kwargs' (unused-argument)
************* Module run_capture_fixed
run_capture_fixed.py:4:0: E0611: No name 'BindImageMockServer' in module 'integration_test' (no-name-in-module)
************* Module tests.test_patching_advanced
tests/test_patching_advanced.py:11:34: W0613: Unused argument 'memory_limit_500mb' (unused-argument)
tests/test_patching_advanced.py:17:48: W0613: Unused argument 'memory_limit_500mb' (unused-argument)
tests/test_patching_advanced.py:25:40: W0613: Unused argument 'memory_limit_500mb' (unused-argument)
tests/test_patching_advanced.py:31:38: W0613: Unused argument 'memory_limit_500mb' (unused-argument)
tests/test_patching_advanced.py:48:19: W0613: Unused argument 'self' (unused-argument)
tests/test_patching_advanced.py:48:25: W0613: Unused argument 'memory_limit_500mb' (unused-argument)
tests/test_patching_advanced.py:39:28: W0613: Unused argument 'memory_limit_500mb' (unused-argument)
tests/test_patching_advanced.py:45:4: W0612: Unused variable 'TestClass' (unused-variable)
tests/test_patching_advanced.py:48:4: W0612: Unused variable 'new_method' (unused-variable)
tests/test_patching_advanced.py:58:28: W0613: Unused argument 'memory_limit_500mb' (unused-argument)
tests/test_patching_advanced.py:74:27: W0613: Unused argument 'memory_limit_500mb' (unused-argument)
tests/test_patching_advanced.py:77:16: W0613: Unused argument 'self' (unused-argument)
tests/test_patching_advanced.py:77:22: W0613: Unused argument 'memory_limit_500mb' (unused-argument)
tests/test_patching_advanced.py:67:24: W0613: Unused argument 'memory_limit_500mb' (unused-argument)
tests/test_patching_advanced.py:73:4: W0612: Unused variable 'TestClass' (unused-variable)
tests/test_patching_advanced.py:77:4: W0612: Unused variable 'patched' (unused-variable)
tests/test_patching_advanced.py:89:57: W0613: Unused argument 'memory_limit_500mb' (unused-argument)
tests/test_patching_advanced.py:102:11: C1803: "manager.patched == {}" can be simplified to "not manager.patched", if it is strictly a sequence, as an empty dict is falsey (use-implicit-booleaness-not-comparison)
tests/test_patching_advanced.py:98:22: W0613: Unused argument 'memory_limit_500mb' (unused-argument)
tests/test_patching_advanced.py:106:43: W0613: Unused argument 'memory_limit_500mb' (unused-argument)
************* Module integration_test
integration_test.py:101:0: C0304: Final newline missing (missing-final-newline)

------------------------------------------------------------------
Your code has been rated at 9.79/10 (previous run: 9.46/10, +0.33)

Exception ignored in: <generator object raise_if_nothing_inferred.<locals>.inner at 0x7fbeb41f9040>
Traceback (most recent call last):
  File "/usr/local/py-utils/venvs/pylint/lib/python3.12/site-packages/astroid/decorators.py", line 99, in inner
    yield from generator
ValueError: generator already executing
************* Module /workspaces/pure3270/.pylintrc
.pylintrc:1:0: W0012: Unknown option value for '--disable', expected a valid pylint message and got 'too-many-decorators' (unknown-option-value)
************* Module pure3270
pure3270/__init__.py:116:0: C0413: Import "from .protocol.exceptions import MacroError" should be placed at the top of the module (wrong-import-position)
************* Module pure3270.exceptions
pure3270/exceptions.py:73:0: W0622: Redefining built-in 'ConnectionError' (redefined-builtin)
pure3270/exceptions.py:103:0: W0622: Redefining built-in 'TimeoutError' (redefined-builtin)
************* Module pure3270.session
pure3270/session.py:37:0: W0622: Redefining built-in 'ConnectionError' (redefined-builtin)
pure3270/session.py:59:4: R0917: Too many positional arguments (7/5) (too-many-positional-arguments)
pure3270/session.py:91:12: W0612: Unused variable 'loop' (unused-variable)
pure3270/session.py:179:44: W0622: Redefining built-in 'vars' (redefined-builtin)
pure3270/session.py:639:4: R0917: Too many positional arguments (7/5) (too-many-positional-arguments)
pure3270/session.py:720:8: W0612: Unused variable 'e' (unused-variable)
pure3270/session.py:922:54: W0622: Redefining built-in 'vars' (redefined-builtin)
pure3270/session.py:922:54: W0613: Unused argument 'vars' (unused-argument)
pure3270/session.py:1244:12: W0612: Unused variable 'data' (unused-variable)
pure3270/session.py:1250:12: W0612: Unused variable 'data' (unused-variable)
pure3270/session.py:1486:8: W0612: Unused variable 'sender' (unused-variable)
pure3270/session.py:1489:8: W0612: Unused variable 'AID_MAP' (unused-variable)
pure3270/session.py:2028:8: W0612: Unused variable 'end_col' (unused-variable)
pure3270/session.py:2036:13: W0612: Unused variable 'col' (unused-variable)
pure3270/session.py:2158:13: W0612: Unused variable 'col' (unused-variable)
pure3270/session.py:2169:8: W0612: Unused variable 'row' (unused-variable)
pure3270/session.py:2206:8: W0404: Reimport 'asyncio' (imported line 5) (reimported)
pure3270/session.py:2256:8: W0404: Reimport 'asyncio' (imported line 5) (reimported)
pure3270/session.py:2336:4: E0102: method already defined line 2320 (function-redefined)
pure3270/session.py:2410:8: W0404: Reimport 'asyncio' (imported line 5) (reimported)
pure3270/session.py:2436:8: W0404: Reimport 'os' (imported line 7) (reimported)
pure3270/session.py:2585:8: W0404: Reimport 'asyncio' (imported line 5) (reimported)
pure3270/session.py:1380:12: W0201: Attribute '_options' defined outside __init__ (attribute-defined-outside-init)
pure3270/session.py:2392:12: W0201: Attribute '_cookies' defined outside __init__ (attribute-defined-outside-init)
************* Module pure3270.emulation.buffer_writer
pure3270/emulation/buffer_writer.py:27:4: R0917: Too many positional arguments (6/5) (too-many-positional-arguments)
************* Module pure3270.emulation.printer_buffer
pure3270/emulation/printer_buffer.py:14:4: W0231: __init__ method from base class 'BufferWriter' is not called (super-init-not-called)
pure3270/emulation/printer_buffer.py:26:4: R0917: Too many positional arguments (6/5) (too-many-positional-arguments)
pure3270/emulation/printer_buffer.py:97:12: W0201: Attribute '_current_line' defined outside __init__ (attribute-defined-outside-init)
pure3270/emulation/printer_buffer.py:132:8: W0201: Attribute '_status' defined outside __init__ (attribute-defined-outside-init)
************* Module pure3270.emulation.screen_buffer
pure3270/emulation/screen_buffer.py:20:4: R0917: Too many positional arguments (15/5) (too-many-positional-arguments)
pure3270/emulation/screen_buffer.py:143:0: C0413: Import "from .buffer_writer import BufferWriter" should be placed at the top of the module (wrong-import-position)
pure3270/emulation/screen_buffer.py:151:4: W0231: __init__ method from base class 'BufferWriter' is not called (super-init-not-called)
pure3270/emulation/screen_buffer.py:205:4: R0917: Too many positional arguments (6/5) (too-many-positional-arguments)
pure3270/emulation/screen_buffer.py:246:56: W0613: Unused argument 'ebcdic_byte' (unused-argument)
pure3270/emulation/screen_buffer.py:282:12: R1724: Unnecessary "elif" after "continue", remove the leading "el" from "elif" (no-else-continue)
************* Module pure3270.protocol.errors
pure3270/protocol/errors.py:69:4: R1720: Unnecessary "else" after "raise", remove the "else" and de-indent the code inside it (no-else-raise)
pure3270/protocol/errors.py:84:8: R1720: Unnecessary "else" after "raise", remove the "else" and de-indent the code inside it (no-else-raise)
pure3270/protocol/errors.py:94:8: R1720: Unnecessary "else" after "raise", remove the "else" and de-indent the code inside it (no-else-raise)
************* Module pure3270.protocol.ssl_wrapper
pure3270/protocol/ssl_wrapper.py:19:4: W0105: String statement has no effect (pointless-string-statement)
************* Module pure3270.protocol.vt100_parser
pure3270/protocol/vt100_parser.py:180:15: R1714: Consider merging these comparisons with 'in' by using 'command in ('H', 'f')'. Use a set instead if elements are hashable. (consider-using-in)
************* Module pure3270.protocol.data_stream
pure3270/protocol/data_stream.py:681:9: W0511: TODO: Mark current field as modified in screen_buffer (fixme)
pure3270/protocol/data_stream.py:714:13: W0511: TODO: Implement SCS handling if needed (fixme)
pure3270/protocol/data_stream.py:908:9: W0511: TODO: More detailed parsing or error handling if needed (fixme)
pure3270/protocol/data_stream.py:1082:21: W0511: TODO: Parse additional PSC attributes if present (e.g., flags at sub_data[4:]) (fixme)
pure3270/protocol/data_stream.py:68:4: W0404: Reimport 'PrinterBuffer' (imported line 8) (reimported)
pure3270/protocol/data_stream.py:69:4: W0404: Reimport 'ScreenBuffer' (imported line 9) (reimported)
pure3270/protocol/data_stream.py:412:12: W0706: The except handler raises immediately (try-except-raise)
pure3270/protocol/data_stream.py:503:12: R1720: Unnecessary "else" after "raise", remove the "else" and de-indent the code inside it (no-else-raise)
pure3270/protocol/data_stream.py:672:12: W0612: Unused variable 'i' (unused-variable)
pure3270/protocol/data_stream.py:1055:8: R1730: Consider using 'expected_end = min(expected_end, len(parser._data))' instead of unnecessary if block (consider-using-min-builtin)
************* Module pure3270.protocol.printer
pure3270/protocol/printer.py:235:11: R1714: Consider merging these comparisons with 'in' by using 'header.data_type in (SCS_DATA, TN3270E_SCS_CTL_CODES)'. Use a set instead if elements are hashable. (consider-using-in)
************* Module pure3270.protocol.utils
pure3270/protocol/utils.py:284:16: R1724: Unnecessary "elif" after "continue", remove the leading "el" from "elif" (no-else-continue)
pure3270/protocol/utils.py:316:0: C0413: Import "from typing import Optional" should be placed at the top of the module (wrong-import-position)
pure3270/protocol/utils.py:386:8: R1730: Consider using 'self._pos = min(self._pos, len(self._text))' instead of unnecessary if block (consider-using-min-builtin)
************* Module pure3270.protocol.negotiator
pure3270/protocol/negotiator.py:46:0: C0413: Import "from .tn3270e_header import TN3270EHeader" should be placed at the top of the module (wrong-import-position)
pure3270/protocol/negotiator.py:47:0: W0404: Reimport 'TN3270E_RSF_ERROR_RESPONSE' (imported line 29) (reimported)
pure3270/protocol/negotiator.py:47:0: W0404: Reimport 'TN3270E_RSF_NEGATIVE_RESPONSE' (imported line 29) (reimported)
pure3270/protocol/negotiator.py:47:0: W0404: Reimport 'TN3270E_RSF_POSITIVE_RESPONSE' (imported line 29) (reimported)
pure3270/protocol/negotiator.py:47:0: C0413: Import "from .utils import BIND_IMAGE, NVT_DATA, PRINT_EOJ, REQUEST, RESPONSE, SCS_DATA, SSCP_LU_DATA, TN3270_DATA, TN3270E_RSF_ALWAYS_RESPONSE, TN3270E_RSF_ERROR_RESPONSE, TN3270E_RSF_NEGATIVE_RESPONSE, TN3270E_RSF_NO_RESPONSE, TN3270E_RSF_POSITIVE_RESPONSE, UNBIND" should be placed at the top of the module (wrong-import-position)
pure3270/protocol/negotiator.py:71:4: R0917: Too many positional arguments (9/5) (too-many-positional-arguments)
pure3270/protocol/negotiator.py:584:8: W0105: String statement has no effect (pointless-string-statement)
pure3270/protocol/negotiator.py:843:8: W0404: Reimport 'asyncio' (imported line 6) (reimported)
pure3270/protocol/negotiator.py:954:16: E0213: Method '__await__' should have "self" as first argument (no-self-argument)
pure3270/protocol/negotiator.py:905:12: W0612: Unused variable 'offset' (unused-variable)
pure3270/protocol/negotiator.py:1037:8: W0612: Unused variable 'message_subtype' (unused-variable)
pure3270/protocol/negotiator.py:1267:8: W0105: String statement has no effect (pointless-string-statement)
************* Module pure3270.protocol.tn3270_handler
pure3270/protocol/tn3270_handler.py:29:0: C0413: Import "import inspect" should be placed at the top of the module (wrong-import-position)
pure3270/protocol/tn3270_handler.py:133:8: W0613: Unused argument 'ssl_context' (unused-argument)
pure3270/protocol/tn3270_handler.py:187:4: R0917: Too many positional arguments (11/5) (too-many-positional-arguments)
pure3270/protocol/tn3270_handler.py:276:12: W0706: The except handler raises immediately (try-except-raise)
pure3270/protocol/tn3270_handler.py:519:12: W0603: Using the global statement (global-statement)
pure3270/protocol/tn3270_handler.py:310:20: W0201: Attribute '_negotiation_trace' defined outside __init__ (attribute-defined-outside-init)
pure3270/protocol/tn3270_handler.py:372:20: W0201: Attribute '_negotiation_trace' defined outside __init__ (attribute-defined-outside-init)
************* Module pure3270.patching.s3270_wrapper
pure3270/patching/s3270_wrapper.py:496:4: R0917: Too many positional arguments (13/5) (too-many-positional-arguments)
************* Module pure3270.patching.patching
pure3270/patching/patching.py:110:14: W0613: Unused argument 'module' (unused-argument)
pure3270/patching/patching.py:153:16: W0404: Reimport 'Pure3270S3270Wrapper' (imported line 14) (reimported)
pure3270/patching/patching.py:128:8: W0613: Unused argument 'patch_commands' (unused-argument)
************* Module tests.test_data_stream
tests/test_data_stream.py:274:0: W0311: Bad indentation. Found 12 spaces, expected 8 (bad-indentation)
tests/test_data_stream.py:275:0: W0311: Bad indentation. Found 12 spaces, expected 8 (bad-indentation)
tests/test_data_stream.py:276:0: C0303: Trailing whitespace (trailing-whitespace)
tests/test_data_stream.py:277:58: C0303: Trailing whitespace (trailing-whitespace)
tests/test_data_stream.py:278:0: W0311: Bad indentation. Found 12 spaces, expected 8 (bad-indentation)
tests/test_data_stream.py:279:0: W0311: Bad indentation. Found 12 spaces, expected 8 (bad-indentation)
tests/test_data_stream.py:280:0: C0303: Trailing whitespace (trailing-whitespace)
tests/test_data_stream.py:281:0: W0311: Bad indentation. Found 12 spaces, expected 8 (bad-indentation)
tests/test_data_stream.py:283:0: W0311: Bad indentation. Found 12 spaces, expected 8 (bad-indentation)
tests/test_data_stream.py:284:0: W0311: Bad indentation. Found 12 spaces, expected 8 (bad-indentation)
tests/test_data_stream.py:285:0: C0303: Trailing whitespace (trailing-whitespace)
tests/test_data_stream.py:286:0: W0311: Bad indentation. Found 12 spaces, expected 8 (bad-indentation)
tests/test_data_stream.py:287:0: W0311: Bad indentation. Found 16 spaces, expected 12 (bad-indentation)
tests/test_data_stream.py:288:0: W0311: Bad indentation. Found 20 spaces, expected 16 (bad-indentation)
tests/test_data_stream.py:289:0: W0311: Bad indentation. Found 20 spaces, expected 16 (bad-indentation)
tests/test_data_stream.py:290:0: W0311: Bad indentation. Found 20 spaces, expected 16 (bad-indentation)
tests/test_data_stream.py:296:0: W0311: Bad indentation. Found 20 spaces, expected 16 (bad-indentation)
tests/test_data_stream.py:297:0: W0311: Bad indentation. Found 12 spaces, expected 8 (bad-indentation)
tests/test_data_stream.py:299:0: W0311: Bad indentation. Found 16 spaces, expected 12 (bad-indentation)
tests/test_data_stream.py:302:0: W0311: Bad indentation. Found 12 spaces, expected 8 (bad-indentation)
tests/test_data_stream.py:303:0: W0311: Bad indentation. Found 12 spaces, expected 8 (bad-indentation)
tests/test_data_stream.py:304:0: W0311: Bad indentation. Found 12 spaces, expected 8 (bad-indentation)
tests/test_data_stream.py:306:0: W0311: Bad indentation. Found 12 spaces, expected 8 (bad-indentation)
tests/test_data_stream.py:307:0: C0303: Trailing whitespace (trailing-whitespace)
tests/test_data_stream.py:309:0: W0311: Bad indentation. Found 12 spaces, expected 8 (bad-indentation)
tests/test_data_stream.py:311:0: W0311: Bad indentation. Found 12 spaces, expected 8 (bad-indentation)
tests/test_data_stream.py:312:0: W0311: Bad indentation. Found 12 spaces, expected 8 (bad-indentation)
tests/test_data_stream.py:313:0: C0303: Trailing whitespace (trailing-whitespace)
tests/test_data_stream.py:314:0: W0311: Bad indentation. Found 12 spaces, expected 8 (bad-indentation)
tests/test_data_stream.py:315:0: W0311: Bad indentation. Found 16 spaces, expected 12 (bad-indentation)
tests/test_data_stream.py:316:0: W0311: Bad indentation. Found 16 spaces, expected 12 (bad-indentation)
tests/test_data_stream.py:317:0: W0311: Bad indentation. Found 12 spaces, expected 8 (bad-indentation)
tests/test_data_stream.py:319:0: W0311: Bad indentation. Found 16 spaces, expected 12 (bad-indentation)
tests/test_data_stream.py:320:0: C0303: Trailing whitespace (trailing-whitespace)
tests/test_data_stream.py:321:0: W0311: Bad indentation. Found 12 spaces, expected 8 (bad-indentation)
tests/test_data_stream.py:412:65: C0303: Trailing whitespace (trailing-whitespace)
tests/test_data_stream.py:33:44: W0613: Unused argument 'memory_limit_500mb' (unused-argument)
tests/test_data_stream.py:40:49: W0613: Unused argument 'memory_limit_500mb' (unused-argument)
tests/test_data_stream.py:90:93: W0612: Unused variable 'mock_get_pos' (unused-variable)
tests/test_data_stream.py:278:12: W0404: Reimport 'MagicMock' (imported line 2) (reimported)
tests/test_data_stream.py:302:12: W0404: Reimport 'TN3270_DATA' (imported line 24) (reimported)
tests/test_data_stream.py:303:12: W0404: Reimport 'MagicMock' (imported line 2) (reimported)
tests/test_data_stream.py:415:51: W0613: Unused argument 'self' (unused-argument)
tests/test_data_stream.py:445:57: W0613: Unused argument 'self' (unused-argument)
tests/test_data_stream.py:472:59: W0613: Unused argument 'self' (unused-argument)
tests/test_data_stream.py:490:62: W0613: Unused argument 'self' (unused-argument)
tests/test_data_stream.py:509:8: W0404: Reimport 'SNA_RESPONSE_SF_TYPE' (imported line 8) (reimported)
tests/test_data_stream.py:508:55: W0613: Unused argument 'self' (unused-argument)
tests/test_data_stream.py:545:44: W0613: Unused argument 'self' (unused-argument)
tests/test_data_stream.py:555:31: W0613: Unused argument 'self' (unused-argument)
tests/test_data_stream.py:566:51: W0613: Unused argument 'self' (unused-argument)
tests/test_data_stream.py:579:58: W0613: Unused argument 'self' (unused-argument)
tests/test_data_stream.py:601:60: W0613: Unused argument 'self' (unused-argument)
tests/test_data_stream.py:616:56: W0613: Unused argument 'self' (unused-argument)
tests/test_data_stream.py:405:109: W0612: Unused variable 'mock_get_pos' (unused-variable)
tests/test_data_stream.py:406:68: W0612: Unused variable 'mock_set_pos' (unused-variable)
tests/test_data_stream.py:415:4: W0612: Unused variable 'test_parse_sna_response_data_type_positive' (unused-variable)
tests/test_data_stream.py:445:4: W0612: Unused variable 'test_parse_sna_response_data_type_negative_first' (unused-variable)
tests/test_data_stream.py:472:4: W0612: Unused variable 'test_parse_sna_response_data_type_incomplete_first' (unused-variable)
tests/test_data_stream.py:490:4: W0612: Unused variable 'test_parse_sna_response_data_type_only_type_and_flags' (unused-variable)
tests/test_data_stream.py:508:4: W0612: Unused variable 'test_parse_sna_response_structured_field_first' (unused-variable)
tests/test_data_stream.py:545:4: W0612: Unused variable 'test_parse_printer_status_data_type' (unused-variable)
tests/test_data_stream.py:555:4: W0612: Unused variable 'test_parse_soh_message' (unused-variable)
tests/test_data_stream.py:566:4: W0612: Unused variable 'test_parse_printer_status_structured_field' (unused-variable)
tests/test_data_stream.py:579:4: W0612: Unused variable 'test_parse_sna_response_data_type_negative_second' (unused-variable)
tests/test_data_stream.py:601:4: W0612: Unused variable 'test_parse_sna_response_data_type_incomplete_second' (unused-variable)
tests/test_data_stream.py:616:4: W0612: Unused variable 'test_parse_sna_response_structured_field_second' (unused-variable)
************* Module simple_mock_test
simple_mock_test.py:10:0: E0102: function already defined line 4 (function-redefined)
simple_mock_test.py:31:0: W0105: String statement has no effect (pointless-string-statement)
simple_mock_test.py:35:0: C0413: Import "import asyncio" should be placed at the top of the module (wrong-import-position)
simple_mock_test.py:36:0: C0413: Import "import os" should be placed at the top of the module (wrong-import-position)
simple_mock_test.py:37:0: C0413: Import "import sys" should be placed at the top of the module (wrong-import-position)
simple_mock_test.py:42:0: C0413: Import "from integration_test import test_with_mock_server" should be placed at the top of the module (wrong-import-position)
************* Module tests.test_printer
tests/test_printer.py:19:32: W0613: Unused argument 'memory_limit_500mb' (unused-argument)
tests/test_printer.py:28:32: W0613: Unused argument 'memory_limit_500mb' (unused-argument)
tests/test_printer.py:34:28: W0613: Unused argument 'memory_limit_500mb' (unused-argument)
tests/test_printer.py:48:32: W0613: Unused argument 'memory_limit_500mb' (unused-argument)
tests/test_printer.py:57:29: W0613: Unused argument 'memory_limit_500mb' (unused-argument)
tests/test_printer.py:66:32: W0613: Unused argument 'memory_limit_500mb' (unused-argument)
tests/test_printer.py:77:34: W0613: Unused argument 'memory_limit_500mb' (unused-argument)
tests/test_printer.py:89:33: W0613: Unused argument 'memory_limit_500mb' (unused-argument)
tests/test_printer.py:97:24: W0613: Unused argument 'memory_limit_500mb' (unused-argument)
tests/test_printer.py:109:24: W0613: Unused argument 'memory_limit_500mb' (unused-argument)
tests/test_printer.py:117:39: W0613: Unused argument 'memory_limit_500mb' (unused-argument)
tests/test_printer.py:129:33: W0613: Unused argument 'memory_limit_500mb' (unused-argument)
tests/test_printer.py:139:52: W0613: Unused argument 'memory_limit_500mb' (unused-argument)
tests/test_printer.py:146:32: W0613: Unused argument 'memory_limit_500mb' (unused-argument)
tests/test_printer.py:158:36: W0613: Unused argument 'memory_limit_500mb' (unused-argument)
tests/test_printer.py:176:55: W0613: Unused argument 'memory_limit_500mb' (unused-argument)
tests/test_printer.py:186:35: W0613: Unused argument 'memory_limit_500mb' (unused-argument)
tests/test_printer.py:196:38: W0613: Unused argument 'memory_limit_500mb' (unused-argument)
tests/test_printer.py:212:38: W0613: Unused argument 'memory_limit_500mb' (unused-argument)
tests/test_printer.py:241:40: W0613: Unused argument 'memory_limit_500mb' (unused-argument)
tests/test_printer.py:260:43: W0613: Unused argument 'memory_limit_500mb' (unused-argument)
tests/test_printer.py:276:51: W0613: Unused argument 'memory_limit_500mb' (unused-argument)
tests/test_printer.py:284:52: W0613: Unused argument 'memory_limit_500mb' (unused-argument)
tests/test_printer.py:298:58: W0613: Unused argument 'memory_limit_500mb' (unused-argument)
tests/test_printer.py:318:61: W0613: Unused argument 'memory_limit_500mb' (unused-argument)
tests/test_printer.py:340:24: W0613: Unused argument 'memory_limit_500mb' (unused-argument)

------------------------------------------------------------------
Your code has been rated at 9.67/10 (previous run: 9.77/10, -0.09)

Exception ignored in: <generator object raise_if_nothing_inferred.<locals>.inner at 0x7f4198427e40>
Traceback (most recent call last):
  File "/usr/local/py-utils/venvs/pylint/lib/python3.12/site-packages/astroid/decorators.py", line 99, in inner
    yield from generator
ValueError: generator already executing
************* Module /workspaces/pure3270/.pylintrc
.pylintrc:1:0: W0012: Unknown option value for '--disable', expected a valid pylint message and got 'too-many-decorators' (unknown-option-value)
************* Module pure3270
pure3270/__init__.py:116:0: C0413: Import "from .protocol.exceptions import MacroError" should be placed at the top of the module (wrong-import-position)
************* Module pure3270.exceptions
pure3270/exceptions.py:73:0: W0622: Redefining built-in 'ConnectionError' (redefined-builtin)
pure3270/exceptions.py:103:0: W0622: Redefining built-in 'TimeoutError' (redefined-builtin)
************* Module pure3270.session
pure3270/session.py:37:0: W0622: Redefining built-in 'ConnectionError' (redefined-builtin)
pure3270/session.py:59:4: R0917: Too many positional arguments (7/5) (too-many-positional-arguments)
pure3270/session.py:91:12: W0612: Unused variable 'loop' (unused-variable)
pure3270/session.py:179:44: W0622: Redefining built-in 'vars' (redefined-builtin)
pure3270/session.py:639:4: R0917: Too many positional arguments (7/5) (too-many-positional-arguments)
pure3270/session.py:720:8: W0612: Unused variable 'e' (unused-variable)
pure3270/session.py:922:54: W0622: Redefining built-in 'vars' (redefined-builtin)
pure3270/session.py:922:54: W0613: Unused argument 'vars' (unused-argument)
pure3270/session.py:1244:12: W0612: Unused variable 'data' (unused-variable)
pure3270/session.py:1250:12: W0612: Unused variable 'data' (unused-variable)
pure3270/session.py:1486:8: W0612: Unused variable 'sender' (unused-variable)
pure3270/session.py:1489:8: W0612: Unused variable 'AID_MAP' (unused-variable)
pure3270/session.py:2028:8: W0612: Unused variable 'end_col' (unused-variable)
pure3270/session.py:2036:13: W0612: Unused variable 'col' (unused-variable)
pure3270/session.py:2158:13: W0612: Unused variable 'col' (unused-variable)
pure3270/session.py:2169:8: W0612: Unused variable 'row' (unused-variable)
pure3270/session.py:2206:8: W0404: Reimport 'asyncio' (imported line 5) (reimported)
pure3270/session.py:2256:8: W0404: Reimport 'asyncio' (imported line 5) (reimported)
pure3270/session.py:2336:4: E0102: method already defined line 2320 (function-redefined)
pure3270/session.py:2410:8: W0404: Reimport 'asyncio' (imported line 5) (reimported)
pure3270/session.py:2436:8: W0404: Reimport 'os' (imported line 7) (reimported)
pure3270/session.py:2585:8: W0404: Reimport 'asyncio' (imported line 5) (reimported)
pure3270/session.py:1380:12: W0201: Attribute '_options' defined outside __init__ (attribute-defined-outside-init)
pure3270/session.py:2392:12: W0201: Attribute '_cookies' defined outside __init__ (attribute-defined-outside-init)
************* Module pure3270.emulation.buffer_writer
pure3270/emulation/buffer_writer.py:27:4: R0917: Too many positional arguments (6/5) (too-many-positional-arguments)
************* Module pure3270.emulation.printer_buffer
pure3270/emulation/printer_buffer.py:14:4: W0231: __init__ method from base class 'BufferWriter' is not called (super-init-not-called)
pure3270/emulation/printer_buffer.py:26:4: R0917: Too many positional arguments (6/5) (too-many-positional-arguments)
pure3270/emulation/printer_buffer.py:97:12: W0201: Attribute '_current_line' defined outside __init__ (attribute-defined-outside-init)
pure3270/emulation/printer_buffer.py:132:8: W0201: Attribute '_status' defined outside __init__ (attribute-defined-outside-init)
************* Module pure3270.emulation.screen_buffer
pure3270/emulation/screen_buffer.py:20:4: R0917: Too many positional arguments (15/5) (too-many-positional-arguments)
pure3270/emulation/screen_buffer.py:143:0: C0413: Import "from .buffer_writer import BufferWriter" should be placed at the top of the module (wrong-import-position)
pure3270/emulation/screen_buffer.py:151:4: W0231: __init__ method from base class 'BufferWriter' is not called (super-init-not-called)
pure3270/emulation/screen_buffer.py:205:4: R0917: Too many positional arguments (6/5) (too-many-positional-arguments)
pure3270/emulation/screen_buffer.py:246:56: W0613: Unused argument 'ebcdic_byte' (unused-argument)
pure3270/emulation/screen_buffer.py:282:12: R1724: Unnecessary "elif" after "continue", remove the leading "el" from "elif" (no-else-continue)
************* Module pure3270.protocol.errors
pure3270/protocol/errors.py:69:4: R1720: Unnecessary "else" after "raise", remove the "else" and de-indent the code inside it (no-else-raise)
pure3270/protocol/errors.py:84:8: R1720: Unnecessary "else" after "raise", remove the "else" and de-indent the code inside it (no-else-raise)
pure3270/protocol/errors.py:94:8: R1720: Unnecessary "else" after "raise", remove the "else" and de-indent the code inside it (no-else-raise)
************* Module pure3270.protocol.ssl_wrapper
pure3270/protocol/ssl_wrapper.py:19:4: W0105: String statement has no effect (pointless-string-statement)
************* Module pure3270.protocol.vt100_parser
pure3270/protocol/vt100_parser.py:180:15: R1714: Consider merging these comparisons with 'in' by using 'command in ('H', 'f')'. Use a set instead if elements are hashable. (consider-using-in)
************* Module pure3270.protocol.data_stream
pure3270/protocol/data_stream.py:681:9: W0511: TODO: Mark current field as modified in screen_buffer (fixme)
pure3270/protocol/data_stream.py:714:13: W0511: TODO: Implement SCS handling if needed (fixme)
pure3270/protocol/data_stream.py:908:9: W0511: TODO: More detailed parsing or error handling if needed (fixme)
pure3270/protocol/data_stream.py:1082:21: W0511: TODO: Parse additional PSC attributes if present (e.g., flags at sub_data[4:]) (fixme)
pure3270/protocol/data_stream.py:68:4: W0404: Reimport 'PrinterBuffer' (imported line 8) (reimported)
pure3270/protocol/data_stream.py:69:4: W0404: Reimport 'ScreenBuffer' (imported line 9) (reimported)
pure3270/protocol/data_stream.py:412:12: W0706: The except handler raises immediately (try-except-raise)
pure3270/protocol/data_stream.py:503:12: R1720: Unnecessary "else" after "raise", remove the "else" and de-indent the code inside it (no-else-raise)
pure3270/protocol/data_stream.py:672:12: W0612: Unused variable 'i' (unused-variable)
pure3270/protocol/data_stream.py:1055:8: R1730: Consider using 'expected_end = min(expected_end, len(parser._data))' instead of unnecessary if block (consider-using-min-builtin)
************* Module pure3270.protocol.printer
pure3270/protocol/printer.py:235:11: R1714: Consider merging these comparisons with 'in' by using 'header.data_type in (SCS_DATA, TN3270E_SCS_CTL_CODES)'. Use a set instead if elements are hashable. (consider-using-in)
************* Module pure3270.protocol.utils
pure3270/protocol/utils.py:284:16: R1724: Unnecessary "elif" after "continue", remove the leading "el" from "elif" (no-else-continue)
pure3270/protocol/utils.py:316:0: C0413: Import "from typing import Optional" should be placed at the top of the module (wrong-import-position)
pure3270/protocol/utils.py:386:8: R1730: Consider using 'self._pos = min(self._pos, len(self._text))' instead of unnecessary if block (consider-using-min-builtin)
************* Module pure3270.protocol.negotiator
pure3270/protocol/negotiator.py:46:0: C0413: Import "from .tn3270e_header import TN3270EHeader" should be placed at the top of the module (wrong-import-position)
pure3270/protocol/negotiator.py:47:0: W0404: Reimport 'TN3270E_RSF_ERROR_RESPONSE' (imported line 29) (reimported)
pure3270/protocol/negotiator.py:47:0: W0404: Reimport 'TN3270E_RSF_NEGATIVE_RESPONSE' (imported line 29) (reimported)
pure3270/protocol/negotiator.py:47:0: W0404: Reimport 'TN3270E_RSF_POSITIVE_RESPONSE' (imported line 29) (reimported)
pure3270/protocol/negotiator.py:47:0: C0413: Import "from .utils import BIND_IMAGE, NVT_DATA, PRINT_EOJ, REQUEST, RESPONSE, SCS_DATA, SSCP_LU_DATA, TN3270_DATA, TN3270E_RSF_ALWAYS_RESPONSE, TN3270E_RSF_ERROR_RESPONSE, TN3270E_RSF_NEGATIVE_RESPONSE, TN3270E_RSF_NO_RESPONSE, TN3270E_RSF_POSITIVE_RESPONSE, UNBIND" should be placed at the top of the module (wrong-import-position)
pure3270/protocol/negotiator.py:71:4: R0917: Too many positional arguments (9/5) (too-many-positional-arguments)
pure3270/protocol/negotiator.py:584:8: W0105: String statement has no effect (pointless-string-statement)
pure3270/protocol/negotiator.py:843:8: W0404: Reimport 'asyncio' (imported line 6) (reimported)
pure3270/protocol/negotiator.py:954:16: E0213: Method '__await__' should have "self" as first argument (no-self-argument)
pure3270/protocol/negotiator.py:905:12: W0612: Unused variable 'offset' (unused-variable)
pure3270/protocol/negotiator.py:1037:8: W0612: Unused variable 'message_subtype' (unused-variable)
pure3270/protocol/negotiator.py:1267:8: W0105: String statement has no effect (pointless-string-statement)
************* Module pure3270.protocol.tn3270_handler
pure3270/protocol/tn3270_handler.py:29:0: C0413: Import "import inspect" should be placed at the top of the module (wrong-import-position)
pure3270/protocol/tn3270_handler.py:133:8: W0613: Unused argument 'ssl_context' (unused-argument)
pure3270/protocol/tn3270_handler.py:187:4: R0917: Too many positional arguments (11/5) (too-many-positional-arguments)
pure3270/protocol/tn3270_handler.py:276:12: W0706: The except handler raises immediately (try-except-raise)
pure3270/protocol/tn3270_handler.py:519:12: W0603: Using the global statement (global-statement)
pure3270/protocol/tn3270_handler.py:310:20: W0201: Attribute '_negotiation_trace' defined outside __init__ (attribute-defined-outside-init)
pure3270/protocol/tn3270_handler.py:372:20: W0201: Attribute '_negotiation_trace' defined outside __init__ (attribute-defined-outside-init)
************* Module pure3270.patching.s3270_wrapper
pure3270/patching/s3270_wrapper.py:496:4: R0917: Too many positional arguments (13/5) (too-many-positional-arguments)
************* Module pure3270.patching.patching
pure3270/patching/patching.py:110:14: W0613: Unused argument 'module' (unused-argument)
pure3270/patching/patching.py:153:16: W0404: Reimport 'Pure3270S3270Wrapper' (imported line 14) (reimported)
pure3270/patching/patching.py:128:8: W0613: Unused argument 'patch_commands' (unused-argument)
************* Module tests.test_negotiator_missing_coverage
tests/test_negotiator_missing_coverage.py:28:25: W0613: Unused argument 'memory_limit_500mb' (unused-argument)
tests/test_negotiator_missing_coverage.py:34:26: W0613: Unused argument 'memory_limit_500mb' (unused-argument)
tests/test_negotiator_missing_coverage.py:60:26: W0613: Unused argument 'memory_limit_500mb' (unused-argument)
tests/test_negotiator_missing_coverage.py:71:26: W0613: Unused argument 'memory_limit_500mb' (unused-argument)
tests/test_negotiator_missing_coverage.py:80:26: W0613: Unused argument 'memory_limit_500mb' (unused-argument)
tests/test_negotiator_missing_coverage.py:87:26: W0613: Unused argument 'memory_limit_500mb' (unused-argument)
tests/test_negotiator_missing_coverage.py:93:48: W0613: Unused argument 'memory_limit_500mb' (unused-argument)
tests/test_negotiator_missing_coverage.py:106:57: W0613: Unused argument 'memory_limit_500mb' (unused-argument)
tests/test_negotiator_missing_coverage.py:115:55: W0613: Unused argument 'memory_limit_500mb' (unused-argument)
tests/test_negotiator_missing_coverage.py:120:51: W0613: Unused argument 'memory_limit_500mb' (unused-argument)
tests/test_negotiator_missing_coverage.py:125:51: W0613: Unused argument 'memory_limit_500mb' (unused-argument)
tests/test_negotiator_missing_coverage.py:132:26: W0613: Unused argument 'memory_limit_500mb' (unused-argument)
tests/test_negotiator_missing_coverage.py:142:26: W0613: Unused argument 'memory_limit_500mb' (unused-argument)
tests/test_negotiator_missing_coverage.py:149:67: W0613: Unused argument 'memory_limit_500mb' (unused-argument)
tests/test_negotiator_missing_coverage.py:154:26: W0613: Unused argument 'memory_limit_500mb' (unused-argument)
tests/test_negotiator_missing_coverage.py:162:26: W0613: Unused argument 'memory_limit_500mb' (unused-argument)
tests/test_negotiator_missing_coverage.py:170:26: W0613: Unused argument 'memory_limit_500mb' (unused-argument)
************* Module tests.test_field_modification
tests/test_field_modification.py:13:14: W0613: Unused argument 'memory_limit_500mb' (unused-argument)
tests/test_field_modification.py:38:55: W0613: Unused argument 'memory_limit_500mb' (unused-argument)
tests/test_field_modification.py:57:46: W0613: Unused argument 'memory_limit_500mb' (unused-argument)

-----------------------------------
Your code has been rated at 9.80/10
